{"C:\\Hactive8\\WARSAW-FOX\\fase-3\\finalProject\\server\\h8-kulioh-client-server\\app.js": {"path":"C:\\Hactive8\\WARSAW-FOX\\fase-3\\finalProject\\server\\h8-kulioh-client-server\\app.js","statementMap":{"0":{"start":{"line":1,"column":13},"end":{"line":1,"column":28}},"1":{"start":{"line":2,"column":0},"end":{"line":2,"column":26}},"2":{"start":{"line":3,"column":16},"end":{"line":3,"column":34}},"3":{"start":{"line":4,"column":12},"end":{"line":4,"column":21}},"4":{"start":{"line":5,"column":13},"end":{"line":5,"column":37}},"5":{"start":{"line":6,"column":15},"end":{"line":6,"column":41}},"6":{"start":{"line":8,"column":0},"end":{"line":8,"column":15}},"7":{"start":{"line":9,"column":0},"end":{"line":9,"column":45}},"8":{"start":{"line":10,"column":0},"end":{"line":10,"column":23}},"9":{"start":{"line":12,"column":0},"end":{"line":12,"column":20}},"10":{"start":{"line":14,"column":0},"end":{"line":16,"column":1}}},"fnMap":{},"branchMap":{"0":{"loc":{"start":{"line":5,"column":13},"end":{"line":5,"column":37}},"type":"binary-expr","locations":[{"start":{"line":5,"column":13},"end":{"line":5,"column":29}},{"start":{"line":5,"column":33},"end":{"line":5,"column":37}}],"line":5}},"s":{"0":1,"1":1,"2":1,"3":1,"4":1,"5":1,"6":1,"7":1,"8":1,"9":1,"10":1},"f":{},"b":{"0":[1,1]},"_coverageSchema":"1a1c01bbd47fc00a2c39e90264f33305004495a9","hash":"8f6bf6bc58202519139e25c13d3a79212cbc76c9"}
,"C:\\Hactive8\\WARSAW-FOX\\fase-3\\finalProject\\server\\h8-kulioh-client-server\\controllers\\chapters.js": {"path":"C:\\Hactive8\\WARSAW-FOX\\fase-3\\finalProject\\server\\h8-kulioh-client-server\\controllers\\chapters.js","statementMap":{"0":{"start":{"line":1,"column":20},"end":{"line":1,"column":46}},"1":{"start":{"line":5,"column":4},"end":{"line":11,"column":5}},"2":{"start":{"line":6,"column":26},"end":{"line":6,"column":49}},"3":{"start":{"line":8,"column":6},"end":{"line":8,"column":40}},"4":{"start":{"line":10,"column":6},"end":{"line":10,"column":25}},"5":{"start":{"line":15,"column":0},"end":{"line":17,"column":2}}},"fnMap":{"0":{"name":"(anonymous_0)","decl":{"start":{"line":4,"column":2},"end":{"line":4,"column":3}},"loc":{"start":{"line":4,"column":43},"end":{"line":12,"column":3}},"line":4}},"branchMap":{},"s":{"0":1,"1":0,"2":0,"3":0,"4":0,"5":1},"f":{"0":0},"b":{},"_coverageSchema":"1a1c01bbd47fc00a2c39e90264f33305004495a9","hash":"b51ec6140b599f07a238b9cdd74f157b38fede3e"}
,"C:\\Hactive8\\WARSAW-FOX\\fase-3\\finalProject\\server\\h8-kulioh-client-server\\controllers\\majors.js": {"path":"C:\\Hactive8\\WARSAW-FOX\\fase-3\\finalProject\\server\\h8-kulioh-client-server\\controllers\\majors.js","statementMap":{"0":{"start":{"line":1,"column":30},"end":{"line":1,"column":56}},"1":{"start":{"line":5,"column":4},"end":{"line":28,"column":5}},"2":{"start":{"line":6,"column":31},"end":{"line":6,"column":40}},"3":{"start":{"line":8,"column":20},"end":{"line":11,"column":7}},"4":{"start":{"line":13,"column":6},"end":{"line":17,"column":7}},"5":{"start":{"line":14,"column":8},"end":{"line":16,"column":10}},"6":{"start":{"line":19,"column":23},"end":{"line":19,"column":51}},"7":{"start":{"line":21,"column":6},"end":{"line":23,"column":7}},"8":{"start":{"line":22,"column":8},"end":{"line":22,"column":45}},"9":{"start":{"line":25,"column":6},"end":{"line":25,"column":37}},"10":{"start":{"line":27,"column":6},"end":{"line":27,"column":25}},"11":{"start":{"line":32,"column":0},"end":{"line":34,"column":2}}},"fnMap":{"0":{"name":"(anonymous_0)","decl":{"start":{"line":4,"column":2},"end":{"line":4,"column":3}},"loc":{"start":{"line":4,"column":40},"end":{"line":29,"column":3}},"line":4}},"branchMap":{"0":{"loc":{"start":{"line":13,"column":6},"end":{"line":17,"column":7}},"type":"if","locations":[{"start":{"line":13,"column":6},"end":{"line":17,"column":7}},{"start":{},"end":{}}],"line":13},"1":{"loc":{"start":{"line":21,"column":6},"end":{"line":23,"column":7}},"type":"if","locations":[{"start":{"line":21,"column":6},"end":{"line":23,"column":7}},{"start":{},"end":{}}],"line":21}},"s":{"0":1,"1":0,"2":0,"3":0,"4":0,"5":0,"6":0,"7":0,"8":0,"9":0,"10":0,"11":1},"f":{"0":0},"b":{"0":[0,0],"1":[0,0]},"_coverageSchema":"1a1c01bbd47fc00a2c39e90264f33305004495a9","hash":"0790f89c3f2d1cb40a8d7596bfd0fa81fe57ecec"}
,"C:\\Hactive8\\WARSAW-FOX\\fase-3\\finalProject\\server\\h8-kulioh-client-server\\controllers\\question.js": {"path":"C:\\Hactive8\\WARSAW-FOX\\fase-3\\finalProject\\server\\h8-kulioh-client-server\\controllers\\question.js","statementMap":{"0":{"start":{"line":1,"column":48},"end":{"line":1,"column":68}},"1":{"start":{"line":5,"column":4},"end":{"line":18,"column":5}},"2":{"start":{"line":6,"column":24},"end":{"line":14,"column":8}},"3":{"start":{"line":15,"column":6},"end":{"line":15,"column":38}},"4":{"start":{"line":17,"column":6},"end":{"line":17,"column":16}},"5":{"start":{"line":22,"column":4},"end":{"line":39,"column":5}},"6":{"start":{"line":23,"column":41},"end":{"line":23,"column":49}},"7":{"start":{"line":25,"column":23},"end":{"line":31,"column":8}},"8":{"start":{"line":26,"column":8},"end":{"line":30,"column":10}},"9":{"start":{"line":33,"column":21},"end":{"line":33,"column":56}},"10":{"start":{"line":34,"column":6},"end":{"line":34,"column":35}},"11":{"start":{"line":37,"column":6},"end":{"line":37,"column":23}},"12":{"start":{"line":38,"column":6},"end":{"line":38,"column":16}},"13":{"start":{"line":43,"column":4},"end":{"line":74,"column":5}},"14":{"start":{"line":44,"column":27},"end":{"line":44,"column":37}},"15":{"start":{"line":45,"column":21},"end":{"line":45,"column":32}},"16":{"start":{"line":46,"column":23},"end":{"line":51,"column":8}},"17":{"start":{"line":54,"column":8},"end":{"line":58,"column":20}},"18":{"start":{"line":61,"column":23},"end":{"line":63,"column":7}},"19":{"start":{"line":62,"column":16},"end":{"line":62,"column":53}},"20":{"start":{"line":65,"column":6},"end":{"line":67,"column":7}},"21":{"start":{"line":66,"column":8},"end":{"line":66,"column":47}},"22":{"start":{"line":68,"column":6},"end":{"line":68,"column":39}},"23":{"start":{"line":70,"column":6},"end":{"line":72,"column":8}},"24":{"start":{"line":73,"column":6},"end":{"line":73,"column":25}},"25":{"start":{"line":78,"column":0},"end":{"line":80,"column":2}}},"fnMap":{"0":{"name":"(anonymous_0)","decl":{"start":{"line":4,"column":2},"end":{"line":4,"column":3}},"loc":{"start":{"line":4,"column":48},"end":{"line":19,"column":3}},"line":4},"1":{"name":"(anonymous_1)","decl":{"start":{"line":21,"column":2},"end":{"line":21,"column":3}},"loc":{"start":{"line":21,"column":48},"end":{"line":40,"column":3}},"line":21},"2":{"name":"(anonymous_2)","decl":{"start":{"line":25,"column":38},"end":{"line":25,"column":39}},"loc":{"start":{"line":25,"column":49},"end":{"line":31,"column":7}},"line":25},"3":{"name":"(anonymous_3)","decl":{"start":{"line":42,"column":2},"end":{"line":42,"column":3}},"loc":{"start":{"line":42,"column":53},"end":{"line":75,"column":3}},"line":42},"4":{"name":"changeDate","decl":{"start":{"line":53,"column":15},"end":{"line":53,"column":25}},"loc":{"start":{"line":53,"column":37},"end":{"line":59,"column":7}},"line":53},"5":{"name":"(anonymous_5)","decl":{"start":{"line":62,"column":8},"end":{"line":62,"column":9}},"loc":{"start":{"line":62,"column":16},"end":{"line":62,"column":53}},"line":62}},"branchMap":{"0":{"loc":{"start":{"line":65,"column":6},"end":{"line":67,"column":7}},"type":"if","locations":[{"start":{"line":65,"column":6},"end":{"line":67,"column":7}},{"start":{},"end":{}}],"line":65}},"s":{"0":1,"1":0,"2":0,"3":0,"4":0,"5":0,"6":0,"7":0,"8":0,"9":0,"10":0,"11":0,"12":0,"13":0,"14":0,"15":0,"16":0,"17":0,"18":0,"19":0,"20":0,"21":0,"22":0,"23":0,"24":0,"25":1},"f":{"0":0,"1":0,"2":0,"3":0,"4":0,"5":0},"b":{"0":[0,0]},"_coverageSchema":"1a1c01bbd47fc00a2c39e90264f33305004495a9","hash":"8ce8a0817cd17a2c69e3c0554b23270ab8ed2056"}
,"C:\\Hactive8\\WARSAW-FOX\\fase-3\\finalProject\\server\\h8-kulioh-client-server\\controllers\\questionWeekly.js": {"path":"C:\\Hactive8\\WARSAW-FOX\\fase-3\\finalProject\\server\\h8-kulioh-client-server\\controllers\\questionWeekly.js","statementMap":{"0":{"start":{"line":7,"column":4},"end":{"line":7,"column":24}},"1":{"start":{"line":11,"column":4},"end":{"line":32,"column":5}},"2":{"start":{"line":12,"column":27},"end":{"line":12,"column":37}},"3":{"start":{"line":13,"column":24},"end":{"line":15,"column":8}},"4":{"start":{"line":18,"column":8},"end":{"line":22,"column":20}},"5":{"start":{"line":25,"column":23},"end":{"line":27,"column":7}},"6":{"start":{"line":26,"column":16},"end":{"line":26,"column":55}},"7":{"start":{"line":29,"column":6},"end":{"line":29,"column":39}},"8":{"start":{"line":31,"column":6},"end":{"line":31,"column":16}},"9":{"start":{"line":36,"column":4},"end":{"line":52,"column":5}},"10":{"start":{"line":37,"column":51},"end":{"line":37,"column":59}},"11":{"start":{"line":39,"column":23},"end":{"line":45,"column":8}},"12":{"start":{"line":40,"column":8},"end":{"line":44,"column":10}},"13":{"start":{"line":47,"column":21},"end":{"line":47,"column":66}},"14":{"start":{"line":48,"column":6},"end":{"line":48,"column":35}},"15":{"start":{"line":50,"column":6},"end":{"line":50,"column":23}},"16":{"start":{"line":51,"column":6},"end":{"line":51,"column":16}},"17":{"start":{"line":56,"column":4},"end":{"line":71,"column":5}},"18":{"start":{"line":57,"column":21},"end":{"line":57,"column":32}},"19":{"start":{"line":59,"column":31},"end":{"line":66,"column":7}},"20":{"start":{"line":67,"column":6},"end":{"line":67,"column":45}},"21":{"start":{"line":69,"column":6},"end":{"line":69,"column":23}},"22":{"start":{"line":70,"column":6},"end":{"line":70,"column":16}},"23":{"start":{"line":75,"column":0},"end":{"line":77,"column":2}}},"fnMap":{"0":{"name":"(anonymous_0)","decl":{"start":{"line":10,"column":2},"end":{"line":10,"column":3}},"loc":{"start":{"line":10,"column":49},"end":{"line":33,"column":3}},"line":10},"1":{"name":"changeDate","decl":{"start":{"line":17,"column":15},"end":{"line":17,"column":25}},"loc":{"start":{"line":17,"column":37},"end":{"line":23,"column":7}},"line":17},"2":{"name":"(anonymous_2)","decl":{"start":{"line":26,"column":8},"end":{"line":26,"column":9}},"loc":{"start":{"line":26,"column":16},"end":{"line":26,"column":55}},"line":26},"3":{"name":"(anonymous_3)","decl":{"start":{"line":35,"column":2},"end":{"line":35,"column":3}},"loc":{"start":{"line":35,"column":49},"end":{"line":53,"column":3}},"line":35},"4":{"name":"(anonymous_4)","decl":{"start":{"line":39,"column":38},"end":{"line":39,"column":39}},"loc":{"start":{"line":39,"column":49},"end":{"line":45,"column":7}},"line":39},"5":{"name":"(anonymous_5)","decl":{"start":{"line":55,"column":2},"end":{"line":55,"column":3}},"loc":{"start":{"line":55,"column":48},"end":{"line":72,"column":3}},"line":55}},"branchMap":{},"s":{"0":1,"1":0,"2":0,"3":0,"4":0,"5":0,"6":0,"7":0,"8":0,"9":0,"10":0,"11":0,"12":0,"13":0,"14":0,"15":0,"16":0,"17":0,"18":0,"19":0,"20":0,"21":0,"22":0,"23":1},"f":{"0":0,"1":0,"2":0,"3":0,"4":0,"5":0},"b":{},"_coverageSchema":"1a1c01bbd47fc00a2c39e90264f33305004495a9","hash":"0138c0faa24811ec490316aee8322042d1173ffa"}
,"C:\\Hactive8\\WARSAW-FOX\\fase-3\\finalProject\\server\\h8-kulioh-client-server\\controllers\\tasks.js": {"path":"C:\\Hactive8\\WARSAW-FOX\\fase-3\\finalProject\\server\\h8-kulioh-client-server\\controllers\\tasks.js","statementMap":{"0":{"start":{"line":1,"column":26},"end":{"line":1,"column":52}},"1":{"start":{"line":5,"column":4},"end":{"line":13,"column":5}},"2":{"start":{"line":6,"column":23},"end":{"line":8,"column":8}},"3":{"start":{"line":10,"column":6},"end":{"line":10,"column":37}},"4":{"start":{"line":12,"column":6},"end":{"line":12,"column":25}},"5":{"start":{"line":17,"column":0},"end":{"line":19,"column":2}}},"fnMap":{"0":{"name":"(anonymous_0)","decl":{"start":{"line":4,"column":2},"end":{"line":4,"column":3}},"loc":{"start":{"line":4,"column":40},"end":{"line":14,"column":3}},"line":4}},"branchMap":{},"s":{"0":1,"1":0,"2":0,"3":0,"4":0,"5":1},"f":{"0":0},"b":{},"_coverageSchema":"1a1c01bbd47fc00a2c39e90264f33305004495a9","hash":"e47657b6978028ccd783b7f167ab770572086658"}
,"C:\\Hactive8\\WARSAW-FOX\\fase-3\\finalProject\\server\\h8-kulioh-client-server\\controllers\\todos.js": {"path":"C:\\Hactive8\\WARSAW-FOX\\fase-3\\finalProject\\server\\h8-kulioh-client-server\\controllers\\todos.js","statementMap":{"0":{"start":{"line":1,"column":38},"end":{"line":1,"column":64}},"1":{"start":{"line":5,"column":4},"end":{"line":25,"column":5}},"2":{"start":{"line":6,"column":21},"end":{"line":6,"column":32}},"3":{"start":{"line":7,"column":23},"end":{"line":20,"column":8}},"4":{"start":{"line":22,"column":6},"end":{"line":22,"column":37}},"5":{"start":{"line":24,"column":6},"end":{"line":24,"column":25}},"6":{"start":{"line":29,"column":4},"end":{"line":54,"column":5}},"7":{"start":{"line":30,"column":21},"end":{"line":30,"column":32}},"8":{"start":{"line":31,"column":21},"end":{"line":31,"column":34}},"9":{"start":{"line":33,"column":25},"end":{"line":33,"column":33}},"10":{"start":{"line":35,"column":26},"end":{"line":45,"column":7}},"11":{"start":{"line":47,"column":6},"end":{"line":51,"column":7}},"12":{"start":{"line":48,"column":8},"end":{"line":48,"column":72}},"13":{"start":{"line":50,"column":8},"end":{"line":50,"column":41}},"14":{"start":{"line":53,"column":6},"end":{"line":53,"column":25}},"15":{"start":{"line":58,"column":0},"end":{"line":60,"column":2}}},"fnMap":{"0":{"name":"(anonymous_0)","decl":{"start":{"line":4,"column":2},"end":{"line":4,"column":3}},"loc":{"start":{"line":4,"column":40},"end":{"line":26,"column":3}},"line":4},"1":{"name":"(anonymous_1)","decl":{"start":{"line":28,"column":2},"end":{"line":28,"column":3}},"loc":{"start":{"line":28,"column":42},"end":{"line":55,"column":3}},"line":28}},"branchMap":{"0":{"loc":{"start":{"line":47,"column":6},"end":{"line":51,"column":7}},"type":"if","locations":[{"start":{"line":47,"column":6},"end":{"line":51,"column":7}},{"start":{"line":49,"column":13},"end":{"line":51,"column":7}}],"line":47}},"s":{"0":1,"1":0,"2":0,"3":0,"4":0,"5":0,"6":0,"7":0,"8":0,"9":0,"10":0,"11":0,"12":0,"13":0,"14":0,"15":1},"f":{"0":0,"1":0},"b":{"0":[0,0]},"_coverageSchema":"1a1c01bbd47fc00a2c39e90264f33305004495a9","hash":"615c259181aa61348017001b16b8645474d23a77"}
,"C:\\Hactive8\\WARSAW-FOX\\fase-3\\finalProject\\server\\h8-kulioh-client-server\\controllers\\universities.js": {"path":"C:\\Hactive8\\WARSAW-FOX\\fase-3\\finalProject\\server\\h8-kulioh-client-server\\controllers\\universities.js","statementMap":{"0":{"start":{"line":1,"column":23},"end":{"line":1,"column":49}},"1":{"start":{"line":5,"column":4},"end":{"line":26,"column":5}},"2":{"start":{"line":6,"column":23},"end":{"line":6,"column":32}},"3":{"start":{"line":8,"column":20},"end":{"line":10,"column":7}},"4":{"start":{"line":12,"column":6},"end":{"line":16,"column":7}},"5":{"start":{"line":13,"column":8},"end":{"line":15,"column":10}},"6":{"start":{"line":17,"column":28},"end":{"line":17,"column":61}},"7":{"start":{"line":19,"column":6},"end":{"line":21,"column":7}},"8":{"start":{"line":20,"column":8},"end":{"line":20,"column":68}},"9":{"start":{"line":23,"column":6},"end":{"line":23,"column":42}},"10":{"start":{"line":25,"column":6},"end":{"line":25,"column":25}},"11":{"start":{"line":30,"column":4},"end":{"line":42,"column":5}},"12":{"start":{"line":31,"column":21},"end":{"line":31,"column":31}},"13":{"start":{"line":33,"column":32},"end":{"line":33,"column":61}},"14":{"start":{"line":35,"column":6},"end":{"line":37,"column":7}},"15":{"start":{"line":36,"column":8},"end":{"line":36,"column":45}},"16":{"start":{"line":39,"column":6},"end":{"line":39,"column":46}},"17":{"start":{"line":41,"column":6},"end":{"line":41,"column":25}},"18":{"start":{"line":46,"column":0},"end":{"line":48,"column":2}}},"fnMap":{"0":{"name":"(anonymous_0)","decl":{"start":{"line":4,"column":2},"end":{"line":4,"column":3}},"loc":{"start":{"line":4,"column":45},"end":{"line":27,"column":3}},"line":4},"1":{"name":"(anonymous_1)","decl":{"start":{"line":29,"column":2},"end":{"line":29,"column":3}},"loc":{"start":{"line":29,"column":49},"end":{"line":43,"column":3}},"line":29}},"branchMap":{"0":{"loc":{"start":{"line":12,"column":6},"end":{"line":16,"column":7}},"type":"if","locations":[{"start":{"line":12,"column":6},"end":{"line":16,"column":7}},{"start":{},"end":{}}],"line":12},"1":{"loc":{"start":{"line":19,"column":6},"end":{"line":21,"column":7}},"type":"if","locations":[{"start":{"line":19,"column":6},"end":{"line":21,"column":7}},{"start":{},"end":{}}],"line":19},"2":{"loc":{"start":{"line":35,"column":6},"end":{"line":37,"column":7}},"type":"if","locations":[{"start":{"line":35,"column":6},"end":{"line":37,"column":7}},{"start":{},"end":{}}],"line":35}},"s":{"0":1,"1":0,"2":0,"3":0,"4":0,"5":0,"6":0,"7":0,"8":0,"9":0,"10":0,"11":0,"12":0,"13":0,"14":0,"15":0,"16":0,"17":0,"18":1},"f":{"0":0,"1":0},"b":{"0":[0,0],"1":[0,0],"2":[0,0]},"_coverageSchema":"1a1c01bbd47fc00a2c39e90264f33305004495a9","hash":"62aacdfe3bf681f429073708b8f03821f8e3f4d4"}
,"C:\\Hactive8\\WARSAW-FOX\\fase-3\\finalProject\\server\\h8-kulioh-client-server\\controllers\\user.js": {"path":"C:\\Hactive8\\WARSAW-FOX\\fase-3\\finalProject\\server\\h8-kulioh-client-server\\controllers\\user.js","statementMap":{"0":{"start":{"line":5,"column":4},"end":{"line":5,"column":36}},"1":{"start":{"line":17,"column":4},"end":{"line":17,"column":30}},"2":{"start":{"line":18,"column":23},"end":{"line":18,"column":49}},"3":{"start":{"line":19,"column":33},"end":{"line":19,"column":44}},"4":{"start":{"line":23,"column":14},"end":{"line":23,"column":43}},"5":{"start":{"line":24,"column":4},"end":{"line":70,"column":5}},"6":{"start":{"line":25,"column":40},"end":{"line":25,"column":48}},"7":{"start":{"line":26,"column":19},"end":{"line":26,"column":28}},"8":{"start":{"line":27,"column":24},"end":{"line":27,"column":55}},"9":{"start":{"line":29,"column":6},"end":{"line":31,"column":7}},"10":{"start":{"line":30,"column":8},"end":{"line":30,"column":44}},"11":{"start":{"line":33,"column":6},"end":{"line":35,"column":7}},"12":{"start":{"line":34,"column":8},"end":{"line":34,"column":47}},"13":{"start":{"line":37,"column":6},"end":{"line":39,"column":7}},"14":{"start":{"line":38,"column":8},"end":{"line":38,"column":43}},"15":{"start":{"line":41,"column":22},"end":{"line":41,"column":50}},"16":{"start":{"line":42,"column":24},"end":{"line":47,"column":8}},"17":{"start":{"line":43,"column":8},"end":{"line":46,"column":10}},"18":{"start":{"line":48,"column":6},"end":{"line":48,"column":44}},"19":{"start":{"line":50,"column":22},"end":{"line":50,"column":42}},"20":{"start":{"line":51,"column":24},"end":{"line":57,"column":8}},"21":{"start":{"line":52,"column":8},"end":{"line":56,"column":10}},"22":{"start":{"line":58,"column":6},"end":{"line":58,"column":39}},"23":{"start":{"line":60,"column":21},"end":{"line":64,"column":7}},"24":{"start":{"line":65,"column":6},"end":{"line":65,"column":17}},"25":{"start":{"line":66,"column":6},"end":{"line":66,"column":35}},"26":{"start":{"line":68,"column":6},"end":{"line":68,"column":19}},"27":{"start":{"line":69,"column":6},"end":{"line":69,"column":25}},"28":{"start":{"line":74,"column":4},"end":{"line":118,"column":5}},"29":{"start":{"line":75,"column":34},"end":{"line":75,"column":42}},"30":{"start":{"line":76,"column":6},"end":{"line":78,"column":7}},"31":{"start":{"line":77,"column":8},"end":{"line":77,"column":44}},"32":{"start":{"line":80,"column":6},"end":{"line":82,"column":7}},"33":{"start":{"line":81,"column":8},"end":{"line":81,"column":47}},"34":{"start":{"line":84,"column":23},"end":{"line":89,"column":8}},"35":{"start":{"line":91,"column":6},"end":{"line":93,"column":7}},"36":{"start":{"line":92,"column":8},"end":{"line":92,"column":49}},"37":{"start":{"line":95,"column":24},"end":{"line":95,"column":65}},"38":{"start":{"line":97,"column":6},"end":{"line":99,"column":7}},"39":{"start":{"line":98,"column":8},"end":{"line":98,"column":49}},"40":{"start":{"line":101,"column":22},"end":{"line":105,"column":7}},"41":{"start":{"line":107,"column":20},"end":{"line":107,"column":40}},"42":{"start":{"line":109,"column":6},"end":{"line":115,"column":11}},"43":{"start":{"line":117,"column":6},"end":{"line":117,"column":25}},"44":{"start":{"line":122,"column":4},"end":{"line":130,"column":5}},"45":{"start":{"line":123,"column":21},"end":{"line":123,"column":29}},"46":{"start":{"line":124,"column":22},"end":{"line":126,"column":8}},"47":{"start":{"line":127,"column":6},"end":{"line":127,"column":36}},"48":{"start":{"line":129,"column":6},"end":{"line":129,"column":25}},"49":{"start":{"line":134,"column":4},"end":{"line":162,"column":5}},"50":{"start":{"line":135,"column":21},"end":{"line":135,"column":29}},"51":{"start":{"line":136,"column":38},"end":{"line":136,"column":46}},"52":{"start":{"line":138,"column":6},"end":{"line":140,"column":7}},"53":{"start":{"line":139,"column":8},"end":{"line":139,"column":44}},"54":{"start":{"line":142,"column":6},"end":{"line":144,"column":7}},"55":{"start":{"line":143,"column":8},"end":{"line":143,"column":47}},"56":{"start":{"line":146,"column":6},"end":{"line":148,"column":7}},"57":{"start":{"line":147,"column":8},"end":{"line":147,"column":43}},"58":{"start":{"line":150,"column":6},"end":{"line":150,"column":36}},"59":{"start":{"line":151,"column":25},"end":{"line":151,"column":50}},"60":{"start":{"line":153,"column":26},"end":{"line":157,"column":8}},"61":{"start":{"line":159,"column":6},"end":{"line":159,"column":40}},"62":{"start":{"line":161,"column":6},"end":{"line":161,"column":25}},"63":{"start":{"line":166,"column":4},"end":{"line":222,"column":5}},"64":{"start":{"line":167,"column":23},"end":{"line":167,"column":31}},"65":{"start":{"line":168,"column":6},"end":{"line":170,"column":7}},"66":{"start":{"line":169,"column":8},"end":{"line":169,"column":50}},"67":{"start":{"line":172,"column":30},"end":{"line":172,"column":38}},"68":{"start":{"line":174,"column":24},"end":{"line":174,"column":38}},"69":{"start":{"line":175,"column":23},"end":{"line":175,"column":36}},"70":{"start":{"line":177,"column":6},"end":{"line":179,"column":7}},"71":{"start":{"line":178,"column":8},"end":{"line":178,"column":56}},"72":{"start":{"line":181,"column":6},"end":{"line":183,"column":7}},"73":{"start":{"line":182,"column":8},"end":{"line":182,"column":55}},"74":{"start":{"line":185,"column":6},"end":{"line":187,"column":7}},"75":{"start":{"line":186,"column":8},"end":{"line":186,"column":43}},"76":{"start":{"line":189,"column":6},"end":{"line":191,"column":7}},"77":{"start":{"line":190,"column":8},"end":{"line":190,"column":44}},"78":{"start":{"line":193,"column":17},"end":{"line":197,"column":8}},"79":{"start":{"line":199,"column":22},"end":{"line":199,"column":53}},"80":{"start":{"line":201,"column":22},"end":{"line":211,"column":7}},"81":{"start":{"line":213,"column":26},"end":{"line":213,"column":65}},"82":{"start":{"line":215,"column":6},"end":{"line":217,"column":7}},"83":{"start":{"line":216,"column":8},"end":{"line":216,"column":45}},"84":{"start":{"line":219,"column":6},"end":{"line":219,"column":64}},"85":{"start":{"line":221,"column":6},"end":{"line":221,"column":25}},"86":{"start":{"line":226,"column":4},"end":{"line":246,"column":5}},"87":{"start":{"line":227,"column":21},"end":{"line":227,"column":29}},"88":{"start":{"line":228,"column":23},"end":{"line":228,"column":31}},"89":{"start":{"line":230,"column":27},"end":{"line":237,"column":7}},"90":{"start":{"line":239,"column":6},"end":{"line":243,"column":7}},"91":{"start":{"line":240,"column":8},"end":{"line":240,"column":65}},"92":{"start":{"line":242,"column":8},"end":{"line":242,"column":43}},"93":{"start":{"line":245,"column":6},"end":{"line":245,"column":25}},"94":{"start":{"line":250,"column":4},"end":{"line":312,"column":5}},"95":{"start":{"line":251,"column":26},"end":{"line":255,"column":8}},"96":{"start":{"line":256,"column":24},"end":{"line":256,"column":25}},"97":{"start":{"line":257,"column":15},"end":{"line":257,"column":16}},"98":{"start":{"line":258,"column":20},"end":{"line":258,"column":21}},"99":{"start":{"line":259,"column":16},"end":{"line":259,"column":17}},"100":{"start":{"line":260,"column":21},"end":{"line":260,"column":22}},"101":{"start":{"line":261,"column":15},"end":{"line":261,"column":16}},"102":{"start":{"line":262,"column":20},"end":{"line":262,"column":21}},"103":{"start":{"line":263,"column":16},"end":{"line":263,"column":17}},"104":{"start":{"line":264,"column":21},"end":{"line":264,"column":22}},"105":{"start":{"line":265,"column":6},"end":{"line":300,"column":9}},"106":{"start":{"line":266,"column":8},"end":{"line":299,"column":11}},"107":{"start":{"line":267,"column":27},"end":{"line":267,"column":70}},"108":{"start":{"line":268,"column":25},"end":{"line":268,"column":72}},"109":{"start":{"line":269,"column":10},"end":{"line":298,"column":13}},"110":{"start":{"line":271,"column":14},"end":{"line":271,"column":20}},"111":{"start":{"line":272,"column":14},"end":{"line":275,"column":15}},"112":{"start":{"line":273,"column":16},"end":{"line":273,"column":31}},"113":{"start":{"line":274,"column":16},"end":{"line":274,"column":27}},"114":{"start":{"line":276,"column":14},"end":{"line":276,"column":20}},"115":{"start":{"line":278,"column":14},"end":{"line":278,"column":21}},"116":{"start":{"line":279,"column":14},"end":{"line":282,"column":15}},"117":{"start":{"line":280,"column":16},"end":{"line":280,"column":31}},"118":{"start":{"line":281,"column":16},"end":{"line":281,"column":28}},"119":{"start":{"line":283,"column":14},"end":{"line":283,"column":20}},"120":{"start":{"line":285,"column":14},"end":{"line":285,"column":20}},"121":{"start":{"line":286,"column":14},"end":{"line":289,"column":15}},"122":{"start":{"line":287,"column":16},"end":{"line":287,"column":31}},"123":{"start":{"line":288,"column":16},"end":{"line":288,"column":27}},"124":{"start":{"line":290,"column":14},"end":{"line":290,"column":20}},"125":{"start":{"line":292,"column":14},"end":{"line":292,"column":21}},"126":{"start":{"line":293,"column":14},"end":{"line":296,"column":15}},"127":{"start":{"line":294,"column":16},"end":{"line":294,"column":31}},"128":{"start":{"line":295,"column":16},"end":{"line":295,"column":28}},"129":{"start":{"line":297,"column":14},"end":{"line":297,"column":20}},"130":{"start":{"line":301,"column":6},"end":{"line":309,"column":9}},"131":{"start":{"line":311,"column":6},"end":{"line":311,"column":16}},"132":{"start":{"line":316,"column":14},"end":{"line":316,"column":43}},"133":{"start":{"line":317,"column":4},"end":{"line":337,"column":5}},"134":{"start":{"line":318,"column":6},"end":{"line":322,"column":8}},"135":{"start":{"line":323,"column":6},"end":{"line":332,"column":7}},"136":{"start":{"line":324,"column":8},"end":{"line":331,"column":10}},"137":{"start":{"line":333,"column":6},"end":{"line":333,"column":16}},"138":{"start":{"line":335,"column":6},"end":{"line":335,"column":18}},"139":{"start":{"line":336,"column":6},"end":{"line":336,"column":15}},"140":{"start":{"line":343,"column":0},"end":{"line":345,"column":2}}},"fnMap":{"0":{"name":"(anonymous_0)","decl":{"start":{"line":22,"column":2},"end":{"line":22,"column":3}},"loc":{"start":{"line":22,"column":40},"end":{"line":71,"column":3}},"line":22},"1":{"name":"(anonymous_1)","decl":{"start":{"line":42,"column":43},"end":{"line":42,"column":44}},"loc":{"start":{"line":42,"column":56},"end":{"line":47,"column":7}},"line":42},"2":{"name":"(anonymous_2)","decl":{"start":{"line":51,"column":36},"end":{"line":51,"column":37}},"loc":{"start":{"line":51,"column":44},"end":{"line":57,"column":7}},"line":51},"3":{"name":"(anonymous_3)","decl":{"start":{"line":73,"column":2},"end":{"line":73,"column":3}},"loc":{"start":{"line":73,"column":37},"end":{"line":119,"column":3}},"line":73},"4":{"name":"(anonymous_4)","decl":{"start":{"line":121,"column":2},"end":{"line":121,"column":3}},"loc":{"start":{"line":121,"column":42},"end":{"line":131,"column":3}},"line":121},"5":{"name":"(anonymous_5)","decl":{"start":{"line":133,"column":2},"end":{"line":133,"column":3}},"loc":{"start":{"line":133,"column":43},"end":{"line":163,"column":3}},"line":133},"6":{"name":"(anonymous_6)","decl":{"start":{"line":165,"column":2},"end":{"line":165,"column":3}},"loc":{"start":{"line":165,"column":45},"end":{"line":223,"column":3}},"line":165},"7":{"name":"(anonymous_7)","decl":{"start":{"line":225,"column":2},"end":{"line":225,"column":3}},"loc":{"start":{"line":225,"column":42},"end":{"line":247,"column":3}},"line":225},"8":{"name":"(anonymous_8)","decl":{"start":{"line":249,"column":2},"end":{"line":249,"column":3}},"loc":{"start":{"line":249,"column":39},"end":{"line":313,"column":3}},"line":249},"9":{"name":"(anonymous_9)","decl":{"start":{"line":315,"column":2},"end":{"line":315,"column":3}},"loc":{"start":{"line":315,"column":41},"end":{"line":338,"column":3}},"line":315},"10":{"name":"(anonymous_10)","decl":{"start":{"line":340,"column":2},"end":{"line":340,"column":3}},"loc":{"start":{"line":340,"column":43},"end":{"line":340,"column":45}},"line":340}},"branchMap":{"0":{"loc":{"start":{"line":29,"column":6},"end":{"line":31,"column":7}},"type":"if","locations":[{"start":{"line":29,"column":6},"end":{"line":31,"column":7}},{"start":{},"end":{}}],"line":29},"1":{"loc":{"start":{"line":33,"column":6},"end":{"line":35,"column":7}},"type":"if","locations":[{"start":{"line":33,"column":6},"end":{"line":35,"column":7}},{"start":{},"end":{}}],"line":33},"2":{"loc":{"start":{"line":37,"column":6},"end":{"line":39,"column":7}},"type":"if","locations":[{"start":{"line":37,"column":6},"end":{"line":39,"column":7}},{"start":{},"end":{}}],"line":37},"3":{"loc":{"start":{"line":76,"column":6},"end":{"line":78,"column":7}},"type":"if","locations":[{"start":{"line":76,"column":6},"end":{"line":78,"column":7}},{"start":{},"end":{}}],"line":76},"4":{"loc":{"start":{"line":80,"column":6},"end":{"line":82,"column":7}},"type":"if","locations":[{"start":{"line":80,"column":6},"end":{"line":82,"column":7}},{"start":{},"end":{}}],"line":80},"5":{"loc":{"start":{"line":91,"column":6},"end":{"line":93,"column":7}},"type":"if","locations":[{"start":{"line":91,"column":6},"end":{"line":93,"column":7}},{"start":{},"end":{}}],"line":91},"6":{"loc":{"start":{"line":97,"column":6},"end":{"line":99,"column":7}},"type":"if","locations":[{"start":{"line":97,"column":6},"end":{"line":99,"column":7}},{"start":{},"end":{}}],"line":97},"7":{"loc":{"start":{"line":138,"column":6},"end":{"line":140,"column":7}},"type":"if","locations":[{"start":{"line":138,"column":6},"end":{"line":140,"column":7}},{"start":{},"end":{}}],"line":138},"8":{"loc":{"start":{"line":142,"column":6},"end":{"line":144,"column":7}},"type":"if","locations":[{"start":{"line":142,"column":6},"end":{"line":144,"column":7}},{"start":{},"end":{}}],"line":142},"9":{"loc":{"start":{"line":146,"column":6},"end":{"line":148,"column":7}},"type":"if","locations":[{"start":{"line":146,"column":6},"end":{"line":148,"column":7}},{"start":{},"end":{}}],"line":146},"10":{"loc":{"start":{"line":168,"column":6},"end":{"line":170,"column":7}},"type":"if","locations":[{"start":{"line":168,"column":6},"end":{"line":170,"column":7}},{"start":{},"end":{}}],"line":168},"11":{"loc":{"start":{"line":177,"column":6},"end":{"line":179,"column":7}},"type":"if","locations":[{"start":{"line":177,"column":6},"end":{"line":179,"column":7}},{"start":{},"end":{}}],"line":177},"12":{"loc":{"start":{"line":181,"column":6},"end":{"line":183,"column":7}},"type":"if","locations":[{"start":{"line":181,"column":6},"end":{"line":183,"column":7}},{"start":{},"end":{}}],"line":181},"13":{"loc":{"start":{"line":185,"column":6},"end":{"line":187,"column":7}},"type":"if","locations":[{"start":{"line":185,"column":6},"end":{"line":187,"column":7}},{"start":{},"end":{}}],"line":185},"14":{"loc":{"start":{"line":189,"column":6},"end":{"line":191,"column":7}},"type":"if","locations":[{"start":{"line":189,"column":6},"end":{"line":191,"column":7}},{"start":{},"end":{}}],"line":189},"15":{"loc":{"start":{"line":215,"column":6},"end":{"line":217,"column":7}},"type":"if","locations":[{"start":{"line":215,"column":6},"end":{"line":217,"column":7}},{"start":{},"end":{}}],"line":215},"16":{"loc":{"start":{"line":239,"column":6},"end":{"line":243,"column":7}},"type":"if","locations":[{"start":{"line":239,"column":6},"end":{"line":243,"column":7}},{"start":{"line":241,"column":13},"end":{"line":243,"column":7}}],"line":239},"17":{"loc":{"start":{"line":266,"column":8},"end":{"line":299,"column":11}},"type":"if","locations":[{"start":{"line":266,"column":8},"end":{"line":299,"column":11}},{"start":{},"end":{}}],"line":266},"18":{"loc":{"start":{"line":269,"column":10},"end":{"line":298,"column":13}},"type":"switch","locations":[{"start":{"line":270,"column":12},"end":{"line":276,"column":20}},{"start":{"line":277,"column":12},"end":{"line":283,"column":20}},{"start":{"line":284,"column":12},"end":{"line":290,"column":20}},{"start":{"line":291,"column":12},"end":{"line":297,"column":20}}],"line":269},"19":{"loc":{"start":{"line":272,"column":14},"end":{"line":275,"column":15}},"type":"if","locations":[{"start":{"line":272,"column":14},"end":{"line":275,"column":15}},{"start":{},"end":{}}],"line":272},"20":{"loc":{"start":{"line":279,"column":14},"end":{"line":282,"column":15}},"type":"if","locations":[{"start":{"line":279,"column":14},"end":{"line":282,"column":15}},{"start":{},"end":{}}],"line":279},"21":{"loc":{"start":{"line":286,"column":14},"end":{"line":289,"column":15}},"type":"if","locations":[{"start":{"line":286,"column":14},"end":{"line":289,"column":15}},{"start":{},"end":{}}],"line":286},"22":{"loc":{"start":{"line":293,"column":14},"end":{"line":296,"column":15}},"type":"if","locations":[{"start":{"line":293,"column":14},"end":{"line":296,"column":15}},{"start":{},"end":{}}],"line":293}},"s":{"0":1,"1":1,"2":1,"3":1,"4":1,"5":1,"6":1,"7":1,"8":1,"9":1,"10":0,"11":1,"12":0,"13":1,"14":0,"15":1,"16":1,"17":2,"18":1,"19":1,"20":1,"21":0,"22":1,"23":1,"24":1,"25":1,"26":0,"27":0,"28":0,"29":0,"30":0,"31":0,"32":0,"33":0,"34":0,"35":0,"36":0,"37":0,"38":0,"39":0,"40":0,"41":0,"42":0,"43":0,"44":0,"45":0,"46":0,"47":0,"48":0,"49":0,"50":0,"51":0,"52":0,"53":0,"54":0,"55":0,"56":0,"57":0,"58":0,"59":0,"60":0,"61":0,"62":0,"63":0,"64":0,"65":0,"66":0,"67":0,"68":0,"69":0,"70":0,"71":0,"72":0,"73":0,"74":0,"75":0,"76":0,"77":0,"78":0,"79":0,"80":0,"81":0,"82":0,"83":0,"84":0,"85":0,"86":0,"87":0,"88":0,"89":0,"90":0,"91":0,"92":0,"93":0,"94":0,"95":0,"96":0,"97":0,"98":0,"99":0,"100":0,"101":0,"102":0,"103":0,"104":0,"105":0,"106":0,"107":0,"108":0,"109":0,"110":0,"111":0,"112":0,"113":0,"114":0,"115":0,"116":0,"117":0,"118":0,"119":0,"120":0,"121":0,"122":0,"123":0,"124":0,"125":0,"126":0,"127":0,"128":0,"129":0,"130":0,"131":0,"132":0,"133":0,"134":0,"135":0,"136":0,"137":0,"138":0,"139":0,"140":1},"f":{"0":1,"1":2,"2":0,"3":0,"4":0,"5":0,"6":0,"7":0,"8":0,"9":0,"10":0},"b":{"0":[0,1],"1":[0,1],"2":[0,1],"3":[0,0],"4":[0,0],"5":[0,0],"6":[0,0],"7":[0,0],"8":[0,0],"9":[0,0],"10":[0,0],"11":[0,0],"12":[0,0],"13":[0,0],"14":[0,0],"15":[0,0],"16":[0,0],"17":[0,0],"18":[0,0,0,0],"19":[0,0],"20":[0,0],"21":[0,0],"22":[0,0]},"_coverageSchema":"1a1c01bbd47fc00a2c39e90264f33305004495a9","hash":"3f23dcc8010e80aa015557d23c40548af7355301"}
,"C:\\Hactive8\\WARSAW-FOX\\fase-3\\finalProject\\server\\h8-kulioh-client-server\\controllers\\userAdmin.js": {"path":"C:\\Hactive8\\WARSAW-FOX\\fase-3\\finalProject\\server\\h8-kulioh-client-server\\controllers\\userAdmin.js","statementMap":{"0":{"start":{"line":5,"column":4},"end":{"line":5,"column":36}},"1":{"start":{"line":19,"column":4},"end":{"line":19,"column":30}},"2":{"start":{"line":20,"column":23},"end":{"line":20,"column":49}},"3":{"start":{"line":21,"column":33},"end":{"line":21,"column":44}},"4":{"start":{"line":25,"column":4},"end":{"line":52,"column":5}},"5":{"start":{"line":26,"column":40},"end":{"line":26,"column":48}},"6":{"start":{"line":27,"column":19},"end":{"line":27,"column":26}},"7":{"start":{"line":28,"column":24},"end":{"line":28,"column":55}},"8":{"start":{"line":30,"column":6},"end":{"line":32,"column":7}},"9":{"start":{"line":31,"column":8},"end":{"line":31,"column":44}},"10":{"start":{"line":34,"column":6},"end":{"line":36,"column":7}},"11":{"start":{"line":35,"column":8},"end":{"line":35,"column":47}},"12":{"start":{"line":38,"column":6},"end":{"line":40,"column":7}},"13":{"start":{"line":39,"column":8},"end":{"line":39,"column":43}},"14":{"start":{"line":42,"column":23},"end":{"line":42,"column":51}},"15":{"start":{"line":44,"column":21},"end":{"line":48,"column":7}},"16":{"start":{"line":49,"column":6},"end":{"line":49,"column":35}},"17":{"start":{"line":51,"column":6},"end":{"line":51,"column":25}},"18":{"start":{"line":56,"column":4},"end":{"line":93,"column":5}},"19":{"start":{"line":57,"column":34},"end":{"line":57,"column":42}},"20":{"start":{"line":58,"column":6},"end":{"line":60,"column":7}},"21":{"start":{"line":59,"column":8},"end":{"line":59,"column":44}},"22":{"start":{"line":62,"column":6},"end":{"line":64,"column":7}},"23":{"start":{"line":63,"column":8},"end":{"line":63,"column":47}},"24":{"start":{"line":66,"column":23},"end":{"line":70,"column":8}},"25":{"start":{"line":72,"column":6},"end":{"line":74,"column":7}},"26":{"start":{"line":73,"column":8},"end":{"line":73,"column":49}},"27":{"start":{"line":76,"column":24},"end":{"line":76,"column":65}},"28":{"start":{"line":78,"column":6},"end":{"line":80,"column":7}},"29":{"start":{"line":79,"column":8},"end":{"line":79,"column":49}},"30":{"start":{"line":82,"column":22},"end":{"line":86,"column":7}},"31":{"start":{"line":88,"column":20},"end":{"line":88,"column":40}},"32":{"start":{"line":90,"column":6},"end":{"line":90,"column":52}},"33":{"start":{"line":92,"column":6},"end":{"line":92,"column":25}},"34":{"start":{"line":97,"column":14},"end":{"line":97,"column":43}},"35":{"start":{"line":99,"column":4},"end":{"line":136,"column":5}},"36":{"start":{"line":100,"column":65},"end":{"line":100,"column":73}},"37":{"start":{"line":101,"column":6},"end":{"line":103,"column":7}},"38":{"start":{"line":102,"column":8},"end":{"line":102,"column":46}},"39":{"start":{"line":104,"column":6},"end":{"line":106,"column":7}},"40":{"start":{"line":105,"column":8},"end":{"line":105,"column":46}},"41":{"start":{"line":107,"column":6},"end":{"line":109,"column":7}},"42":{"start":{"line":108,"column":8},"end":{"line":108,"column":46}},"43":{"start":{"line":110,"column":6},"end":{"line":112,"column":7}},"44":{"start":{"line":111,"column":8},"end":{"line":111,"column":46}},"45":{"start":{"line":113,"column":6},"end":{"line":115,"column":7}},"46":{"start":{"line":114,"column":8},"end":{"line":114,"column":46}},"47":{"start":{"line":117,"column":25},"end":{"line":117,"column":58}},"48":{"start":{"line":119,"column":31},"end":{"line":119,"column":64}},"49":{"start":{"line":121,"column":25},"end":{"line":127,"column":8}},"50":{"start":{"line":122,"column":8},"end":{"line":126,"column":10}},"51":{"start":{"line":129,"column":34},"end":{"line":129,"column":74}},"52":{"start":{"line":130,"column":6},"end":{"line":130,"column":17}},"53":{"start":{"line":131,"column":6},"end":{"line":131,"column":78}},"54":{"start":{"line":133,"column":6},"end":{"line":133,"column":19}},"55":{"start":{"line":135,"column":6},"end":{"line":135,"column":25}},"56":{"start":{"line":140,"column":14},"end":{"line":140,"column":43}},"57":{"start":{"line":141,"column":4},"end":{"line":209,"column":5}},"58":{"start":{"line":142,"column":25},"end":{"line":142,"column":33}},"59":{"start":{"line":143,"column":6},"end":{"line":145,"column":7}},"60":{"start":{"line":144,"column":8},"end":{"line":144,"column":46}},"61":{"start":{"line":147,"column":6},"end":{"line":201,"column":7}},"62":{"start":{"line":148,"column":25},"end":{"line":155,"column":9}},"63":{"start":{"line":157,"column":22},"end":{"line":164,"column":9}},"64":{"start":{"line":166,"column":22},"end":{"line":173,"column":9}},"65":{"start":{"line":175,"column":22},"end":{"line":182,"column":9}},"66":{"start":{"line":184,"column":22},"end":{"line":191,"column":9}},"67":{"start":{"line":193,"column":22},"end":{"line":200,"column":9}},"68":{"start":{"line":203,"column":6},"end":{"line":203,"column":23}},"69":{"start":{"line":204,"column":6},"end":{"line":204,"column":78}},"70":{"start":{"line":206,"column":6},"end":{"line":206,"column":19}},"71":{"start":{"line":208,"column":6},"end":{"line":208,"column":25}},"72":{"start":{"line":213,"column":14},"end":{"line":213,"column":43}},"73":{"start":{"line":215,"column":4},"end":{"line":262,"column":5}},"74":{"start":{"line":216,"column":21},"end":{"line":216,"column":31}},"75":{"start":{"line":217,"column":65},"end":{"line":217,"column":73}},"76":{"start":{"line":218,"column":6},"end":{"line":220,"column":7}},"77":{"start":{"line":219,"column":8},"end":{"line":219,"column":46}},"78":{"start":{"line":221,"column":6},"end":{"line":223,"column":7}},"79":{"start":{"line":222,"column":8},"end":{"line":222,"column":47}},"80":{"start":{"line":224,"column":6},"end":{"line":226,"column":7}},"81":{"start":{"line":225,"column":8},"end":{"line":225,"column":50}},"82":{"start":{"line":227,"column":6},"end":{"line":229,"column":7}},"83":{"start":{"line":228,"column":8},"end":{"line":228,"column":45}},"84":{"start":{"line":230,"column":6},"end":{"line":232,"column":7}},"85":{"start":{"line":231,"column":8},"end":{"line":231,"column":46}},"86":{"start":{"line":234,"column":23},"end":{"line":234,"column":56}},"87":{"start":{"line":236,"column":31},"end":{"line":240,"column":8}},"88":{"start":{"line":242,"column":25},"end":{"line":248,"column":8}},"89":{"start":{"line":243,"column":8},"end":{"line":247,"column":10}},"90":{"start":{"line":250,"column":6},"end":{"line":254,"column":9}},"91":{"start":{"line":256,"column":34},"end":{"line":256,"column":74}},"92":{"start":{"line":257,"column":6},"end":{"line":257,"column":17}},"93":{"start":{"line":258,"column":6},"end":{"line":258,"column":78}},"94":{"start":{"line":260,"column":6},"end":{"line":260,"column":19}},"95":{"start":{"line":261,"column":6},"end":{"line":261,"column":25}},"96":{"start":{"line":266,"column":14},"end":{"line":266,"column":43}},"97":{"start":{"line":268,"column":4},"end":{"line":286,"column":5}},"98":{"start":{"line":269,"column":21},"end":{"line":269,"column":31}},"99":{"start":{"line":270,"column":29},"end":{"line":274,"column":8}},"100":{"start":{"line":276,"column":32},"end":{"line":280,"column":8}},"101":{"start":{"line":281,"column":6},"end":{"line":281,"column":17}},"102":{"start":{"line":282,"column":6},"end":{"line":282,"column":78}},"103":{"start":{"line":284,"column":6},"end":{"line":284,"column":19}},"104":{"start":{"line":285,"column":6},"end":{"line":285,"column":25}},"105":{"start":{"line":290,"column":14},"end":{"line":290,"column":43}},"106":{"start":{"line":292,"column":4},"end":{"line":322,"column":5}},"107":{"start":{"line":293,"column":45},"end":{"line":293,"column":53}},"108":{"start":{"line":295,"column":6},"end":{"line":297,"column":7}},"109":{"start":{"line":296,"column":8},"end":{"line":296,"column":43}},"110":{"start":{"line":298,"column":6},"end":{"line":300,"column":7}},"111":{"start":{"line":299,"column":8},"end":{"line":299,"column":46}},"112":{"start":{"line":301,"column":6},"end":{"line":303,"column":7}},"113":{"start":{"line":302,"column":8},"end":{"line":302,"column":50}},"114":{"start":{"line":305,"column":32},"end":{"line":305,"column":49}},"115":{"start":{"line":307,"column":25},"end":{"line":307,"column":64}},"116":{"start":{"line":309,"column":29},"end":{"line":312,"column":7}},"117":{"start":{"line":314,"column":22},"end":{"line":314,"column":55}},"118":{"start":{"line":315,"column":6},"end":{"line":315,"column":17}},"119":{"start":{"line":317,"column":6},"end":{"line":317,"column":76}},"120":{"start":{"line":319,"column":6},"end":{"line":319,"column":19}},"121":{"start":{"line":321,"column":6},"end":{"line":321,"column":25}},"122":{"start":{"line":326,"column":14},"end":{"line":326,"column":43}},"123":{"start":{"line":328,"column":4},"end":{"line":364,"column":5}},"124":{"start":{"line":329,"column":21},"end":{"line":329,"column":31}},"125":{"start":{"line":330,"column":45},"end":{"line":330,"column":53}},"126":{"start":{"line":332,"column":6},"end":{"line":334,"column":7}},"127":{"start":{"line":333,"column":8},"end":{"line":333,"column":43}},"128":{"start":{"line":335,"column":6},"end":{"line":337,"column":7}},"129":{"start":{"line":336,"column":8},"end":{"line":336,"column":46}},"130":{"start":{"line":338,"column":6},"end":{"line":340,"column":7}},"131":{"start":{"line":339,"column":8},"end":{"line":339,"column":50}},"132":{"start":{"line":342,"column":30},"end":{"line":342,"column":47}},"133":{"start":{"line":344,"column":28},"end":{"line":348,"column":8}},"134":{"start":{"line":350,"column":25},"end":{"line":357,"column":7}},"135":{"start":{"line":358,"column":6},"end":{"line":358,"column":17}},"136":{"start":{"line":360,"column":6},"end":{"line":360,"column":70}},"137":{"start":{"line":362,"column":6},"end":{"line":362,"column":19}},"138":{"start":{"line":363,"column":6},"end":{"line":363,"column":25}},"139":{"start":{"line":368,"column":14},"end":{"line":368,"column":43}},"140":{"start":{"line":370,"column":4},"end":{"line":394,"column":5}},"141":{"start":{"line":371,"column":21},"end":{"line":371,"column":31}},"142":{"start":{"line":373,"column":28},"end":{"line":377,"column":8}},"143":{"start":{"line":379,"column":6},"end":{"line":381,"column":7}},"144":{"start":{"line":380,"column":8},"end":{"line":380,"column":49}},"145":{"start":{"line":383,"column":25},"end":{"line":387,"column":8}},"146":{"start":{"line":388,"column":6},"end":{"line":388,"column":17}},"147":{"start":{"line":390,"column":6},"end":{"line":390,"column":72}},"148":{"start":{"line":392,"column":6},"end":{"line":392,"column":19}},"149":{"start":{"line":393,"column":6},"end":{"line":393,"column":25}},"150":{"start":{"line":398,"column":14},"end":{"line":398,"column":43}},"151":{"start":{"line":400,"column":4},"end":{"line":423,"column":5}},"152":{"start":{"line":401,"column":35},"end":{"line":401,"column":43}},"153":{"start":{"line":402,"column":6},"end":{"line":404,"column":7}},"154":{"start":{"line":403,"column":8},"end":{"line":403,"column":54}},"155":{"start":{"line":405,"column":6},"end":{"line":407,"column":7}},"156":{"start":{"line":406,"column":8},"end":{"line":406,"column":60}},"157":{"start":{"line":409,"column":28},"end":{"line":409,"column":61}},"158":{"start":{"line":411,"column":30},"end":{"line":414,"column":7}},"159":{"start":{"line":416,"column":23},"end":{"line":416,"column":58}},"160":{"start":{"line":417,"column":6},"end":{"line":417,"column":17}},"161":{"start":{"line":418,"column":6},"end":{"line":418,"column":80}},"162":{"start":{"line":420,"column":6},"end":{"line":420,"column":19}},"163":{"start":{"line":422,"column":6},"end":{"line":422,"column":25}},"164":{"start":{"line":427,"column":14},"end":{"line":427,"column":43}},"165":{"start":{"line":429,"column":4},"end":{"line":466,"column":5}},"166":{"start":{"line":430,"column":21},"end":{"line":430,"column":31}},"167":{"start":{"line":431,"column":35},"end":{"line":431,"column":43}},"168":{"start":{"line":432,"column":6},"end":{"line":434,"column":7}},"169":{"start":{"line":433,"column":8},"end":{"line":433,"column":54}},"170":{"start":{"line":435,"column":6},"end":{"line":437,"column":7}},"171":{"start":{"line":436,"column":8},"end":{"line":436,"column":60}},"172":{"start":{"line":439,"column":23},"end":{"line":446,"column":7}},"173":{"start":{"line":448,"column":6},"end":{"line":450,"column":7}},"174":{"start":{"line":449,"column":8},"end":{"line":449,"column":47}},"175":{"start":{"line":452,"column":24},"end":{"line":459,"column":7}},"176":{"start":{"line":460,"column":6},"end":{"line":460,"column":17}},"177":{"start":{"line":461,"column":6},"end":{"line":461,"column":76}},"178":{"start":{"line":463,"column":6},"end":{"line":463,"column":19}},"179":{"start":{"line":465,"column":6},"end":{"line":465,"column":25}},"180":{"start":{"line":470,"column":14},"end":{"line":470,"column":43}},"181":{"start":{"line":472,"column":4},"end":{"line":496,"column":5}},"182":{"start":{"line":473,"column":21},"end":{"line":473,"column":31}},"183":{"start":{"line":475,"column":25},"end":{"line":479,"column":8}},"184":{"start":{"line":481,"column":6},"end":{"line":483,"column":7}},"185":{"start":{"line":482,"column":8},"end":{"line":482,"column":47}},"186":{"start":{"line":485,"column":24},"end":{"line":489,"column":8}},"187":{"start":{"line":490,"column":6},"end":{"line":490,"column":17}},"188":{"start":{"line":491,"column":6},"end":{"line":491,"column":76}},"189":{"start":{"line":493,"column":6},"end":{"line":493,"column":19}},"190":{"start":{"line":495,"column":6},"end":{"line":495,"column":25}},"191":{"start":{"line":500,"column":0},"end":{"line":502,"column":2}}},"fnMap":{"0":{"name":"(anonymous_0)","decl":{"start":{"line":24,"column":2},"end":{"line":24,"column":3}},"loc":{"start":{"line":24,"column":40},"end":{"line":53,"column":3}},"line":24},"1":{"name":"(anonymous_1)","decl":{"start":{"line":55,"column":2},"end":{"line":55,"column":3}},"loc":{"start":{"line":55,"column":37},"end":{"line":94,"column":3}},"line":55},"2":{"name":"(anonymous_2)","decl":{"start":{"line":96,"column":2},"end":{"line":96,"column":3}},"loc":{"start":{"line":96,"column":52},"end":{"line":137,"column":3}},"line":96},"3":{"name":"(anonymous_3)","decl":{"start":{"line":121,"column":42},"end":{"line":121,"column":43}},"loc":{"start":{"line":121,"column":53},"end":{"line":127,"column":7}},"line":121},"4":{"name":"(anonymous_4)","decl":{"start":{"line":139,"column":2},"end":{"line":139,"column":3}},"loc":{"start":{"line":139,"column":53},"end":{"line":210,"column":3}},"line":139},"5":{"name":"(anonymous_5)","decl":{"start":{"line":212,"column":2},"end":{"line":212,"column":3}},"loc":{"start":{"line":212,"column":52},"end":{"line":263,"column":3}},"line":212},"6":{"name":"(anonymous_6)","decl":{"start":{"line":242,"column":42},"end":{"line":242,"column":43}},"loc":{"start":{"line":242,"column":53},"end":{"line":248,"column":7}},"line":242},"7":{"name":"(anonymous_7)","decl":{"start":{"line":265,"column":2},"end":{"line":265,"column":3}},"loc":{"start":{"line":265,"column":52},"end":{"line":287,"column":3}},"line":265},"8":{"name":"(anonymous_8)","decl":{"start":{"line":289,"column":2},"end":{"line":289,"column":3}},"loc":{"start":{"line":289,"column":51},"end":{"line":323,"column":3}},"line":289},"9":{"name":"(anonymous_9)","decl":{"start":{"line":325,"column":2},"end":{"line":325,"column":3}},"loc":{"start":{"line":325,"column":51},"end":{"line":365,"column":3}},"line":325},"10":{"name":"(anonymous_10)","decl":{"start":{"line":367,"column":2},"end":{"line":367,"column":3}},"loc":{"start":{"line":367,"column":51},"end":{"line":395,"column":3}},"line":367},"11":{"name":"(anonymous_11)","decl":{"start":{"line":397,"column":2},"end":{"line":397,"column":3}},"loc":{"start":{"line":397,"column":48},"end":{"line":424,"column":3}},"line":397},"12":{"name":"(anonymous_12)","decl":{"start":{"line":426,"column":2},"end":{"line":426,"column":3}},"loc":{"start":{"line":426,"column":48},"end":{"line":467,"column":3}},"line":426},"13":{"name":"(anonymous_13)","decl":{"start":{"line":469,"column":2},"end":{"line":469,"column":3}},"loc":{"start":{"line":469,"column":48},"end":{"line":497,"column":3}},"line":469}},"branchMap":{"0":{"loc":{"start":{"line":30,"column":6},"end":{"line":32,"column":7}},"type":"if","locations":[{"start":{"line":30,"column":6},"end":{"line":32,"column":7}},{"start":{},"end":{}}],"line":30},"1":{"loc":{"start":{"line":34,"column":6},"end":{"line":36,"column":7}},"type":"if","locations":[{"start":{"line":34,"column":6},"end":{"line":36,"column":7}},{"start":{},"end":{}}],"line":34},"2":{"loc":{"start":{"line":38,"column":6},"end":{"line":40,"column":7}},"type":"if","locations":[{"start":{"line":38,"column":6},"end":{"line":40,"column":7}},{"start":{},"end":{}}],"line":38},"3":{"loc":{"start":{"line":58,"column":6},"end":{"line":60,"column":7}},"type":"if","locations":[{"start":{"line":58,"column":6},"end":{"line":60,"column":7}},{"start":{},"end":{}}],"line":58},"4":{"loc":{"start":{"line":62,"column":6},"end":{"line":64,"column":7}},"type":"if","locations":[{"start":{"line":62,"column":6},"end":{"line":64,"column":7}},{"start":{},"end":{}}],"line":62},"5":{"loc":{"start":{"line":72,"column":6},"end":{"line":74,"column":7}},"type":"if","locations":[{"start":{"line":72,"column":6},"end":{"line":74,"column":7}},{"start":{},"end":{}}],"line":72},"6":{"loc":{"start":{"line":78,"column":6},"end":{"line":80,"column":7}},"type":"if","locations":[{"start":{"line":78,"column":6},"end":{"line":80,"column":7}},{"start":{},"end":{}}],"line":78},"7":{"loc":{"start":{"line":101,"column":6},"end":{"line":103,"column":7}},"type":"if","locations":[{"start":{"line":101,"column":6},"end":{"line":103,"column":7}},{"start":{},"end":{}}],"line":101},"8":{"loc":{"start":{"line":104,"column":6},"end":{"line":106,"column":7}},"type":"if","locations":[{"start":{"line":104,"column":6},"end":{"line":106,"column":7}},{"start":{},"end":{}}],"line":104},"9":{"loc":{"start":{"line":107,"column":6},"end":{"line":109,"column":7}},"type":"if","locations":[{"start":{"line":107,"column":6},"end":{"line":109,"column":7}},{"start":{},"end":{}}],"line":107},"10":{"loc":{"start":{"line":110,"column":6},"end":{"line":112,"column":7}},"type":"if","locations":[{"start":{"line":110,"column":6},"end":{"line":112,"column":7}},{"start":{},"end":{}}],"line":110},"11":{"loc":{"start":{"line":113,"column":6},"end":{"line":115,"column":7}},"type":"if","locations":[{"start":{"line":113,"column":6},"end":{"line":115,"column":7}},{"start":{},"end":{}}],"line":113},"12":{"loc":{"start":{"line":143,"column":6},"end":{"line":145,"column":7}},"type":"if","locations":[{"start":{"line":143,"column":6},"end":{"line":145,"column":7}},{"start":{},"end":{}}],"line":143},"13":{"loc":{"start":{"line":218,"column":6},"end":{"line":220,"column":7}},"type":"if","locations":[{"start":{"line":218,"column":6},"end":{"line":220,"column":7}},{"start":{},"end":{}}],"line":218},"14":{"loc":{"start":{"line":221,"column":6},"end":{"line":223,"column":7}},"type":"if","locations":[{"start":{"line":221,"column":6},"end":{"line":223,"column":7}},{"start":{},"end":{}}],"line":221},"15":{"loc":{"start":{"line":224,"column":6},"end":{"line":226,"column":7}},"type":"if","locations":[{"start":{"line":224,"column":6},"end":{"line":226,"column":7}},{"start":{},"end":{}}],"line":224},"16":{"loc":{"start":{"line":227,"column":6},"end":{"line":229,"column":7}},"type":"if","locations":[{"start":{"line":227,"column":6},"end":{"line":229,"column":7}},{"start":{},"end":{}}],"line":227},"17":{"loc":{"start":{"line":230,"column":6},"end":{"line":232,"column":7}},"type":"if","locations":[{"start":{"line":230,"column":6},"end":{"line":232,"column":7}},{"start":{},"end":{}}],"line":230},"18":{"loc":{"start":{"line":295,"column":6},"end":{"line":297,"column":7}},"type":"if","locations":[{"start":{"line":295,"column":6},"end":{"line":297,"column":7}},{"start":{},"end":{}}],"line":295},"19":{"loc":{"start":{"line":298,"column":6},"end":{"line":300,"column":7}},"type":"if","locations":[{"start":{"line":298,"column":6},"end":{"line":300,"column":7}},{"start":{},"end":{}}],"line":298},"20":{"loc":{"start":{"line":301,"column":6},"end":{"line":303,"column":7}},"type":"if","locations":[{"start":{"line":301,"column":6},"end":{"line":303,"column":7}},{"start":{},"end":{}}],"line":301},"21":{"loc":{"start":{"line":332,"column":6},"end":{"line":334,"column":7}},"type":"if","locations":[{"start":{"line":332,"column":6},"end":{"line":334,"column":7}},{"start":{},"end":{}}],"line":332},"22":{"loc":{"start":{"line":335,"column":6},"end":{"line":337,"column":7}},"type":"if","locations":[{"start":{"line":335,"column":6},"end":{"line":337,"column":7}},{"start":{},"end":{}}],"line":335},"23":{"loc":{"start":{"line":338,"column":6},"end":{"line":340,"column":7}},"type":"if","locations":[{"start":{"line":338,"column":6},"end":{"line":340,"column":7}},{"start":{},"end":{}}],"line":338},"24":{"loc":{"start":{"line":379,"column":6},"end":{"line":381,"column":7}},"type":"if","locations":[{"start":{"line":379,"column":6},"end":{"line":381,"column":7}},{"start":{},"end":{}}],"line":379},"25":{"loc":{"start":{"line":402,"column":6},"end":{"line":404,"column":7}},"type":"if","locations":[{"start":{"line":402,"column":6},"end":{"line":404,"column":7}},{"start":{},"end":{}}],"line":402},"26":{"loc":{"start":{"line":405,"column":6},"end":{"line":407,"column":7}},"type":"if","locations":[{"start":{"line":405,"column":6},"end":{"line":407,"column":7}},{"start":{},"end":{}}],"line":405},"27":{"loc":{"start":{"line":432,"column":6},"end":{"line":434,"column":7}},"type":"if","locations":[{"start":{"line":432,"column":6},"end":{"line":434,"column":7}},{"start":{},"end":{}}],"line":432},"28":{"loc":{"start":{"line":435,"column":6},"end":{"line":437,"column":7}},"type":"if","locations":[{"start":{"line":435,"column":6},"end":{"line":437,"column":7}},{"start":{},"end":{}}],"line":435},"29":{"loc":{"start":{"line":448,"column":6},"end":{"line":450,"column":7}},"type":"if","locations":[{"start":{"line":448,"column":6},"end":{"line":450,"column":7}},{"start":{},"end":{}}],"line":448},"30":{"loc":{"start":{"line":481,"column":6},"end":{"line":483,"column":7}},"type":"if","locations":[{"start":{"line":481,"column":6},"end":{"line":483,"column":7}},{"start":{},"end":{}}],"line":481}},"s":{"0":1,"1":1,"2":1,"3":1,"4":0,"5":0,"6":0,"7":0,"8":0,"9":0,"10":0,"11":0,"12":0,"13":0,"14":0,"15":0,"16":0,"17":0,"18":0,"19":0,"20":0,"21":0,"22":0,"23":0,"24":0,"25":0,"26":0,"27":0,"28":0,"29":0,"30":0,"31":0,"32":0,"33":0,"34":0,"35":0,"36":0,"37":0,"38":0,"39":0,"40":0,"41":0,"42":0,"43":0,"44":0,"45":0,"46":0,"47":0,"48":0,"49":0,"50":0,"51":0,"52":0,"53":0,"54":0,"55":0,"56":0,"57":0,"58":0,"59":0,"60":0,"61":0,"62":0,"63":0,"64":0,"65":0,"66":0,"67":0,"68":0,"69":0,"70":0,"71":0,"72":0,"73":0,"74":0,"75":0,"76":0,"77":0,"78":0,"79":0,"80":0,"81":0,"82":0,"83":0,"84":0,"85":0,"86":0,"87":0,"88":0,"89":0,"90":0,"91":0,"92":0,"93":0,"94":0,"95":0,"96":0,"97":0,"98":0,"99":0,"100":0,"101":0,"102":0,"103":0,"104":0,"105":0,"106":0,"107":0,"108":0,"109":0,"110":0,"111":0,"112":0,"113":0,"114":0,"115":0,"116":0,"117":0,"118":0,"119":0,"120":0,"121":0,"122":0,"123":0,"124":0,"125":0,"126":0,"127":0,"128":0,"129":0,"130":0,"131":0,"132":0,"133":0,"134":0,"135":0,"136":0,"137":0,"138":0,"139":0,"140":0,"141":0,"142":0,"143":0,"144":0,"145":0,"146":0,"147":0,"148":0,"149":0,"150":0,"151":0,"152":0,"153":0,"154":0,"155":0,"156":0,"157":0,"158":0,"159":0,"160":0,"161":0,"162":0,"163":0,"164":0,"165":0,"166":0,"167":0,"168":0,"169":0,"170":0,"171":0,"172":0,"173":0,"174":0,"175":0,"176":0,"177":0,"178":0,"179":0,"180":0,"181":0,"182":0,"183":0,"184":0,"185":0,"186":0,"187":0,"188":0,"189":0,"190":0,"191":1},"f":{"0":0,"1":0,"2":0,"3":0,"4":0,"5":0,"6":0,"7":0,"8":0,"9":0,"10":0,"11":0,"12":0,"13":0},"b":{"0":[0,0],"1":[0,0],"2":[0,0],"3":[0,0],"4":[0,0],"5":[0,0],"6":[0,0],"7":[0,0],"8":[0,0],"9":[0,0],"10":[0,0],"11":[0,0],"12":[0,0],"13":[0,0],"14":[0,0],"15":[0,0],"16":[0,0],"17":[0,0],"18":[0,0],"19":[0,0],"20":[0,0],"21":[0,0],"22":[0,0],"23":[0,0],"24":[0,0],"25":[0,0],"26":[0,0],"27":[0,0],"28":[0,0],"29":[0,0],"30":[0,0]},"_coverageSchema":"1a1c01bbd47fc00a2c39e90264f33305004495a9","hash":"6aecadea41e148ee070c0be7e626abfafc74cf60"}
,"C:\\Hactive8\\WARSAW-FOX\\fase-3\\finalProject\\server\\h8-kulioh-client-server\\helpers\\jwt&bcrypt.js": {"path":"C:\\Hactive8\\WARSAW-FOX\\fase-3\\finalProject\\server\\h8-kulioh-client-server\\helpers\\jwt&bcrypt.js","statementMap":{"0":{"start":{"line":1,"column":15},"end":{"line":1,"column":34}},"1":{"start":{"line":2,"column":12},"end":{"line":2,"column":35}},"2":{"start":{"line":3,"column":12},"end":{"line":3,"column":27}},"3":{"start":{"line":6,"column":4},"end":{"line":6,"column":35}},"4":{"start":{"line":10,"column":4},"end":{"line":10,"column":43}},"5":{"start":{"line":14,"column":4},"end":{"line":14,"column":33}},"6":{"start":{"line":18,"column":4},"end":{"line":18,"column":33}},"7":{"start":{"line":21,"column":0},"end":{"line":26,"column":1}}},"fnMap":{"0":{"name":"hashPass","decl":{"start":{"line":5,"column":9},"end":{"line":5,"column":17}},"loc":{"start":{"line":5,"column":23},"end":{"line":7,"column":1}},"line":5},"1":{"name":"verifiedPass","decl":{"start":{"line":9,"column":9},"end":{"line":9,"column":21}},"loc":{"start":{"line":9,"column":35},"end":{"line":11,"column":1}},"line":9},"2":{"name":"createToken","decl":{"start":{"line":13,"column":9},"end":{"line":13,"column":20}},"loc":{"start":{"line":13,"column":29},"end":{"line":15,"column":1}},"line":13},"3":{"name":"verifiedToken","decl":{"start":{"line":17,"column":9},"end":{"line":17,"column":22}},"loc":{"start":{"line":17,"column":29},"end":{"line":19,"column":1}},"line":17}},"branchMap":{},"s":{"0":1,"1":1,"2":1,"3":1,"4":0,"5":0,"6":0,"7":1},"f":{"0":1,"1":0,"2":0,"3":0},"b":{},"_coverageSchema":"1a1c01bbd47fc00a2c39e90264f33305004495a9","hash":"efb5086a72fbde8e773c044281e9ba49cee5d67c"}
,"C:\\Hactive8\\WARSAW-FOX\\fase-3\\finalProject\\server\\h8-kulioh-client-server\\middleware\\authentif.js": {"path":"C:\\Hactive8\\WARSAW-FOX\\fase-3\\finalProject\\server\\h8-kulioh-client-server\\middleware\\authentif.js","statementMap":{"0":{"start":{"line":1,"column":26},"end":{"line":1,"column":61}},"1":{"start":{"line":2,"column":17},"end":{"line":2,"column":46}},"2":{"start":{"line":4,"column":18},"end":{"line":32,"column":1}},"3":{"start":{"line":5,"column":2},"end":{"line":31,"column":3}},"4":{"start":{"line":6,"column":29},"end":{"line":6,"column":40}},"5":{"start":{"line":8,"column":20},"end":{"line":8,"column":47}},"6":{"start":{"line":10,"column":23},"end":{"line":15,"column":6}},"7":{"start":{"line":17,"column":4},"end":{"line":19,"column":5}},"8":{"start":{"line":18,"column":6},"end":{"line":18,"column":42}},"9":{"start":{"line":21,"column":4},"end":{"line":27,"column":6}},"10":{"start":{"line":28,"column":4},"end":{"line":28,"column":11}},"11":{"start":{"line":30,"column":4},"end":{"line":30,"column":23}},"12":{"start":{"line":34,"column":0},"end":{"line":36,"column":2}}},"fnMap":{"0":{"name":"(anonymous_0)","decl":{"start":{"line":4,"column":18},"end":{"line":4,"column":19}},"loc":{"start":{"line":4,"column":44},"end":{"line":32,"column":1}},"line":4}},"branchMap":{"0":{"loc":{"start":{"line":17,"column":4},"end":{"line":19,"column":5}},"type":"if","locations":[{"start":{"line":17,"column":4},"end":{"line":19,"column":5}},{"start":{},"end":{}}],"line":17}},"s":{"0":1,"1":1,"2":1,"3":0,"4":0,"5":0,"6":0,"7":0,"8":0,"9":0,"10":0,"11":0,"12":1},"f":{"0":0},"b":{"0":[0,0]},"_coverageSchema":"1a1c01bbd47fc00a2c39e90264f33305004495a9","hash":"5350adb95fe2de8b572b2805a59171b29c817309"}
,"C:\\Hactive8\\WARSAW-FOX\\fase-3\\finalProject\\server\\h8-kulioh-client-server\\middleware\\authorization.js": {"path":"C:\\Hactive8\\WARSAW-FOX\\fase-3\\finalProject\\server\\h8-kulioh-client-server\\middleware\\authorization.js","statementMap":{"0":{"start":{"line":1,"column":26},"end":{"line":1,"column":58}},"1":{"start":{"line":3,"column":16},"end":{"line":14,"column":1}},"2":{"start":{"line":4,"column":2},"end":{"line":13,"column":3}},"3":{"start":{"line":5,"column":29},"end":{"line":5,"column":40}},"4":{"start":{"line":6,"column":21},"end":{"line":6,"column":53}},"5":{"start":{"line":7,"column":4},"end":{"line":9,"column":5}},"6":{"start":{"line":8,"column":6},"end":{"line":8,"column":46}},"7":{"start":{"line":10,"column":4},"end":{"line":10,"column":11}},"8":{"start":{"line":12,"column":4},"end":{"line":12,"column":23}},"9":{"start":{"line":16,"column":0},"end":{"line":18,"column":2}}},"fnMap":{"0":{"name":"(anonymous_0)","decl":{"start":{"line":3,"column":16},"end":{"line":3,"column":17}},"loc":{"start":{"line":3,"column":42},"end":{"line":14,"column":1}},"line":3}},"branchMap":{"0":{"loc":{"start":{"line":7,"column":4},"end":{"line":9,"column":5}},"type":"if","locations":[{"start":{"line":7,"column":4},"end":{"line":9,"column":5}},{"start":{},"end":{}}],"line":7}},"s":{"0":1,"1":1,"2":0,"3":0,"4":0,"5":0,"6":0,"7":0,"8":0,"9":1},"f":{"0":0},"b":{"0":[0,0]},"_coverageSchema":"1a1c01bbd47fc00a2c39e90264f33305004495a9","hash":"a96615d58b7388602c6e3ad0e49e1b283d5010a1"}
,"C:\\Hactive8\\WARSAW-FOX\\fase-3\\finalProject\\server\\h8-kulioh-client-server\\models\\answer.js": {"path":"C:\\Hactive8\\WARSAW-FOX\\fase-3\\finalProject\\server\\h8-kulioh-client-server\\models\\answer.js","statementMap":{"0":{"start":{"line":4,"column":4},"end":{"line":4,"column":24}},"1":{"start":{"line":5,"column":0},"end":{"line":33,"column":2}},"2":{"start":{"line":14,"column":6},"end":{"line":16,"column":8}},"3":{"start":{"line":18,"column":6},"end":{"line":20,"column":8}},"4":{"start":{"line":24,"column":2},"end":{"line":31,"column":5}},"5":{"start":{"line":32,"column":2},"end":{"line":32,"column":16}}},"fnMap":{"0":{"name":"(anonymous_0)","decl":{"start":{"line":5,"column":17},"end":{"line":5,"column":18}},"loc":{"start":{"line":5,"column":43},"end":{"line":33,"column":1}},"line":5},"1":{"name":"(anonymous_1)","decl":{"start":{"line":12,"column":4},"end":{"line":12,"column":5}},"loc":{"start":{"line":12,"column":29},"end":{"line":22,"column":5}},"line":12}},"branchMap":{},"s":{"0":1,"1":1,"2":1,"3":1,"4":1,"5":1},"f":{"0":1,"1":1},"b":{},"_coverageSchema":"1a1c01bbd47fc00a2c39e90264f33305004495a9","hash":"5f2e16ad15893a48099d6183c711c103f9c29119"}
,"C:\\Hactive8\\WARSAW-FOX\\fase-3\\finalProject\\server\\h8-kulioh-client-server\\models\\answerweeklytest.js": {"path":"C:\\Hactive8\\WARSAW-FOX\\fase-3\\finalProject\\server\\h8-kulioh-client-server\\models\\answerweeklytest.js","statementMap":{"0":{"start":{"line":4,"column":4},"end":{"line":4,"column":24}},"1":{"start":{"line":5,"column":0},"end":{"line":32,"column":2}},"2":{"start":{"line":14,"column":6},"end":{"line":16,"column":8}},"3":{"start":{"line":18,"column":6},"end":{"line":20,"column":8}},"4":{"start":{"line":23,"column":2},"end":{"line":30,"column":5}},"5":{"start":{"line":31,"column":2},"end":{"line":31,"column":26}}},"fnMap":{"0":{"name":"(anonymous_0)","decl":{"start":{"line":5,"column":17},"end":{"line":5,"column":18}},"loc":{"start":{"line":5,"column":43},"end":{"line":32,"column":1}},"line":5},"1":{"name":"(anonymous_1)","decl":{"start":{"line":12,"column":4},"end":{"line":12,"column":5}},"loc":{"start":{"line":12,"column":29},"end":{"line":21,"column":5}},"line":12}},"branchMap":{},"s":{"0":1,"1":1,"2":1,"3":1,"4":1,"5":1},"f":{"0":1,"1":1},"b":{},"_coverageSchema":"1a1c01bbd47fc00a2c39e90264f33305004495a9","hash":"3432b48afd6e581de3a2cb3f15de6567c72d13b9"}
,"C:\\Hactive8\\WARSAW-FOX\\fase-3\\finalProject\\server\\h8-kulioh-client-server\\models\\chapter.js": {"path":"C:\\Hactive8\\WARSAW-FOX\\fase-3\\finalProject\\server\\h8-kulioh-client-server\\models\\chapter.js","statementMap":{"0":{"start":{"line":4,"column":4},"end":{"line":4,"column":24}},"1":{"start":{"line":5,"column":0},"end":{"line":26,"column":2}},"2":{"start":{"line":13,"column":6},"end":{"line":15,"column":8}},"3":{"start":{"line":18,"column":2},"end":{"line":24,"column":5}},"4":{"start":{"line":25,"column":2},"end":{"line":25,"column":17}}},"fnMap":{"0":{"name":"(anonymous_0)","decl":{"start":{"line":5,"column":17},"end":{"line":5,"column":18}},"loc":{"start":{"line":5,"column":43},"end":{"line":26,"column":1}},"line":5},"1":{"name":"(anonymous_1)","decl":{"start":{"line":12,"column":4},"end":{"line":12,"column":5}},"loc":{"start":{"line":12,"column":29},"end":{"line":16,"column":5}},"line":12}},"branchMap":{},"s":{"0":1,"1":1,"2":1,"3":1,"4":1},"f":{"0":1,"1":1},"b":{},"_coverageSchema":"1a1c01bbd47fc00a2c39e90264f33305004495a9","hash":"a38c87514e812982f7054dfd373d05bed4b9f0bb"}
,"C:\\Hactive8\\WARSAW-FOX\\fase-3\\finalProject\\server\\h8-kulioh-client-server\\models\\index.js": {"path":"C:\\Hactive8\\WARSAW-FOX\\fase-3\\finalProject\\server\\h8-kulioh-client-server\\models\\index.js","statementMap":{"0":{"start":{"line":3,"column":11},"end":{"line":3,"column":24}},"1":{"start":{"line":4,"column":13},"end":{"line":4,"column":28}},"2":{"start":{"line":5,"column":18},"end":{"line":5,"column":38}},"3":{"start":{"line":6,"column":17},"end":{"line":6,"column":42}},"4":{"start":{"line":7,"column":12},"end":{"line":7,"column":49}},"5":{"start":{"line":8,"column":15},"end":{"line":8,"column":65}},"6":{"start":{"line":9,"column":11},"end":{"line":9,"column":13}},"7":{"start":{"line":12,"column":0},"end":{"line":16,"column":1}},"8":{"start":{"line":13,"column":2},"end":{"line":13,"column":74}},"9":{"start":{"line":15,"column":2},"end":{"line":15,"column":87}},"10":{"start":{"line":18,"column":0},"end":{"line":26,"column":5}},"11":{"start":{"line":21,"column":4},"end":{"line":21,"column":90}},"12":{"start":{"line":24,"column":18},"end":{"line":24,"column":85}},"13":{"start":{"line":25,"column":4},"end":{"line":25,"column":27}},"14":{"start":{"line":28,"column":0},"end":{"line":32,"column":3}},"15":{"start":{"line":29,"column":2},"end":{"line":31,"column":3}},"16":{"start":{"line":30,"column":4},"end":{"line":30,"column":32}},"17":{"start":{"line":34,"column":0},"end":{"line":34,"column":25}},"18":{"start":{"line":35,"column":0},"end":{"line":35,"column":25}},"19":{"start":{"line":37,"column":0},"end":{"line":37,"column":20}}},"fnMap":{"0":{"name":"(anonymous_0)","decl":{"start":{"line":20,"column":10},"end":{"line":20,"column":11}},"loc":{"start":{"line":20,"column":18},"end":{"line":22,"column":3}},"line":20},"1":{"name":"(anonymous_1)","decl":{"start":{"line":23,"column":11},"end":{"line":23,"column":12}},"loc":{"start":{"line":23,"column":19},"end":{"line":26,"column":3}},"line":23},"2":{"name":"(anonymous_2)","decl":{"start":{"line":28,"column":24},"end":{"line":28,"column":25}},"loc":{"start":{"line":28,"column":37},"end":{"line":32,"column":1}},"line":28}},"branchMap":{"0":{"loc":{"start":{"line":7,"column":12},"end":{"line":7,"column":49}},"type":"binary-expr","locations":[{"start":{"line":7,"column":12},"end":{"line":7,"column":32}},{"start":{"line":7,"column":36},"end":{"line":7,"column":49}}],"line":7},"1":{"loc":{"start":{"line":12,"column":0},"end":{"line":16,"column":1}},"type":"if","locations":[{"start":{"line":12,"column":0},"end":{"line":16,"column":1}},{"start":{"line":14,"column":7},"end":{"line":16,"column":1}}],"line":12},"2":{"loc":{"start":{"line":21,"column":11},"end":{"line":21,"column":89}},"type":"binary-expr","locations":[{"start":{"line":21,"column":12},"end":{"line":21,"column":35}},{"start":{"line":21,"column":41},"end":{"line":21,"column":58}},{"start":{"line":21,"column":64},"end":{"line":21,"column":88}}],"line":21},"3":{"loc":{"start":{"line":29,"column":2},"end":{"line":31,"column":3}},"type":"if","locations":[{"start":{"line":29,"column":2},"end":{"line":31,"column":3}},{"start":{},"end":{}}],"line":29}},"s":{"0":1,"1":1,"2":1,"3":1,"4":1,"5":1,"6":1,"7":1,"8":0,"9":1,"10":1,"11":15,"12":14,"13":14,"14":1,"15":14,"16":14,"17":1,"18":1,"19":1},"f":{"0":15,"1":14,"2":14},"b":{"0":[1,0],"1":[0,1],"2":[15,15,14],"3":[14,0]},"_coverageSchema":"1a1c01bbd47fc00a2c39e90264f33305004495a9","hash":"3b82da678bc929180a56ae9fd5e1f46c7f0b9404"}
,"C:\\Hactive8\\WARSAW-FOX\\fase-3\\finalProject\\server\\h8-kulioh-client-server\\models\\major.js": {"path":"C:\\Hactive8\\WARSAW-FOX\\fase-3\\finalProject\\server\\h8-kulioh-client-server\\models\\major.js","statementMap":{"0":{"start":{"line":4,"column":4},"end":{"line":4,"column":24}},"1":{"start":{"line":5,"column":0},"end":{"line":26,"column":2}},"2":{"start":{"line":14,"column":6},"end":{"line":16,"column":8}},"3":{"start":{"line":19,"column":2},"end":{"line":24,"column":5}},"4":{"start":{"line":25,"column":2},"end":{"line":25,"column":15}}},"fnMap":{"0":{"name":"(anonymous_0)","decl":{"start":{"line":5,"column":17},"end":{"line":5,"column":18}},"loc":{"start":{"line":5,"column":43},"end":{"line":26,"column":1}},"line":5},"1":{"name":"(anonymous_1)","decl":{"start":{"line":12,"column":4},"end":{"line":12,"column":5}},"loc":{"start":{"line":12,"column":29},"end":{"line":17,"column":5}},"line":12}},"branchMap":{},"s":{"0":1,"1":1,"2":1,"3":1,"4":1},"f":{"0":1,"1":1},"b":{},"_coverageSchema":"1a1c01bbd47fc00a2c39e90264f33305004495a9","hash":"50cb87665964fe6b40894c2c6756f9f7aa0e34fc"}
,"C:\\Hactive8\\WARSAW-FOX\\fase-3\\finalProject\\server\\h8-kulioh-client-server\\models\\question.js": {"path":"C:\\Hactive8\\WARSAW-FOX\\fase-3\\finalProject\\server\\h8-kulioh-client-server\\models\\question.js","statementMap":{"0":{"start":{"line":4,"column":4},"end":{"line":4,"column":24}},"1":{"start":{"line":5,"column":0},"end":{"line":29,"column":2}},"2":{"start":{"line":14,"column":6},"end":{"line":14,"column":38}},"3":{"start":{"line":15,"column":6},"end":{"line":17,"column":8}},"4":{"start":{"line":20,"column":2},"end":{"line":27,"column":5}},"5":{"start":{"line":28,"column":2},"end":{"line":28,"column":18}}},"fnMap":{"0":{"name":"(anonymous_0)","decl":{"start":{"line":5,"column":17},"end":{"line":5,"column":18}},"loc":{"start":{"line":5,"column":43},"end":{"line":29,"column":1}},"line":5},"1":{"name":"(anonymous_1)","decl":{"start":{"line":12,"column":4},"end":{"line":12,"column":5}},"loc":{"start":{"line":12,"column":29},"end":{"line":18,"column":5}},"line":12}},"branchMap":{},"s":{"0":1,"1":1,"2":1,"3":1,"4":1,"5":1},"f":{"0":1,"1":1},"b":{},"_coverageSchema":"1a1c01bbd47fc00a2c39e90264f33305004495a9","hash":"24d82994d16eae4ba8c733a999cdc960d82cd3a0"}
,"C:\\Hactive8\\WARSAW-FOX\\fase-3\\finalProject\\server\\h8-kulioh-client-server\\models\\questionkey.js": {"path":"C:\\Hactive8\\WARSAW-FOX\\fase-3\\finalProject\\server\\h8-kulioh-client-server\\models\\questionkey.js","statementMap":{"0":{"start":{"line":4,"column":4},"end":{"line":4,"column":24}},"1":{"start":{"line":5,"column":0},"end":{"line":25,"column":2}},"2":{"start":{"line":16,"column":2},"end":{"line":23,"column":5}},"3":{"start":{"line":24,"column":2},"end":{"line":24,"column":21}}},"fnMap":{"0":{"name":"(anonymous_0)","decl":{"start":{"line":5,"column":17},"end":{"line":5,"column":18}},"loc":{"start":{"line":5,"column":43},"end":{"line":25,"column":1}},"line":5},"1":{"name":"(anonymous_1)","decl":{"start":{"line":12,"column":4},"end":{"line":12,"column":5}},"loc":{"start":{"line":12,"column":29},"end":{"line":14,"column":5}},"line":12}},"branchMap":{},"s":{"0":1,"1":1,"2":1,"3":1},"f":{"0":1,"1":1},"b":{},"_coverageSchema":"1a1c01bbd47fc00a2c39e90264f33305004495a9","hash":"ee06b13bd842fe4408ba88d0033ff3cb9b987103"}
,"C:\\Hactive8\\WARSAW-FOX\\fase-3\\finalProject\\server\\h8-kulioh-client-server\\models\\questionkeyweeklytest.js": {"path":"C:\\Hactive8\\WARSAW-FOX\\fase-3\\finalProject\\server\\h8-kulioh-client-server\\models\\questionkeyweeklytest.js","statementMap":{"0":{"start":{"line":4,"column":4},"end":{"line":4,"column":24}},"1":{"start":{"line":5,"column":0},"end":{"line":28,"column":2}},"2":{"start":{"line":14,"column":6},"end":{"line":16,"column":8}},"3":{"start":{"line":19,"column":2},"end":{"line":26,"column":5}},"4":{"start":{"line":27,"column":2},"end":{"line":27,"column":31}}},"fnMap":{"0":{"name":"(anonymous_0)","decl":{"start":{"line":5,"column":17},"end":{"line":5,"column":18}},"loc":{"start":{"line":5,"column":43},"end":{"line":28,"column":1}},"line":5},"1":{"name":"(anonymous_1)","decl":{"start":{"line":12,"column":4},"end":{"line":12,"column":5}},"loc":{"start":{"line":12,"column":29},"end":{"line":17,"column":5}},"line":12}},"branchMap":{},"s":{"0":1,"1":1,"2":1,"3":1,"4":1},"f":{"0":1,"1":1},"b":{},"_coverageSchema":"1a1c01bbd47fc00a2c39e90264f33305004495a9","hash":"4af9631ade8b7207693ab5fb31e3817335b7b703"}
,"C:\\Hactive8\\WARSAW-FOX\\fase-3\\finalProject\\server\\h8-kulioh-client-server\\models\\questionweeklytest.js": {"path":"C:\\Hactive8\\WARSAW-FOX\\fase-3\\finalProject\\server\\h8-kulioh-client-server\\models\\questionweeklytest.js","statementMap":{"0":{"start":{"line":4,"column":4},"end":{"line":4,"column":24}},"1":{"start":{"line":5,"column":0},"end":{"line":32,"column":2}},"2":{"start":{"line":14,"column":6},"end":{"line":16,"column":8}},"3":{"start":{"line":18,"column":6},"end":{"line":20,"column":8}},"4":{"start":{"line":23,"column":2},"end":{"line":30,"column":5}},"5":{"start":{"line":31,"column":2},"end":{"line":31,"column":28}}},"fnMap":{"0":{"name":"(anonymous_0)","decl":{"start":{"line":5,"column":17},"end":{"line":5,"column":18}},"loc":{"start":{"line":5,"column":43},"end":{"line":32,"column":1}},"line":5},"1":{"name":"(anonymous_1)","decl":{"start":{"line":12,"column":4},"end":{"line":12,"column":5}},"loc":{"start":{"line":12,"column":29},"end":{"line":21,"column":5}},"line":12}},"branchMap":{},"s":{"0":1,"1":1,"2":1,"3":1,"4":1,"5":1},"f":{"0":1,"1":1},"b":{},"_coverageSchema":"1a1c01bbd47fc00a2c39e90264f33305004495a9","hash":"27c72970cd65e62f15b71c789e82e843131581cf"}
,"C:\\Hactive8\\WARSAW-FOX\\fase-3\\finalProject\\server\\h8-kulioh-client-server\\models\\task.js": {"path":"C:\\Hactive8\\WARSAW-FOX\\fase-3\\finalProject\\server\\h8-kulioh-client-server\\models\\task.js","statementMap":{"0":{"start":{"line":4,"column":4},"end":{"line":4,"column":24}},"1":{"start":{"line":5,"column":0},"end":{"line":30,"column":2}},"2":{"start":{"line":13,"column":6},"end":{"line":15,"column":8}},"3":{"start":{"line":17,"column":6},"end":{"line":19,"column":8}},"4":{"start":{"line":22,"column":2},"end":{"line":28,"column":5}},"5":{"start":{"line":29,"column":2},"end":{"line":29,"column":14}}},"fnMap":{"0":{"name":"(anonymous_0)","decl":{"start":{"line":5,"column":17},"end":{"line":5,"column":18}},"loc":{"start":{"line":5,"column":43},"end":{"line":30,"column":1}},"line":5},"1":{"name":"(anonymous_1)","decl":{"start":{"line":12,"column":4},"end":{"line":12,"column":5}},"loc":{"start":{"line":12,"column":29},"end":{"line":20,"column":5}},"line":12}},"branchMap":{},"s":{"0":1,"1":1,"2":1,"3":1,"4":1,"5":1},"f":{"0":1,"1":1},"b":{},"_coverageSchema":"1a1c01bbd47fc00a2c39e90264f33305004495a9","hash":"84f42ac6e3aab4da8aa8f17e1261ae382bb8cd99"}
,"C:\\Hactive8\\WARSAW-FOX\\fase-3\\finalProject\\server\\h8-kulioh-client-server\\models\\todo.js": {"path":"C:\\Hactive8\\WARSAW-FOX\\fase-3\\finalProject\\server\\h8-kulioh-client-server\\models\\todo.js","statementMap":{"0":{"start":{"line":4,"column":4},"end":{"line":4,"column":24}},"1":{"start":{"line":5,"column":0},"end":{"line":31,"column":2}},"2":{"start":{"line":13,"column":6},"end":{"line":15,"column":8}},"3":{"start":{"line":17,"column":6},"end":{"line":19,"column":8}},"4":{"start":{"line":22,"column":2},"end":{"line":29,"column":5}},"5":{"start":{"line":30,"column":2},"end":{"line":30,"column":14}}},"fnMap":{"0":{"name":"(anonymous_0)","decl":{"start":{"line":5,"column":17},"end":{"line":5,"column":18}},"loc":{"start":{"line":5,"column":43},"end":{"line":31,"column":1}},"line":5},"1":{"name":"(anonymous_1)","decl":{"start":{"line":12,"column":4},"end":{"line":12,"column":5}},"loc":{"start":{"line":12,"column":29},"end":{"line":20,"column":5}},"line":12}},"branchMap":{},"s":{"0":1,"1":1,"2":1,"3":1,"4":1,"5":1},"f":{"0":1,"1":1},"b":{},"_coverageSchema":"1a1c01bbd47fc00a2c39e90264f33305004495a9","hash":"2ab21e4e3b7a857838b812d002bcd0a26039cae4"}
,"C:\\Hactive8\\WARSAW-FOX\\fase-3\\finalProject\\server\\h8-kulioh-client-server\\models\\university.js": {"path":"C:\\Hactive8\\WARSAW-FOX\\fase-3\\finalProject\\server\\h8-kulioh-client-server\\models\\university.js","statementMap":{"0":{"start":{"line":4,"column":4},"end":{"line":4,"column":24}},"1":{"start":{"line":5,"column":0},"end":{"line":26,"column":2}},"2":{"start":{"line":14,"column":6},"end":{"line":16,"column":8}},"3":{"start":{"line":19,"column":2},"end":{"line":24,"column":5}},"4":{"start":{"line":25,"column":2},"end":{"line":25,"column":20}}},"fnMap":{"0":{"name":"(anonymous_0)","decl":{"start":{"line":5,"column":17},"end":{"line":5,"column":18}},"loc":{"start":{"line":5,"column":43},"end":{"line":26,"column":1}},"line":5},"1":{"name":"(anonymous_1)","decl":{"start":{"line":12,"column":4},"end":{"line":12,"column":5}},"loc":{"start":{"line":12,"column":29},"end":{"line":17,"column":5}},"line":12}},"branchMap":{},"s":{"0":1,"1":1,"2":1,"3":1,"4":1},"f":{"0":1,"1":1},"b":{},"_coverageSchema":"1a1c01bbd47fc00a2c39e90264f33305004495a9","hash":"ade57b14d8e75de7fb8af05334c8464921c4145d"}
,"C:\\Hactive8\\WARSAW-FOX\\fase-3\\finalProject\\server\\h8-kulioh-client-server\\models\\user.js": {"path":"C:\\Hactive8\\WARSAW-FOX\\fase-3\\finalProject\\server\\h8-kulioh-client-server\\models\\user.js","statementMap":{"0":{"start":{"line":2,"column":18},"end":{"line":2,"column":38}},"1":{"start":{"line":3,"column":21},"end":{"line":3,"column":53}},"2":{"start":{"line":4,"column":0},"end":{"line":49,"column":2}},"3":{"start":{"line":13,"column":6},"end":{"line":13,"column":63}},"4":{"start":{"line":14,"column":6},"end":{"line":16,"column":8}},"5":{"start":{"line":18,"column":6},"end":{"line":20,"column":8}},"6":{"start":{"line":22,"column":6},"end":{"line":24,"column":8}},"7":{"start":{"line":26,"column":6},"end":{"line":28,"column":8}},"8":{"start":{"line":31,"column":2},"end":{"line":47,"column":4}},"9":{"start":{"line":43,"column":10},"end":{"line":43,"column":58}},"10":{"start":{"line":48,"column":2},"end":{"line":48,"column":14}}},"fnMap":{"0":{"name":"(anonymous_0)","decl":{"start":{"line":4,"column":17},"end":{"line":4,"column":18}},"loc":{"start":{"line":4,"column":43},"end":{"line":49,"column":1}},"line":4},"1":{"name":"(anonymous_1)","decl":{"start":{"line":11,"column":4},"end":{"line":11,"column":5}},"loc":{"start":{"line":11,"column":29},"end":{"line":29,"column":5}},"line":11},"2":{"name":"(anonymous_2)","decl":{"start":{"line":42,"column":8},"end":{"line":42,"column":9}},"loc":{"start":{"line":42,"column":40},"end":{"line":44,"column":9}},"line":42}},"branchMap":{},"s":{"0":1,"1":1,"2":1,"3":1,"4":1,"5":1,"6":1,"7":1,"8":1,"9":1,"10":1},"f":{"0":1,"1":1,"2":1},"b":{},"_coverageSchema":"1a1c01bbd47fc00a2c39e90264f33305004495a9","hash":"7b8b50c6b7d49a95fb14e831c3cca83b2f878311"}
,"C:\\Hactive8\\WARSAW-FOX\\fase-3\\finalProject\\server\\h8-kulioh-client-server\\models\\usermajor.js": {"path":"C:\\Hactive8\\WARSAW-FOX\\fase-3\\finalProject\\server\\h8-kulioh-client-server\\models\\usermajor.js","statementMap":{"0":{"start":{"line":4,"column":4},"end":{"line":4,"column":24}},"1":{"start":{"line":5,"column":0},"end":{"line":25,"column":2}},"2":{"start":{"line":14,"column":6},"end":{"line":14,"column":64}},"3":{"start":{"line":17,"column":2},"end":{"line":23,"column":5}},"4":{"start":{"line":24,"column":2},"end":{"line":24,"column":19}}},"fnMap":{"0":{"name":"(anonymous_0)","decl":{"start":{"line":5,"column":17},"end":{"line":5,"column":18}},"loc":{"start":{"line":5,"column":43},"end":{"line":25,"column":1}},"line":5},"1":{"name":"(anonymous_1)","decl":{"start":{"line":12,"column":4},"end":{"line":12,"column":5}},"loc":{"start":{"line":12,"column":29},"end":{"line":15,"column":5}},"line":12}},"branchMap":{},"s":{"0":1,"1":1,"2":1,"3":1,"4":1},"f":{"0":1,"1":1},"b":{},"_coverageSchema":"1a1c01bbd47fc00a2c39e90264f33305004495a9","hash":"824f1696e7a5739ab6bb2f9ca17a8d7236b8d49e"}
,"C:\\Hactive8\\WARSAW-FOX\\fase-3\\finalProject\\server\\h8-kulioh-client-server\\models\\videopremium.js": {"path":"C:\\Hactive8\\WARSAW-FOX\\fase-3\\finalProject\\server\\h8-kulioh-client-server\\models\\videopremium.js","statementMap":{"0":{"start":{"line":4,"column":4},"end":{"line":4,"column":24}},"1":{"start":{"line":5,"column":0},"end":{"line":24,"column":2}},"2":{"start":{"line":16,"column":2},"end":{"line":22,"column":5}},"3":{"start":{"line":23,"column":2},"end":{"line":23,"column":22}}},"fnMap":{"0":{"name":"(anonymous_0)","decl":{"start":{"line":5,"column":17},"end":{"line":5,"column":18}},"loc":{"start":{"line":5,"column":43},"end":{"line":24,"column":1}},"line":5},"1":{"name":"(anonymous_1)","decl":{"start":{"line":12,"column":4},"end":{"line":12,"column":5}},"loc":{"start":{"line":12,"column":29},"end":{"line":14,"column":5}},"line":12}},"branchMap":{},"s":{"0":1,"1":1,"2":1,"3":1},"f":{"0":1,"1":1},"b":{},"_coverageSchema":"1a1c01bbd47fc00a2c39e90264f33305004495a9","hash":"b2909c577f51e697bc057691f07e376a4b13e895"}
,"C:\\Hactive8\\WARSAW-FOX\\fase-3\\finalProject\\server\\h8-kulioh-client-server\\routers\\chapterRoute.js": {"path":"C:\\Hactive8\\WARSAW-FOX\\fase-3\\finalProject\\server\\h8-kulioh-client-server\\routers\\chapterRoute.js","statementMap":{"0":{"start":{"line":1,"column":16},"end":{"line":1,"column":34}},"1":{"start":{"line":2,"column":15},"end":{"line":2,"column":31}},"2":{"start":{"line":3,"column":30},"end":{"line":3,"column":64}},"3":{"start":{"line":4,"column":22},"end":{"line":4,"column":56}},"4":{"start":{"line":6,"column":0},"end":{"line":6,"column":21}},"5":{"start":{"line":8,"column":0},"end":{"line":8,"column":55}},"6":{"start":{"line":10,"column":0},"end":{"line":10,"column":24}}},"fnMap":{},"branchMap":{},"s":{"0":1,"1":1,"2":1,"3":1,"4":1,"5":1,"6":1},"f":{},"b":{},"_coverageSchema":"1a1c01bbd47fc00a2c39e90264f33305004495a9","hash":"dbae4d7d86fe05bbee729cabac1ec98b52e6394d"}
,"C:\\Hactive8\\WARSAW-FOX\\fase-3\\finalProject\\server\\h8-kulioh-client-server\\routers\\index.js": {"path":"C:\\Hactive8\\WARSAW-FOX\\fase-3\\finalProject\\server\\h8-kulioh-client-server\\routers\\index.js","statementMap":{"0":{"start":{"line":1,"column":16},"end":{"line":1,"column":34}},"1":{"start":{"line":2,"column":15},"end":{"line":2,"column":31}},"2":{"start":{"line":4,"column":14},"end":{"line":4,"column":37}},"3":{"start":{"line":5,"column":18},"end":{"line":5,"column":45}},"4":{"start":{"line":6,"column":24},"end":{"line":6,"column":56}},"5":{"start":{"line":7,"column":15},"end":{"line":7,"column":39}},"6":{"start":{"line":8,"column":21},"end":{"line":8,"column":50}},"7":{"start":{"line":9,"column":17},"end":{"line":9,"column":42}},"8":{"start":{"line":10,"column":14},"end":{"line":10,"column":37}},"9":{"start":{"line":11,"column":14},"end":{"line":11,"column":37}},"10":{"start":{"line":12,"column":18},"end":{"line":12,"column":45}},"11":{"start":{"line":14,"column":0},"end":{"line":14,"column":35}},"12":{"start":{"line":15,"column":0},"end":{"line":15,"column":45}},"13":{"start":{"line":16,"column":0},"end":{"line":16,"column":28}},"14":{"start":{"line":17,"column":0},"end":{"line":17,"column":38}},"15":{"start":{"line":18,"column":0},"end":{"line":18,"column":32}},"16":{"start":{"line":19,"column":0},"end":{"line":19,"column":39}},"17":{"start":{"line":20,"column":0},"end":{"line":20,"column":33}},"18":{"start":{"line":21,"column":0},"end":{"line":21,"column":36}},"19":{"start":{"line":22,"column":0},"end":{"line":22,"column":49}},"20":{"start":{"line":26,"column":0},"end":{"line":26,"column":24}}},"fnMap":{},"branchMap":{},"s":{"0":1,"1":1,"2":1,"3":1,"4":1,"5":1,"6":1,"7":1,"8":1,"9":1,"10":1,"11":1,"12":1,"13":1,"14":1,"15":1,"16":1,"17":1,"18":1,"19":1,"20":1},"f":{},"b":{},"_coverageSchema":"1a1c01bbd47fc00a2c39e90264f33305004495a9","hash":"299c0b05f5379becc0dba72302cded2f07df1d32"}
,"C:\\Hactive8\\WARSAW-FOX\\fase-3\\finalProject\\server\\h8-kulioh-client-server\\routers\\majorRoutes.js": {"path":"C:\\Hactive8\\WARSAW-FOX\\fase-3\\finalProject\\server\\h8-kulioh-client-server\\routers\\majorRoutes.js","statementMap":{"0":{"start":{"line":1,"column":16},"end":{"line":1,"column":34}},"1":{"start":{"line":2,"column":15},"end":{"line":2,"column":31}},"2":{"start":{"line":3,"column":28},"end":{"line":3,"column":60}},"3":{"start":{"line":5,"column":0},"end":{"line":5,"column":47}},"4":{"start":{"line":7,"column":0},"end":{"line":7,"column":24}}},"fnMap":{},"branchMap":{},"s":{"0":1,"1":1,"2":1,"3":1,"4":1},"f":{},"b":{},"_coverageSchema":"1a1c01bbd47fc00a2c39e90264f33305004495a9","hash":"ff6164fb4cdb9d94be5335bb697207b1d2a9f8fc"}
,"C:\\Hactive8\\WARSAW-FOX\\fase-3\\finalProject\\server\\h8-kulioh-client-server\\routers\\questionRoutes.js": {"path":"C:\\Hactive8\\WARSAW-FOX\\fase-3\\finalProject\\server\\h8-kulioh-client-server\\routers\\questionRoutes.js","statementMap":{"0":{"start":{"line":1,"column":16},"end":{"line":1,"column":34}},"1":{"start":{"line":2,"column":15},"end":{"line":2,"column":31}},"2":{"start":{"line":3,"column":31},"end":{"line":3,"column":65}},"3":{"start":{"line":4,"column":22},"end":{"line":4,"column":56}},"4":{"start":{"line":6,"column":0},"end":{"line":6,"column":22}},"5":{"start":{"line":8,"column":0},"end":{"line":8,"column":58}},"6":{"start":{"line":9,"column":0},"end":{"line":9,"column":67}},"7":{"start":{"line":10,"column":0},"end":{"line":10,"column":81}},"8":{"start":{"line":13,"column":0},"end":{"line":13,"column":24}}},"fnMap":{},"branchMap":{},"s":{"0":1,"1":1,"2":1,"3":1,"4":1,"5":1,"6":1,"7":1,"8":1},"f":{},"b":{},"_coverageSchema":"1a1c01bbd47fc00a2c39e90264f33305004495a9","hash":"5351dfc2901e6fcbdc95edaf25f5589705fa5d0f"}
,"C:\\Hactive8\\WARSAW-FOX\\fase-3\\finalProject\\server\\h8-kulioh-client-server\\routers\\questionWeeklyRoute.js": {"path":"C:\\Hactive8\\WARSAW-FOX\\fase-3\\finalProject\\server\\h8-kulioh-client-server\\routers\\questionWeeklyRoute.js","statementMap":{"0":{"start":{"line":1,"column":16},"end":{"line":1,"column":34}},"1":{"start":{"line":2,"column":15},"end":{"line":2,"column":31}},"2":{"start":{"line":3,"column":37},"end":{"line":3,"column":77}},"3":{"start":{"line":4,"column":22},"end":{"line":4,"column":56}},"4":{"start":{"line":6,"column":0},"end":{"line":6,"column":22}},"5":{"start":{"line":7,"column":0},"end":{"line":7,"column":76}},"6":{"start":{"line":8,"column":0},"end":{"line":8,"column":72}},"7":{"start":{"line":9,"column":0},"end":{"line":9,"column":70}},"8":{"start":{"line":14,"column":0},"end":{"line":14,"column":24}}},"fnMap":{},"branchMap":{},"s":{"0":1,"1":1,"2":1,"3":1,"4":1,"5":1,"6":1,"7":1,"8":1},"f":{},"b":{},"_coverageSchema":"1a1c01bbd47fc00a2c39e90264f33305004495a9","hash":"94a0668c8b339476bc4bc98bd1f8dfa9da0cb708"}
,"C:\\Hactive8\\WARSAW-FOX\\fase-3\\finalProject\\server\\h8-kulioh-client-server\\routers\\tasksRoute.js": {"path":"C:\\Hactive8\\WARSAW-FOX\\fase-3\\finalProject\\server\\h8-kulioh-client-server\\routers\\tasksRoute.js","statementMap":{"0":{"start":{"line":1,"column":16},"end":{"line":1,"column":34}},"1":{"start":{"line":2,"column":15},"end":{"line":2,"column":31}},"2":{"start":{"line":3,"column":27},"end":{"line":3,"column":58}},"3":{"start":{"line":4,"column":22},"end":{"line":4,"column":56}},"4":{"start":{"line":6,"column":0},"end":{"line":6,"column":22}},"5":{"start":{"line":8,"column":0},"end":{"line":8,"column":46}},"6":{"start":{"line":10,"column":0},"end":{"line":10,"column":24}}},"fnMap":{},"branchMap":{},"s":{"0":1,"1":1,"2":1,"3":1,"4":1,"5":1,"6":1},"f":{},"b":{},"_coverageSchema":"1a1c01bbd47fc00a2c39e90264f33305004495a9","hash":"953545eb96c721cbf0b61864b4afc613e01a4dc8"}
,"C:\\Hactive8\\WARSAW-FOX\\fase-3\\finalProject\\server\\h8-kulioh-client-server\\routers\\todoRouter.js": {"path":"C:\\Hactive8\\WARSAW-FOX\\fase-3\\finalProject\\server\\h8-kulioh-client-server\\routers\\todoRouter.js","statementMap":{"0":{"start":{"line":1,"column":16},"end":{"line":1,"column":34}},"1":{"start":{"line":2,"column":15},"end":{"line":2,"column":31}},"2":{"start":{"line":3,"column":27},"end":{"line":3,"column":58}},"3":{"start":{"line":4,"column":22},"end":{"line":4,"column":56}},"4":{"start":{"line":6,"column":0},"end":{"line":6,"column":21}},"5":{"start":{"line":7,"column":0},"end":{"line":7,"column":46}},"6":{"start":{"line":8,"column":0},"end":{"line":8,"column":54}},"7":{"start":{"line":11,"column":0},"end":{"line":11,"column":24}}},"fnMap":{},"branchMap":{},"s":{"0":1,"1":1,"2":1,"3":1,"4":1,"5":1,"6":1,"7":1},"f":{},"b":{},"_coverageSchema":"1a1c01bbd47fc00a2c39e90264f33305004495a9","hash":"5e0f5336ebab8794ed624d7e46e0fc482b1362ec"}
,"C:\\Hactive8\\WARSAW-FOX\\fase-3\\finalProject\\server\\h8-kulioh-client-server\\routers\\universityRoutes.js": {"path":"C:\\Hactive8\\WARSAW-FOX\\fase-3\\finalProject\\server\\h8-kulioh-client-server\\routers\\universityRoutes.js","statementMap":{"0":{"start":{"line":1,"column":16},"end":{"line":1,"column":34}},"1":{"start":{"line":2,"column":15},"end":{"line":2,"column":31}},"2":{"start":{"line":3,"column":33},"end":{"line":3,"column":71}},"3":{"start":{"line":5,"column":0},"end":{"line":5,"column":62}},"4":{"start":{"line":6,"column":0},"end":{"line":6,"column":70}},"5":{"start":{"line":8,"column":0},"end":{"line":8,"column":24}}},"fnMap":{},"branchMap":{},"s":{"0":1,"1":1,"2":1,"3":1,"4":1,"5":1},"f":{},"b":{},"_coverageSchema":"1a1c01bbd47fc00a2c39e90264f33305004495a9","hash":"557c6435d7355f6e7d25eeff8e508a0146863298"}
,"C:\\Hactive8\\WARSAW-FOX\\fase-3\\finalProject\\server\\h8-kulioh-client-server\\routers\\userAdminRoute.js": {"path":"C:\\Hactive8\\WARSAW-FOX\\fase-3\\finalProject\\server\\h8-kulioh-client-server\\routers\\userAdminRoute.js","statementMap":{"0":{"start":{"line":1,"column":16},"end":{"line":1,"column":34}},"1":{"start":{"line":2,"column":15},"end":{"line":2,"column":31}},"2":{"start":{"line":3,"column":32},"end":{"line":3,"column":67}},"3":{"start":{"line":4,"column":22},"end":{"line":4,"column":56}},"4":{"start":{"line":5,"column":20},"end":{"line":5,"column":58}},"5":{"start":{"line":8,"column":0},"end":{"line":8,"column":55}},"6":{"start":{"line":9,"column":0},"end":{"line":9,"column":49}},"7":{"start":{"line":11,"column":0},"end":{"line":11,"column":21}},"8":{"start":{"line":13,"column":0},"end":{"line":13,"column":83}},"9":{"start":{"line":14,"column":0},"end":{"line":14,"column":86}},"10":{"start":{"line":15,"column":0},"end":{"line":15,"column":89}},"11":{"start":{"line":17,"column":0},"end":{"line":17,"column":79}},"12":{"start":{"line":18,"column":0},"end":{"line":18,"column":83}},"13":{"start":{"line":19,"column":0},"end":{"line":19,"column":85}},"14":{"start":{"line":21,"column":0},"end":{"line":21,"column":80}},"15":{"start":{"line":22,"column":0},"end":{"line":22,"column":83}},"16":{"start":{"line":23,"column":0},"end":{"line":23,"column":86}},"17":{"start":{"line":25,"column":0},"end":{"line":25,"column":85}},"18":{"start":{"line":38,"column":0},"end":{"line":38,"column":24}}},"fnMap":{},"branchMap":{},"s":{"0":1,"1":1,"2":1,"3":1,"4":1,"5":1,"6":1,"7":1,"8":1,"9":1,"10":1,"11":1,"12":1,"13":1,"14":1,"15":1,"16":1,"17":1,"18":1},"f":{},"b":{},"_coverageSchema":"1a1c01bbd47fc00a2c39e90264f33305004495a9","hash":"db990e91fe3a3ab964baf1c161c2f9467394cdb7"}
,"C:\\Hactive8\\WARSAW-FOX\\fase-3\\finalProject\\server\\h8-kulioh-client-server\\routers\\userRoutes.js": {"path":"C:\\Hactive8\\WARSAW-FOX\\fase-3\\finalProject\\server\\h8-kulioh-client-server\\routers\\userRoutes.js","statementMap":{"0":{"start":{"line":1,"column":16},"end":{"line":1,"column":34}},"1":{"start":{"line":2,"column":15},"end":{"line":2,"column":31}},"2":{"start":{"line":3,"column":25},"end":{"line":3,"column":55}},"3":{"start":{"line":4,"column":22},"end":{"line":4,"column":56}},"4":{"start":{"line":7,"column":0},"end":{"line":7,"column":49}},"5":{"start":{"line":8,"column":0},"end":{"line":8,"column":43}},"6":{"start":{"line":10,"column":0},"end":{"line":10,"column":21}},"7":{"start":{"line":12,"column":0},"end":{"line":12,"column":49}},"8":{"start":{"line":13,"column":0},"end":{"line":13,"column":49}},"9":{"start":{"line":15,"column":0},"end":{"line":15,"column":43}},"10":{"start":{"line":16,"column":0},"end":{"line":16,"column":51}},"11":{"start":{"line":18,"column":0},"end":{"line":18,"column":59}},"12":{"start":{"line":19,"column":0},"end":{"line":19,"column":51}},"13":{"start":{"line":28,"column":0},"end":{"line":28,"column":23}}},"fnMap":{},"branchMap":{},"s":{"0":1,"1":1,"2":1,"3":1,"4":1,"5":1,"6":1,"7":1,"8":1,"9":1,"10":1,"11":1,"12":1,"13":1},"f":{},"b":{},"_coverageSchema":"1a1c01bbd47fc00a2c39e90264f33305004495a9","hash":"8de7889091ba9fbadb946574c9a0d4e61dcd2a01"}
}
