{"C:\\Hactive8\\WARSAW-FOX\\fase-3\\finalProject\\server\\h8-kulioh-client-server\\app.js": {"path":"C:\\Hactive8\\WARSAW-FOX\\fase-3\\finalProject\\server\\h8-kulioh-client-server\\app.js","statementMap":{"0":{"start":{"line":1,"column":13},"end":{"line":1,"column":28}},"1":{"start":{"line":2,"column":0},"end":{"line":2,"column":26}},"2":{"start":{"line":3,"column":16},"end":{"line":3,"column":34}},"3":{"start":{"line":4,"column":12},"end":{"line":4,"column":21}},"4":{"start":{"line":5,"column":13},"end":{"line":5,"column":37}},"5":{"start":{"line":6,"column":15},"end":{"line":6,"column":41}},"6":{"start":{"line":8,"column":0},"end":{"line":8,"column":15}},"7":{"start":{"line":9,"column":0},"end":{"line":9,"column":45}},"8":{"start":{"line":10,"column":0},"end":{"line":10,"column":23}},"9":{"start":{"line":12,"column":0},"end":{"line":12,"column":20}},"10":{"start":{"line":14,"column":0},"end":{"line":16,"column":1}}},"fnMap":{},"branchMap":{"0":{"loc":{"start":{"line":5,"column":13},"end":{"line":5,"column":37}},"type":"binary-expr","locations":[{"start":{"line":5,"column":13},"end":{"line":5,"column":29}},{"start":{"line":5,"column":33},"end":{"line":5,"column":37}}],"line":5}},"s":{"0":5,"1":5,"2":5,"3":5,"4":5,"5":5,"6":5,"7":5,"8":5,"9":5,"10":5},"f":{},"b":{"0":[5,5]},"_coverageSchema":"1a1c01bbd47fc00a2c39e90264f33305004495a9","hash":"8f6bf6bc58202519139e25c13d3a79212cbc76c9"}
,"C:\\Hactive8\\WARSAW-FOX\\fase-3\\finalProject\\server\\h8-kulioh-client-server\\controllers\\chapters.js": {"path":"C:\\Hactive8\\WARSAW-FOX\\fase-3\\finalProject\\server\\h8-kulioh-client-server\\controllers\\chapters.js","statementMap":{"0":{"start":{"line":1,"column":20},"end":{"line":1,"column":46}},"1":{"start":{"line":5,"column":4},"end":{"line":11,"column":5}},"2":{"start":{"line":6,"column":26},"end":{"line":6,"column":49}},"3":{"start":{"line":8,"column":6},"end":{"line":8,"column":40}},"4":{"start":{"line":10,"column":6},"end":{"line":10,"column":18}},"5":{"start":{"line":15,"column":0},"end":{"line":17,"column":2}}},"fnMap":{"0":{"name":"(anonymous_0)","decl":{"start":{"line":4,"column":2},"end":{"line":4,"column":3}},"loc":{"start":{"line":4,"column":43},"end":{"line":12,"column":3}},"line":4}},"branchMap":{},"s":{"0":5,"1":0,"2":0,"3":0,"4":0,"5":5},"f":{"0":0},"b":{},"_coverageSchema":"1a1c01bbd47fc00a2c39e90264f33305004495a9","hash":"1df00ac5f080bd5706a40a5af7f28c92221aa056"}
,"C:\\Hactive8\\WARSAW-FOX\\fase-3\\finalProject\\server\\h8-kulioh-client-server\\controllers\\majors.js": {"path":"C:\\Hactive8\\WARSAW-FOX\\fase-3\\finalProject\\server\\h8-kulioh-client-server\\controllers\\majors.js","statementMap":{"0":{"start":{"line":1,"column":30},"end":{"line":1,"column":56}},"1":{"start":{"line":5,"column":4},"end":{"line":28,"column":5}},"2":{"start":{"line":6,"column":31},"end":{"line":6,"column":40}},"3":{"start":{"line":8,"column":20},"end":{"line":11,"column":7}},"4":{"start":{"line":13,"column":6},"end":{"line":17,"column":7}},"5":{"start":{"line":14,"column":8},"end":{"line":16,"column":10}},"6":{"start":{"line":19,"column":23},"end":{"line":19,"column":51}},"7":{"start":{"line":21,"column":6},"end":{"line":23,"column":7}},"8":{"start":{"line":22,"column":8},"end":{"line":22,"column":45}},"9":{"start":{"line":25,"column":6},"end":{"line":25,"column":37}},"10":{"start":{"line":27,"column":6},"end":{"line":27,"column":18}},"11":{"start":{"line":32,"column":0},"end":{"line":34,"column":2}}},"fnMap":{"0":{"name":"(anonymous_0)","decl":{"start":{"line":4,"column":2},"end":{"line":4,"column":3}},"loc":{"start":{"line":4,"column":40},"end":{"line":29,"column":3}},"line":4}},"branchMap":{"0":{"loc":{"start":{"line":13,"column":6},"end":{"line":17,"column":7}},"type":"if","locations":[{"start":{"line":13,"column":6},"end":{"line":17,"column":7}},{"start":{},"end":{}}],"line":13},"1":{"loc":{"start":{"line":21,"column":6},"end":{"line":23,"column":7}},"type":"if","locations":[{"start":{"line":21,"column":6},"end":{"line":23,"column":7}},{"start":{},"end":{}}],"line":21}},"s":{"0":5,"1":0,"2":0,"3":0,"4":0,"5":0,"6":0,"7":0,"8":0,"9":0,"10":0,"11":5},"f":{"0":0},"b":{"0":[0,0],"1":[0,0]},"_coverageSchema":"1a1c01bbd47fc00a2c39e90264f33305004495a9","hash":"852a9e541a20a4cd1c749e4b9983629a0be410e0"}
,"C:\\Hactive8\\WARSAW-FOX\\fase-3\\finalProject\\server\\h8-kulioh-client-server\\controllers\\question.js": {"path":"C:\\Hactive8\\WARSAW-FOX\\fase-3\\finalProject\\server\\h8-kulioh-client-server\\controllers\\question.js","statementMap":{"0":{"start":{"line":1,"column":48},"end":{"line":1,"column":68}},"1":{"start":{"line":5,"column":4},"end":{"line":18,"column":5}},"2":{"start":{"line":6,"column":24},"end":{"line":14,"column":8}},"3":{"start":{"line":15,"column":6},"end":{"line":15,"column":38}},"4":{"start":{"line":17,"column":6},"end":{"line":17,"column":16}},"5":{"start":{"line":22,"column":4},"end":{"line":39,"column":5}},"6":{"start":{"line":23,"column":41},"end":{"line":23,"column":49}},"7":{"start":{"line":25,"column":23},"end":{"line":31,"column":8}},"8":{"start":{"line":26,"column":8},"end":{"line":30,"column":10}},"9":{"start":{"line":33,"column":21},"end":{"line":33,"column":56}},"10":{"start":{"line":34,"column":6},"end":{"line":34,"column":35}},"11":{"start":{"line":37,"column":6},"end":{"line":37,"column":23}},"12":{"start":{"line":38,"column":6},"end":{"line":38,"column":16}},"13":{"start":{"line":43,"column":4},"end":{"line":72,"column":5}},"14":{"start":{"line":44,"column":27},"end":{"line":44,"column":37}},"15":{"start":{"line":45,"column":21},"end":{"line":45,"column":32}},"16":{"start":{"line":46,"column":23},"end":{"line":51,"column":8}},"17":{"start":{"line":54,"column":8},"end":{"line":54,"column":52}},"18":{"start":{"line":55,"column":8},"end":{"line":59,"column":20}},"19":{"start":{"line":62,"column":23},"end":{"line":64,"column":7}},"20":{"start":{"line":63,"column":16},"end":{"line":63,"column":53}},"21":{"start":{"line":66,"column":6},"end":{"line":68,"column":7}},"22":{"start":{"line":67,"column":8},"end":{"line":67,"column":47}},"23":{"start":{"line":69,"column":6},"end":{"line":69,"column":39}},"24":{"start":{"line":71,"column":6},"end":{"line":71,"column":18}},"25":{"start":{"line":76,"column":0},"end":{"line":78,"column":2}}},"fnMap":{"0":{"name":"(anonymous_0)","decl":{"start":{"line":4,"column":2},"end":{"line":4,"column":3}},"loc":{"start":{"line":4,"column":48},"end":{"line":19,"column":3}},"line":4},"1":{"name":"(anonymous_1)","decl":{"start":{"line":21,"column":2},"end":{"line":21,"column":3}},"loc":{"start":{"line":21,"column":48},"end":{"line":40,"column":3}},"line":21},"2":{"name":"(anonymous_2)","decl":{"start":{"line":25,"column":38},"end":{"line":25,"column":39}},"loc":{"start":{"line":25,"column":49},"end":{"line":31,"column":7}},"line":25},"3":{"name":"(anonymous_3)","decl":{"start":{"line":42,"column":2},"end":{"line":42,"column":3}},"loc":{"start":{"line":42,"column":53},"end":{"line":73,"column":3}},"line":42},"4":{"name":"changeDate","decl":{"start":{"line":53,"column":15},"end":{"line":53,"column":25}},"loc":{"start":{"line":53,"column":37},"end":{"line":60,"column":7}},"line":53},"5":{"name":"(anonymous_5)","decl":{"start":{"line":63,"column":8},"end":{"line":63,"column":9}},"loc":{"start":{"line":63,"column":16},"end":{"line":63,"column":53}},"line":63}},"branchMap":{"0":{"loc":{"start":{"line":66,"column":6},"end":{"line":68,"column":7}},"type":"if","locations":[{"start":{"line":66,"column":6},"end":{"line":68,"column":7}},{"start":{},"end":{}}],"line":66}},"s":{"0":5,"1":0,"2":0,"3":0,"4":0,"5":0,"6":0,"7":0,"8":0,"9":0,"10":0,"11":0,"12":0,"13":0,"14":0,"15":0,"16":0,"17":0,"18":0,"19":0,"20":0,"21":0,"22":0,"23":0,"24":0,"25":5},"f":{"0":0,"1":0,"2":0,"3":0,"4":0,"5":0},"b":{"0":[0,0]},"_coverageSchema":"1a1c01bbd47fc00a2c39e90264f33305004495a9","hash":"bceb1e190f6aa27f7e1ae015d803c6f82fc7d3dc"}
,"C:\\Hactive8\\WARSAW-FOX\\fase-3\\finalProject\\server\\h8-kulioh-client-server\\controllers\\questionWeekly.js": {"path":"C:\\Hactive8\\WARSAW-FOX\\fase-3\\finalProject\\server\\h8-kulioh-client-server\\controllers\\questionWeekly.js","statementMap":{"0":{"start":{"line":7,"column":4},"end":{"line":7,"column":24}},"1":{"start":{"line":11,"column":4},"end":{"line":32,"column":5}},"2":{"start":{"line":12,"column":27},"end":{"line":12,"column":37}},"3":{"start":{"line":13,"column":24},"end":{"line":15,"column":8}},"4":{"start":{"line":18,"column":8},"end":{"line":22,"column":20}},"5":{"start":{"line":25,"column":23},"end":{"line":27,"column":7}},"6":{"start":{"line":26,"column":16},"end":{"line":26,"column":55}},"7":{"start":{"line":29,"column":6},"end":{"line":29,"column":39}},"8":{"start":{"line":31,"column":6},"end":{"line":31,"column":16}},"9":{"start":{"line":36,"column":4},"end":{"line":52,"column":5}},"10":{"start":{"line":37,"column":51},"end":{"line":37,"column":59}},"11":{"start":{"line":39,"column":23},"end":{"line":45,"column":8}},"12":{"start":{"line":40,"column":8},"end":{"line":44,"column":10}},"13":{"start":{"line":47,"column":21},"end":{"line":47,"column":66}},"14":{"start":{"line":48,"column":6},"end":{"line":48,"column":35}},"15":{"start":{"line":50,"column":6},"end":{"line":50,"column":23}},"16":{"start":{"line":51,"column":6},"end":{"line":51,"column":16}},"17":{"start":{"line":56,"column":4},"end":{"line":71,"column":5}},"18":{"start":{"line":57,"column":21},"end":{"line":57,"column":32}},"19":{"start":{"line":59,"column":31},"end":{"line":66,"column":7}},"20":{"start":{"line":67,"column":6},"end":{"line":67,"column":45}},"21":{"start":{"line":69,"column":6},"end":{"line":69,"column":23}},"22":{"start":{"line":70,"column":6},"end":{"line":70,"column":16}},"23":{"start":{"line":75,"column":0},"end":{"line":77,"column":2}}},"fnMap":{"0":{"name":"(anonymous_0)","decl":{"start":{"line":10,"column":2},"end":{"line":10,"column":3}},"loc":{"start":{"line":10,"column":49},"end":{"line":33,"column":3}},"line":10},"1":{"name":"changeDate","decl":{"start":{"line":17,"column":15},"end":{"line":17,"column":25}},"loc":{"start":{"line":17,"column":37},"end":{"line":23,"column":7}},"line":17},"2":{"name":"(anonymous_2)","decl":{"start":{"line":26,"column":8},"end":{"line":26,"column":9}},"loc":{"start":{"line":26,"column":16},"end":{"line":26,"column":55}},"line":26},"3":{"name":"(anonymous_3)","decl":{"start":{"line":35,"column":2},"end":{"line":35,"column":3}},"loc":{"start":{"line":35,"column":49},"end":{"line":53,"column":3}},"line":35},"4":{"name":"(anonymous_4)","decl":{"start":{"line":39,"column":38},"end":{"line":39,"column":39}},"loc":{"start":{"line":39,"column":49},"end":{"line":45,"column":7}},"line":39},"5":{"name":"(anonymous_5)","decl":{"start":{"line":55,"column":2},"end":{"line":55,"column":3}},"loc":{"start":{"line":55,"column":48},"end":{"line":72,"column":3}},"line":55}},"branchMap":{},"s":{"0":5,"1":0,"2":0,"3":0,"4":0,"5":0,"6":0,"7":0,"8":0,"9":0,"10":0,"11":0,"12":0,"13":0,"14":0,"15":0,"16":0,"17":0,"18":0,"19":0,"20":0,"21":0,"22":0,"23":5},"f":{"0":0,"1":0,"2":0,"3":0,"4":0,"5":0},"b":{},"_coverageSchema":"1a1c01bbd47fc00a2c39e90264f33305004495a9","hash":"0138c0faa24811ec490316aee8322042d1173ffa"}
,"C:\\Hactive8\\WARSAW-FOX\\fase-3\\finalProject\\server\\h8-kulioh-client-server\\controllers\\tasks.js": {"path":"C:\\Hactive8\\WARSAW-FOX\\fase-3\\finalProject\\server\\h8-kulioh-client-server\\controllers\\tasks.js","statementMap":{"0":{"start":{"line":1,"column":26},"end":{"line":1,"column":52}},"1":{"start":{"line":5,"column":4},"end":{"line":13,"column":5}},"2":{"start":{"line":6,"column":23},"end":{"line":8,"column":8}},"3":{"start":{"line":10,"column":6},"end":{"line":10,"column":37}},"4":{"start":{"line":12,"column":6},"end":{"line":12,"column":18}},"5":{"start":{"line":17,"column":0},"end":{"line":19,"column":2}}},"fnMap":{"0":{"name":"(anonymous_0)","decl":{"start":{"line":4,"column":2},"end":{"line":4,"column":3}},"loc":{"start":{"line":4,"column":40},"end":{"line":14,"column":3}},"line":4}},"branchMap":{},"s":{"0":5,"1":0,"2":0,"3":0,"4":0,"5":5},"f":{"0":0},"b":{},"_coverageSchema":"1a1c01bbd47fc00a2c39e90264f33305004495a9","hash":"491f55372b65e417e70e09ddf6ea92144f464bd6"}
,"C:\\Hactive8\\WARSAW-FOX\\fase-3\\finalProject\\server\\h8-kulioh-client-server\\controllers\\todos.js": {"path":"C:\\Hactive8\\WARSAW-FOX\\fase-3\\finalProject\\server\\h8-kulioh-client-server\\controllers\\todos.js","statementMap":{"0":{"start":{"line":1,"column":38},"end":{"line":1,"column":64}},"1":{"start":{"line":5,"column":4},"end":{"line":25,"column":5}},"2":{"start":{"line":6,"column":21},"end":{"line":6,"column":32}},"3":{"start":{"line":7,"column":23},"end":{"line":20,"column":8}},"4":{"start":{"line":22,"column":6},"end":{"line":22,"column":37}},"5":{"start":{"line":24,"column":6},"end":{"line":24,"column":18}},"6":{"start":{"line":29,"column":4},"end":{"line":54,"column":5}},"7":{"start":{"line":30,"column":21},"end":{"line":30,"column":32}},"8":{"start":{"line":31,"column":21},"end":{"line":31,"column":34}},"9":{"start":{"line":33,"column":25},"end":{"line":33,"column":33}},"10":{"start":{"line":35,"column":26},"end":{"line":45,"column":7}},"11":{"start":{"line":47,"column":6},"end":{"line":51,"column":7}},"12":{"start":{"line":48,"column":8},"end":{"line":48,"column":72}},"13":{"start":{"line":50,"column":8},"end":{"line":50,"column":41}},"14":{"start":{"line":53,"column":6},"end":{"line":53,"column":18}},"15":{"start":{"line":58,"column":0},"end":{"line":60,"column":2}}},"fnMap":{"0":{"name":"(anonymous_0)","decl":{"start":{"line":4,"column":2},"end":{"line":4,"column":3}},"loc":{"start":{"line":4,"column":40},"end":{"line":26,"column":3}},"line":4},"1":{"name":"(anonymous_1)","decl":{"start":{"line":28,"column":2},"end":{"line":28,"column":3}},"loc":{"start":{"line":28,"column":42},"end":{"line":55,"column":3}},"line":28}},"branchMap":{"0":{"loc":{"start":{"line":47,"column":6},"end":{"line":51,"column":7}},"type":"if","locations":[{"start":{"line":47,"column":6},"end":{"line":51,"column":7}},{"start":{"line":49,"column":13},"end":{"line":51,"column":7}}],"line":47}},"s":{"0":5,"1":0,"2":0,"3":0,"4":0,"5":0,"6":0,"7":0,"8":0,"9":0,"10":0,"11":0,"12":0,"13":0,"14":0,"15":5},"f":{"0":0,"1":0},"b":{"0":[0,0]},"_coverageSchema":"1a1c01bbd47fc00a2c39e90264f33305004495a9","hash":"0f041b24890723fad6057241ffe29708438ed034"}
,"C:\\Hactive8\\WARSAW-FOX\\fase-3\\finalProject\\server\\h8-kulioh-client-server\\controllers\\universities.js": {"path":"C:\\Hactive8\\WARSAW-FOX\\fase-3\\finalProject\\server\\h8-kulioh-client-server\\controllers\\universities.js","statementMap":{"0":{"start":{"line":1,"column":23},"end":{"line":1,"column":49}},"1":{"start":{"line":5,"column":4},"end":{"line":26,"column":5}},"2":{"start":{"line":6,"column":23},"end":{"line":6,"column":32}},"3":{"start":{"line":8,"column":20},"end":{"line":10,"column":7}},"4":{"start":{"line":12,"column":6},"end":{"line":16,"column":7}},"5":{"start":{"line":13,"column":8},"end":{"line":15,"column":10}},"6":{"start":{"line":17,"column":28},"end":{"line":17,"column":61}},"7":{"start":{"line":19,"column":6},"end":{"line":21,"column":7}},"8":{"start":{"line":20,"column":8},"end":{"line":20,"column":68}},"9":{"start":{"line":23,"column":6},"end":{"line":23,"column":42}},"10":{"start":{"line":25,"column":6},"end":{"line":25,"column":18}},"11":{"start":{"line":30,"column":4},"end":{"line":42,"column":5}},"12":{"start":{"line":31,"column":21},"end":{"line":31,"column":31}},"13":{"start":{"line":33,"column":32},"end":{"line":33,"column":61}},"14":{"start":{"line":35,"column":6},"end":{"line":37,"column":7}},"15":{"start":{"line":36,"column":8},"end":{"line":36,"column":45}},"16":{"start":{"line":39,"column":6},"end":{"line":39,"column":46}},"17":{"start":{"line":41,"column":6},"end":{"line":41,"column":18}},"18":{"start":{"line":46,"column":0},"end":{"line":48,"column":2}}},"fnMap":{"0":{"name":"(anonymous_0)","decl":{"start":{"line":4,"column":2},"end":{"line":4,"column":3}},"loc":{"start":{"line":4,"column":45},"end":{"line":27,"column":3}},"line":4},"1":{"name":"(anonymous_1)","decl":{"start":{"line":29,"column":2},"end":{"line":29,"column":3}},"loc":{"start":{"line":29,"column":49},"end":{"line":43,"column":3}},"line":29}},"branchMap":{"0":{"loc":{"start":{"line":12,"column":6},"end":{"line":16,"column":7}},"type":"if","locations":[{"start":{"line":12,"column":6},"end":{"line":16,"column":7}},{"start":{},"end":{}}],"line":12},"1":{"loc":{"start":{"line":19,"column":6},"end":{"line":21,"column":7}},"type":"if","locations":[{"start":{"line":19,"column":6},"end":{"line":21,"column":7}},{"start":{},"end":{}}],"line":19},"2":{"loc":{"start":{"line":35,"column":6},"end":{"line":37,"column":7}},"type":"if","locations":[{"start":{"line":35,"column":6},"end":{"line":37,"column":7}},{"start":{},"end":{}}],"line":35}},"s":{"0":5,"1":0,"2":0,"3":0,"4":0,"5":0,"6":0,"7":0,"8":0,"9":0,"10":0,"11":0,"12":0,"13":0,"14":0,"15":0,"16":0,"17":0,"18":5},"f":{"0":0,"1":0},"b":{"0":[0,0],"1":[0,0],"2":[0,0]},"_coverageSchema":"1a1c01bbd47fc00a2c39e90264f33305004495a9","hash":"596a57c13becf48b27f342f29356e6a8668f4b85"}
,"C:\\Hactive8\\WARSAW-FOX\\fase-3\\finalProject\\server\\h8-kulioh-client-server\\controllers\\user.js": {"path":"C:\\Hactive8\\WARSAW-FOX\\fase-3\\finalProject\\server\\h8-kulioh-client-server\\controllers\\user.js","statementMap":{"0":{"start":{"line":5,"column":4},"end":{"line":5,"column":36}},"1":{"start":{"line":18,"column":4},"end":{"line":18,"column":30}},"2":{"start":{"line":19,"column":23},"end":{"line":19,"column":49}},"3":{"start":{"line":20,"column":33},"end":{"line":20,"column":44}},"4":{"start":{"line":24,"column":14},"end":{"line":24,"column":43}},"5":{"start":{"line":25,"column":4},"end":{"line":71,"column":5}},"6":{"start":{"line":26,"column":40},"end":{"line":26,"column":48}},"7":{"start":{"line":27,"column":19},"end":{"line":27,"column":28}},"8":{"start":{"line":28,"column":24},"end":{"line":28,"column":55}},"9":{"start":{"line":30,"column":6},"end":{"line":32,"column":7}},"10":{"start":{"line":31,"column":8},"end":{"line":31,"column":44}},"11":{"start":{"line":34,"column":6},"end":{"line":36,"column":7}},"12":{"start":{"line":35,"column":8},"end":{"line":35,"column":47}},"13":{"start":{"line":38,"column":6},"end":{"line":40,"column":7}},"14":{"start":{"line":39,"column":8},"end":{"line":39,"column":43}},"15":{"start":{"line":42,"column":22},"end":{"line":42,"column":50}},"16":{"start":{"line":43,"column":24},"end":{"line":48,"column":8}},"17":{"start":{"line":44,"column":8},"end":{"line":47,"column":10}},"18":{"start":{"line":49,"column":6},"end":{"line":49,"column":44}},"19":{"start":{"line":51,"column":22},"end":{"line":51,"column":42}},"20":{"start":{"line":52,"column":24},"end":{"line":58,"column":8}},"21":{"start":{"line":53,"column":8},"end":{"line":57,"column":10}},"22":{"start":{"line":59,"column":6},"end":{"line":59,"column":39}},"23":{"start":{"line":61,"column":21},"end":{"line":65,"column":7}},"24":{"start":{"line":66,"column":6},"end":{"line":66,"column":17}},"25":{"start":{"line":67,"column":6},"end":{"line":67,"column":35}},"26":{"start":{"line":69,"column":6},"end":{"line":69,"column":19}},"27":{"start":{"line":70,"column":6},"end":{"line":70,"column":18}},"28":{"start":{"line":75,"column":4},"end":{"line":117,"column":5}},"29":{"start":{"line":76,"column":34},"end":{"line":76,"column":42}},"30":{"start":{"line":77,"column":6},"end":{"line":79,"column":7}},"31":{"start":{"line":78,"column":8},"end":{"line":78,"column":44}},"32":{"start":{"line":81,"column":6},"end":{"line":83,"column":7}},"33":{"start":{"line":82,"column":8},"end":{"line":82,"column":47}},"34":{"start":{"line":85,"column":23},"end":{"line":90,"column":8}},"35":{"start":{"line":92,"column":6},"end":{"line":94,"column":7}},"36":{"start":{"line":93,"column":8},"end":{"line":93,"column":49}},"37":{"start":{"line":96,"column":24},"end":{"line":96,"column":65}},"38":{"start":{"line":98,"column":6},"end":{"line":100,"column":7}},"39":{"start":{"line":99,"column":8},"end":{"line":99,"column":49}},"40":{"start":{"line":102,"column":22},"end":{"line":106,"column":7}},"41":{"start":{"line":108,"column":20},"end":{"line":108,"column":40}},"42":{"start":{"line":110,"column":6},"end":{"line":114,"column":9}},"43":{"start":{"line":116,"column":6},"end":{"line":116,"column":18}},"44":{"start":{"line":121,"column":4},"end":{"line":134,"column":5}},"45":{"start":{"line":122,"column":21},"end":{"line":122,"column":29}},"46":{"start":{"line":123,"column":22},"end":{"line":130,"column":8}},"47":{"start":{"line":131,"column":6},"end":{"line":131,"column":36}},"48":{"start":{"line":133,"column":6},"end":{"line":133,"column":18}},"49":{"start":{"line":138,"column":4},"end":{"line":166,"column":5}},"50":{"start":{"line":139,"column":21},"end":{"line":139,"column":29}},"51":{"start":{"line":140,"column":38},"end":{"line":140,"column":46}},"52":{"start":{"line":142,"column":6},"end":{"line":144,"column":7}},"53":{"start":{"line":143,"column":8},"end":{"line":143,"column":44}},"54":{"start":{"line":146,"column":6},"end":{"line":148,"column":7}},"55":{"start":{"line":147,"column":8},"end":{"line":147,"column":47}},"56":{"start":{"line":150,"column":6},"end":{"line":152,"column":7}},"57":{"start":{"line":151,"column":8},"end":{"line":151,"column":43}},"58":{"start":{"line":154,"column":6},"end":{"line":154,"column":36}},"59":{"start":{"line":155,"column":25},"end":{"line":155,"column":50}},"60":{"start":{"line":157,"column":26},"end":{"line":161,"column":8}},"61":{"start":{"line":163,"column":6},"end":{"line":163,"column":40}},"62":{"start":{"line":165,"column":6},"end":{"line":165,"column":18}},"63":{"start":{"line":170,"column":4},"end":{"line":226,"column":5}},"64":{"start":{"line":171,"column":23},"end":{"line":171,"column":31}},"65":{"start":{"line":172,"column":6},"end":{"line":174,"column":7}},"66":{"start":{"line":173,"column":8},"end":{"line":173,"column":50}},"67":{"start":{"line":176,"column":30},"end":{"line":176,"column":38}},"68":{"start":{"line":178,"column":24},"end":{"line":178,"column":38}},"69":{"start":{"line":179,"column":23},"end":{"line":179,"column":36}},"70":{"start":{"line":181,"column":6},"end":{"line":183,"column":7}},"71":{"start":{"line":182,"column":8},"end":{"line":182,"column":56}},"72":{"start":{"line":185,"column":6},"end":{"line":187,"column":7}},"73":{"start":{"line":186,"column":8},"end":{"line":186,"column":55}},"74":{"start":{"line":189,"column":6},"end":{"line":191,"column":7}},"75":{"start":{"line":190,"column":8},"end":{"line":190,"column":43}},"76":{"start":{"line":193,"column":6},"end":{"line":195,"column":7}},"77":{"start":{"line":194,"column":8},"end":{"line":194,"column":44}},"78":{"start":{"line":197,"column":17},"end":{"line":201,"column":8}},"79":{"start":{"line":203,"column":22},"end":{"line":203,"column":53}},"80":{"start":{"line":205,"column":22},"end":{"line":215,"column":7}},"81":{"start":{"line":217,"column":26},"end":{"line":217,"column":65}},"82":{"start":{"line":219,"column":6},"end":{"line":221,"column":7}},"83":{"start":{"line":220,"column":8},"end":{"line":220,"column":45}},"84":{"start":{"line":223,"column":6},"end":{"line":223,"column":64}},"85":{"start":{"line":225,"column":6},"end":{"line":225,"column":18}},"86":{"start":{"line":230,"column":4},"end":{"line":250,"column":5}},"87":{"start":{"line":231,"column":21},"end":{"line":231,"column":29}},"88":{"start":{"line":232,"column":23},"end":{"line":232,"column":31}},"89":{"start":{"line":234,"column":27},"end":{"line":241,"column":7}},"90":{"start":{"line":243,"column":6},"end":{"line":247,"column":7}},"91":{"start":{"line":244,"column":8},"end":{"line":244,"column":65}},"92":{"start":{"line":246,"column":8},"end":{"line":246,"column":43}},"93":{"start":{"line":249,"column":6},"end":{"line":249,"column":18}},"94":{"start":{"line":254,"column":4},"end":{"line":316,"column":5}},"95":{"start":{"line":255,"column":26},"end":{"line":259,"column":8}},"96":{"start":{"line":260,"column":24},"end":{"line":260,"column":25}},"97":{"start":{"line":261,"column":15},"end":{"line":261,"column":16}},"98":{"start":{"line":262,"column":20},"end":{"line":262,"column":21}},"99":{"start":{"line":263,"column":16},"end":{"line":263,"column":17}},"100":{"start":{"line":264,"column":21},"end":{"line":264,"column":22}},"101":{"start":{"line":265,"column":15},"end":{"line":265,"column":16}},"102":{"start":{"line":266,"column":20},"end":{"line":266,"column":21}},"103":{"start":{"line":267,"column":16},"end":{"line":267,"column":17}},"104":{"start":{"line":268,"column":21},"end":{"line":268,"column":22}},"105":{"start":{"line":269,"column":6},"end":{"line":304,"column":7}},"106":{"start":{"line":270,"column":8},"end":{"line":303,"column":9}},"107":{"start":{"line":271,"column":27},"end":{"line":271,"column":70}},"108":{"start":{"line":272,"column":25},"end":{"line":272,"column":72}},"109":{"start":{"line":273,"column":10},"end":{"line":302,"column":11}},"110":{"start":{"line":275,"column":14},"end":{"line":275,"column":22}},"111":{"start":{"line":276,"column":14},"end":{"line":279,"column":15}},"112":{"start":{"line":277,"column":16},"end":{"line":277,"column":33}},"113":{"start":{"line":278,"column":16},"end":{"line":278,"column":29}},"114":{"start":{"line":280,"column":14},"end":{"line":280,"column":20}},"115":{"start":{"line":282,"column":14},"end":{"line":282,"column":23}},"116":{"start":{"line":283,"column":14},"end":{"line":286,"column":15}},"117":{"start":{"line":284,"column":16},"end":{"line":284,"column":33}},"118":{"start":{"line":285,"column":16},"end":{"line":285,"column":30}},"119":{"start":{"line":287,"column":14},"end":{"line":287,"column":20}},"120":{"start":{"line":289,"column":14},"end":{"line":289,"column":22}},"121":{"start":{"line":290,"column":14},"end":{"line":293,"column":15}},"122":{"start":{"line":291,"column":16},"end":{"line":291,"column":33}},"123":{"start":{"line":292,"column":16},"end":{"line":292,"column":29}},"124":{"start":{"line":294,"column":14},"end":{"line":294,"column":20}},"125":{"start":{"line":296,"column":14},"end":{"line":296,"column":23}},"126":{"start":{"line":297,"column":14},"end":{"line":300,"column":15}},"127":{"start":{"line":298,"column":16},"end":{"line":298,"column":33}},"128":{"start":{"line":299,"column":16},"end":{"line":299,"column":30}},"129":{"start":{"line":301,"column":14},"end":{"line":301,"column":20}},"130":{"start":{"line":305,"column":6},"end":{"line":313,"column":9}},"131":{"start":{"line":315,"column":6},"end":{"line":315,"column":16}},"132":{"start":{"line":320,"column":14},"end":{"line":320,"column":43}},"133":{"start":{"line":321,"column":4},"end":{"line":347,"column":5}},"134":{"start":{"line":322,"column":6},"end":{"line":329,"column":8}},"135":{"start":{"line":330,"column":6},"end":{"line":341,"column":7}},"136":{"start":{"line":331,"column":8},"end":{"line":340,"column":10}},"137":{"start":{"line":342,"column":6},"end":{"line":342,"column":16}},"138":{"start":{"line":343,"column":6},"end":{"line":343,"column":48}},"139":{"start":{"line":345,"column":6},"end":{"line":345,"column":18}},"140":{"start":{"line":346,"column":6},"end":{"line":346,"column":15}},"141":{"start":{"line":351,"column":4},"end":{"line":411,"column":7}},"142":{"start":{"line":352,"column":20},"end":{"line":357,"column":8}},"143":{"start":{"line":358,"column":23},"end":{"line":358,"column":24}},"144":{"start":{"line":359,"column":24},"end":{"line":359,"column":36}},"145":{"start":{"line":360,"column":15},"end":{"line":360,"column":16}},"146":{"start":{"line":361,"column":19},"end":{"line":361,"column":20}},"147":{"start":{"line":362,"column":16},"end":{"line":362,"column":17}},"148":{"start":{"line":363,"column":20},"end":{"line":363,"column":21}},"149":{"start":{"line":364,"column":15},"end":{"line":364,"column":16}},"150":{"start":{"line":365,"column":19},"end":{"line":365,"column":20}},"151":{"start":{"line":366,"column":16},"end":{"line":366,"column":17}},"152":{"start":{"line":367,"column":20},"end":{"line":367,"column":21}},"153":{"start":{"line":368,"column":6},"end":{"line":399,"column":9}},"154":{"start":{"line":369,"column":8},"end":{"line":398,"column":11}},"155":{"start":{"line":371,"column":12},"end":{"line":371,"column":18}},"156":{"start":{"line":372,"column":12},"end":{"line":375,"column":13}},"157":{"start":{"line":373,"column":14},"end":{"line":373,"column":28}},"158":{"start":{"line":374,"column":14},"end":{"line":374,"column":24}},"159":{"start":{"line":376,"column":12},"end":{"line":376,"column":18}},"160":{"start":{"line":378,"column":12},"end":{"line":378,"column":19}},"161":{"start":{"line":379,"column":12},"end":{"line":382,"column":13}},"162":{"start":{"line":380,"column":14},"end":{"line":380,"column":28}},"163":{"start":{"line":381,"column":14},"end":{"line":381,"column":25}},"164":{"start":{"line":383,"column":12},"end":{"line":383,"column":18}},"165":{"start":{"line":385,"column":12},"end":{"line":385,"column":18}},"166":{"start":{"line":386,"column":12},"end":{"line":389,"column":13}},"167":{"start":{"line":387,"column":14},"end":{"line":387,"column":28}},"168":{"start":{"line":388,"column":14},"end":{"line":388,"column":24}},"169":{"start":{"line":390,"column":12},"end":{"line":390,"column":18}},"170":{"start":{"line":392,"column":12},"end":{"line":392,"column":19}},"171":{"start":{"line":393,"column":12},"end":{"line":396,"column":13}},"172":{"start":{"line":394,"column":14},"end":{"line":394,"column":28}},"173":{"start":{"line":395,"column":14},"end":{"line":395,"column":25}},"174":{"start":{"line":397,"column":12},"end":{"line":397,"column":18}},"175":{"start":{"line":400,"column":8},"end":{"line":408,"column":10}},"176":{"start":{"line":410,"column":8},"end":{"line":410,"column":17}},"177":{"start":{"line":415,"column":4},"end":{"line":425,"column":5}},"178":{"start":{"line":416,"column":26},"end":{"line":421,"column":8}},"179":{"start":{"line":422,"column":6},"end":{"line":422,"column":39}},"180":{"start":{"line":424,"column":6},"end":{"line":424,"column":15}},"181":{"start":{"line":429,"column":0},"end":{"line":431,"column":2}}},"fnMap":{"0":{"name":"(anonymous_0)","decl":{"start":{"line":23,"column":2},"end":{"line":23,"column":3}},"loc":{"start":{"line":23,"column":40},"end":{"line":72,"column":3}},"line":23},"1":{"name":"(anonymous_1)","decl":{"start":{"line":43,"column":43},"end":{"line":43,"column":44}},"loc":{"start":{"line":43,"column":56},"end":{"line":48,"column":7}},"line":43},"2":{"name":"(anonymous_2)","decl":{"start":{"line":52,"column":36},"end":{"line":52,"column":37}},"loc":{"start":{"line":52,"column":44},"end":{"line":58,"column":7}},"line":52},"3":{"name":"(anonymous_3)","decl":{"start":{"line":74,"column":2},"end":{"line":74,"column":3}},"loc":{"start":{"line":74,"column":37},"end":{"line":118,"column":3}},"line":74},"4":{"name":"(anonymous_4)","decl":{"start":{"line":120,"column":2},"end":{"line":120,"column":3}},"loc":{"start":{"line":120,"column":42},"end":{"line":135,"column":3}},"line":120},"5":{"name":"(anonymous_5)","decl":{"start":{"line":137,"column":2},"end":{"line":137,"column":3}},"loc":{"start":{"line":137,"column":43},"end":{"line":167,"column":3}},"line":137},"6":{"name":"(anonymous_6)","decl":{"start":{"line":169,"column":2},"end":{"line":169,"column":3}},"loc":{"start":{"line":169,"column":45},"end":{"line":227,"column":3}},"line":169},"7":{"name":"(anonymous_7)","decl":{"start":{"line":229,"column":2},"end":{"line":229,"column":3}},"loc":{"start":{"line":229,"column":42},"end":{"line":251,"column":3}},"line":229},"8":{"name":"(anonymous_8)","decl":{"start":{"line":253,"column":2},"end":{"line":253,"column":3}},"loc":{"start":{"line":253,"column":39},"end":{"line":317,"column":3}},"line":253},"9":{"name":"(anonymous_9)","decl":{"start":{"line":319,"column":2},"end":{"line":319,"column":3}},"loc":{"start":{"line":319,"column":42},"end":{"line":348,"column":3}},"line":319},"10":{"name":"(anonymous_10)","decl":{"start":{"line":350,"column":2},"end":{"line":350,"column":3}},"loc":{"start":{"line":350,"column":43},"end":{"line":412,"column":3}},"line":350},"11":{"name":"(anonymous_11)","decl":{"start":{"line":414,"column":2},"end":{"line":414,"column":3}},"loc":{"start":{"line":414,"column":51},"end":{"line":426,"column":3}},"line":414}},"branchMap":{"0":{"loc":{"start":{"line":30,"column":6},"end":{"line":32,"column":7}},"type":"if","locations":[{"start":{"line":30,"column":6},"end":{"line":32,"column":7}},{"start":{},"end":{}}],"line":30},"1":{"loc":{"start":{"line":34,"column":6},"end":{"line":36,"column":7}},"type":"if","locations":[{"start":{"line":34,"column":6},"end":{"line":36,"column":7}},{"start":{},"end":{}}],"line":34},"2":{"loc":{"start":{"line":38,"column":6},"end":{"line":40,"column":7}},"type":"if","locations":[{"start":{"line":38,"column":6},"end":{"line":40,"column":7}},{"start":{},"end":{}}],"line":38},"3":{"loc":{"start":{"line":77,"column":6},"end":{"line":79,"column":7}},"type":"if","locations":[{"start":{"line":77,"column":6},"end":{"line":79,"column":7}},{"start":{},"end":{}}],"line":77},"4":{"loc":{"start":{"line":81,"column":6},"end":{"line":83,"column":7}},"type":"if","locations":[{"start":{"line":81,"column":6},"end":{"line":83,"column":7}},{"start":{},"end":{}}],"line":81},"5":{"loc":{"start":{"line":92,"column":6},"end":{"line":94,"column":7}},"type":"if","locations":[{"start":{"line":92,"column":6},"end":{"line":94,"column":7}},{"start":{},"end":{}}],"line":92},"6":{"loc":{"start":{"line":98,"column":6},"end":{"line":100,"column":7}},"type":"if","locations":[{"start":{"line":98,"column":6},"end":{"line":100,"column":7}},{"start":{},"end":{}}],"line":98},"7":{"loc":{"start":{"line":142,"column":6},"end":{"line":144,"column":7}},"type":"if","locations":[{"start":{"line":142,"column":6},"end":{"line":144,"column":7}},{"start":{},"end":{}}],"line":142},"8":{"loc":{"start":{"line":146,"column":6},"end":{"line":148,"column":7}},"type":"if","locations":[{"start":{"line":146,"column":6},"end":{"line":148,"column":7}},{"start":{},"end":{}}],"line":146},"9":{"loc":{"start":{"line":150,"column":6},"end":{"line":152,"column":7}},"type":"if","locations":[{"start":{"line":150,"column":6},"end":{"line":152,"column":7}},{"start":{},"end":{}}],"line":150},"10":{"loc":{"start":{"line":172,"column":6},"end":{"line":174,"column":7}},"type":"if","locations":[{"start":{"line":172,"column":6},"end":{"line":174,"column":7}},{"start":{},"end":{}}],"line":172},"11":{"loc":{"start":{"line":181,"column":6},"end":{"line":183,"column":7}},"type":"if","locations":[{"start":{"line":181,"column":6},"end":{"line":183,"column":7}},{"start":{},"end":{}}],"line":181},"12":{"loc":{"start":{"line":185,"column":6},"end":{"line":187,"column":7}},"type":"if","locations":[{"start":{"line":185,"column":6},"end":{"line":187,"column":7}},{"start":{},"end":{}}],"line":185},"13":{"loc":{"start":{"line":189,"column":6},"end":{"line":191,"column":7}},"type":"if","locations":[{"start":{"line":189,"column":6},"end":{"line":191,"column":7}},{"start":{},"end":{}}],"line":189},"14":{"loc":{"start":{"line":193,"column":6},"end":{"line":195,"column":7}},"type":"if","locations":[{"start":{"line":193,"column":6},"end":{"line":195,"column":7}},{"start":{},"end":{}}],"line":193},"15":{"loc":{"start":{"line":219,"column":6},"end":{"line":221,"column":7}},"type":"if","locations":[{"start":{"line":219,"column":6},"end":{"line":221,"column":7}},{"start":{},"end":{}}],"line":219},"16":{"loc":{"start":{"line":243,"column":6},"end":{"line":247,"column":7}},"type":"if","locations":[{"start":{"line":243,"column":6},"end":{"line":247,"column":7}},{"start":{"line":245,"column":13},"end":{"line":247,"column":7}}],"line":243},"17":{"loc":{"start":{"line":270,"column":8},"end":{"line":303,"column":9}},"type":"if","locations":[{"start":{"line":270,"column":8},"end":{"line":303,"column":9}},{"start":{},"end":{}}],"line":270},"18":{"loc":{"start":{"line":273,"column":10},"end":{"line":302,"column":11}},"type":"switch","locations":[{"start":{"line":274,"column":12},"end":{"line":280,"column":20}},{"start":{"line":281,"column":12},"end":{"line":287,"column":20}},{"start":{"line":288,"column":12},"end":{"line":294,"column":20}},{"start":{"line":295,"column":12},"end":{"line":301,"column":20}}],"line":273},"19":{"loc":{"start":{"line":276,"column":14},"end":{"line":279,"column":15}},"type":"if","locations":[{"start":{"line":276,"column":14},"end":{"line":279,"column":15}},{"start":{},"end":{}}],"line":276},"20":{"loc":{"start":{"line":283,"column":14},"end":{"line":286,"column":15}},"type":"if","locations":[{"start":{"line":283,"column":14},"end":{"line":286,"column":15}},{"start":{},"end":{}}],"line":283},"21":{"loc":{"start":{"line":290,"column":14},"end":{"line":293,"column":15}},"type":"if","locations":[{"start":{"line":290,"column":14},"end":{"line":293,"column":15}},{"start":{},"end":{}}],"line":290},"22":{"loc":{"start":{"line":297,"column":14},"end":{"line":300,"column":15}},"type":"if","locations":[{"start":{"line":297,"column":14},"end":{"line":300,"column":15}},{"start":{},"end":{}}],"line":297},"23":{"loc":{"start":{"line":369,"column":8},"end":{"line":398,"column":11}},"type":"switch","locations":[{"start":{"line":370,"column":10},"end":{"line":376,"column":18}},{"start":{"line":377,"column":10},"end":{"line":383,"column":18}},{"start":{"line":384,"column":10},"end":{"line":390,"column":18}},{"start":{"line":391,"column":10},"end":{"line":397,"column":18}}],"line":369},"24":{"loc":{"start":{"line":372,"column":12},"end":{"line":375,"column":13}},"type":"if","locations":[{"start":{"line":372,"column":12},"end":{"line":375,"column":13}},{"start":{},"end":{}}],"line":372},"25":{"loc":{"start":{"line":379,"column":12},"end":{"line":382,"column":13}},"type":"if","locations":[{"start":{"line":379,"column":12},"end":{"line":382,"column":13}},{"start":{},"end":{}}],"line":379},"26":{"loc":{"start":{"line":386,"column":12},"end":{"line":389,"column":13}},"type":"if","locations":[{"start":{"line":386,"column":12},"end":{"line":389,"column":13}},{"start":{},"end":{}}],"line":386},"27":{"loc":{"start":{"line":393,"column":12},"end":{"line":396,"column":13}},"type":"if","locations":[{"start":{"line":393,"column":12},"end":{"line":396,"column":13}},{"start":{},"end":{}}],"line":393}},"s":{"0":5,"1":5,"2":5,"3":5,"4":4,"5":4,"6":4,"7":4,"8":4,"9":4,"10":1,"11":3,"12":1,"13":2,"14":1,"15":1,"16":1,"17":2,"18":1,"19":1,"20":1,"21":0,"22":1,"23":1,"24":1,"25":1,"26":3,"27":3,"28":4,"29":4,"30":4,"31":2,"32":2,"33":0,"34":2,"35":2,"36":1,"37":1,"38":1,"39":0,"40":1,"41":1,"42":1,"43":3,"44":2,"45":2,"46":2,"47":2,"48":0,"49":0,"50":0,"51":0,"52":0,"53":0,"54":0,"55":0,"56":0,"57":0,"58":0,"59":0,"60":0,"61":0,"62":0,"63":0,"64":0,"65":0,"66":0,"67":0,"68":0,"69":0,"70":0,"71":0,"72":0,"73":0,"74":0,"75":0,"76":0,"77":0,"78":0,"79":0,"80":0,"81":0,"82":0,"83":0,"84":0,"85":0,"86":0,"87":0,"88":0,"89":0,"90":0,"91":0,"92":0,"93":0,"94":1,"95":1,"96":1,"97":1,"98":1,"99":1,"100":1,"101":1,"102":1,"103":1,"104":1,"105":1,"106":1,"107":1,"108":1,"109":1,"110":0,"111":0,"112":0,"113":0,"114":0,"115":0,"116":0,"117":0,"118":0,"119":0,"120":1,"121":1,"122":0,"123":0,"124":1,"125":0,"126":0,"127":0,"128":0,"129":0,"130":1,"131":0,"132":2,"133":2,"134":2,"135":2,"136":4,"137":2,"138":2,"139":0,"140":0,"141":1,"142":1,"143":1,"144":1,"145":1,"146":1,"147":1,"148":1,"149":1,"150":1,"151":1,"152":1,"153":1,"154":0,"155":0,"156":0,"157":0,"158":0,"159":0,"160":0,"161":0,"162":0,"163":0,"164":0,"165":0,"166":0,"167":0,"168":0,"169":0,"170":0,"171":0,"172":0,"173":0,"174":0,"175":1,"176":0,"177":1,"178":1,"179":1,"180":0,"181":5},"f":{"0":4,"1":2,"2":0,"3":4,"4":2,"5":0,"6":0,"7":0,"8":1,"9":2,"10":1,"11":1},"b":{"0":[1,3],"1":[1,2],"2":[1,1],"3":[2,2],"4":[0,2],"5":[1,1],"6":[0,1],"7":[0,0],"8":[0,0],"9":[0,0],"10":[0,0],"11":[0,0],"12":[0,0],"13":[0,0],"14":[0,0],"15":[0,0],"16":[0,0],"17":[1,0],"18":[0,0,1,0],"19":[0,0],"20":[0,0],"21":[0,1],"22":[0,0],"23":[0,0,0,0],"24":[0,0],"25":[0,0],"26":[0,0],"27":[0,0]},"_coverageSchema":"1a1c01bbd47fc00a2c39e90264f33305004495a9","hash":"9e06e948e6bf3323dd10d7527f5fb5517080e210"}
,"C:\\Hactive8\\WARSAW-FOX\\fase-3\\finalProject\\server\\h8-kulioh-client-server\\controllers\\userAdmin.js": {"path":"C:\\Hactive8\\WARSAW-FOX\\fase-3\\finalProject\\server\\h8-kulioh-client-server\\controllers\\userAdmin.js","statementMap":{"0":{"start":{"line":5,"column":4},"end":{"line":5,"column":36}},"1":{"start":{"line":19,"column":4},"end":{"line":19,"column":30}},"2":{"start":{"line":20,"column":23},"end":{"line":20,"column":49}},"3":{"start":{"line":21,"column":33},"end":{"line":21,"column":44}},"4":{"start":{"line":25,"column":4},"end":{"line":52,"column":5}},"5":{"start":{"line":26,"column":40},"end":{"line":26,"column":48}},"6":{"start":{"line":27,"column":19},"end":{"line":27,"column":26}},"7":{"start":{"line":28,"column":24},"end":{"line":28,"column":55}},"8":{"start":{"line":30,"column":6},"end":{"line":32,"column":7}},"9":{"start":{"line":31,"column":8},"end":{"line":31,"column":44}},"10":{"start":{"line":34,"column":6},"end":{"line":36,"column":7}},"11":{"start":{"line":35,"column":8},"end":{"line":35,"column":47}},"12":{"start":{"line":38,"column":6},"end":{"line":40,"column":7}},"13":{"start":{"line":39,"column":8},"end":{"line":39,"column":43}},"14":{"start":{"line":42,"column":23},"end":{"line":42,"column":51}},"15":{"start":{"line":44,"column":21},"end":{"line":48,"column":7}},"16":{"start":{"line":49,"column":6},"end":{"line":49,"column":35}},"17":{"start":{"line":51,"column":6},"end":{"line":51,"column":18}},"18":{"start":{"line":56,"column":4},"end":{"line":93,"column":5}},"19":{"start":{"line":57,"column":34},"end":{"line":57,"column":42}},"20":{"start":{"line":58,"column":6},"end":{"line":60,"column":7}},"21":{"start":{"line":59,"column":8},"end":{"line":59,"column":44}},"22":{"start":{"line":62,"column":6},"end":{"line":64,"column":7}},"23":{"start":{"line":63,"column":8},"end":{"line":63,"column":47}},"24":{"start":{"line":66,"column":23},"end":{"line":70,"column":8}},"25":{"start":{"line":72,"column":6},"end":{"line":74,"column":7}},"26":{"start":{"line":73,"column":8},"end":{"line":73,"column":49}},"27":{"start":{"line":76,"column":24},"end":{"line":76,"column":65}},"28":{"start":{"line":78,"column":6},"end":{"line":80,"column":7}},"29":{"start":{"line":79,"column":8},"end":{"line":79,"column":49}},"30":{"start":{"line":82,"column":22},"end":{"line":86,"column":7}},"31":{"start":{"line":88,"column":20},"end":{"line":88,"column":40}},"32":{"start":{"line":90,"column":6},"end":{"line":90,"column":52}},"33":{"start":{"line":92,"column":6},"end":{"line":92,"column":18}},"34":{"start":{"line":97,"column":14},"end":{"line":97,"column":43}},"35":{"start":{"line":99,"column":4},"end":{"line":136,"column":5}},"36":{"start":{"line":100,"column":65},"end":{"line":100,"column":73}},"37":{"start":{"line":101,"column":6},"end":{"line":103,"column":7}},"38":{"start":{"line":102,"column":8},"end":{"line":102,"column":46}},"39":{"start":{"line":104,"column":6},"end":{"line":106,"column":7}},"40":{"start":{"line":105,"column":8},"end":{"line":105,"column":46}},"41":{"start":{"line":107,"column":6},"end":{"line":109,"column":7}},"42":{"start":{"line":108,"column":8},"end":{"line":108,"column":46}},"43":{"start":{"line":110,"column":6},"end":{"line":112,"column":7}},"44":{"start":{"line":111,"column":8},"end":{"line":111,"column":46}},"45":{"start":{"line":113,"column":6},"end":{"line":115,"column":7}},"46":{"start":{"line":114,"column":8},"end":{"line":114,"column":46}},"47":{"start":{"line":117,"column":25},"end":{"line":117,"column":58}},"48":{"start":{"line":119,"column":31},"end":{"line":119,"column":64}},"49":{"start":{"line":121,"column":25},"end":{"line":127,"column":8}},"50":{"start":{"line":122,"column":8},"end":{"line":126,"column":10}},"51":{"start":{"line":129,"column":34},"end":{"line":129,"column":74}},"52":{"start":{"line":130,"column":6},"end":{"line":130,"column":17}},"53":{"start":{"line":131,"column":6},"end":{"line":131,"column":78}},"54":{"start":{"line":133,"column":6},"end":{"line":133,"column":19}},"55":{"start":{"line":135,"column":6},"end":{"line":135,"column":18}},"56":{"start":{"line":140,"column":14},"end":{"line":140,"column":43}},"57":{"start":{"line":141,"column":4},"end":{"line":209,"column":5}},"58":{"start":{"line":142,"column":25},"end":{"line":142,"column":33}},"59":{"start":{"line":143,"column":6},"end":{"line":145,"column":7}},"60":{"start":{"line":144,"column":8},"end":{"line":144,"column":46}},"61":{"start":{"line":147,"column":6},"end":{"line":201,"column":7}},"62":{"start":{"line":148,"column":25},"end":{"line":155,"column":9}},"63":{"start":{"line":157,"column":22},"end":{"line":164,"column":9}},"64":{"start":{"line":166,"column":22},"end":{"line":173,"column":9}},"65":{"start":{"line":175,"column":22},"end":{"line":182,"column":9}},"66":{"start":{"line":184,"column":22},"end":{"line":191,"column":9}},"67":{"start":{"line":193,"column":22},"end":{"line":200,"column":9}},"68":{"start":{"line":203,"column":6},"end":{"line":203,"column":23}},"69":{"start":{"line":204,"column":6},"end":{"line":204,"column":78}},"70":{"start":{"line":206,"column":6},"end":{"line":206,"column":19}},"71":{"start":{"line":208,"column":6},"end":{"line":208,"column":25}},"72":{"start":{"line":213,"column":14},"end":{"line":213,"column":43}},"73":{"start":{"line":215,"column":4},"end":{"line":264,"column":5}},"74":{"start":{"line":216,"column":21},"end":{"line":216,"column":31}},"75":{"start":{"line":217,"column":65},"end":{"line":217,"column":73}},"76":{"start":{"line":218,"column":6},"end":{"line":220,"column":7}},"77":{"start":{"line":219,"column":8},"end":{"line":219,"column":46}},"78":{"start":{"line":221,"column":6},"end":{"line":223,"column":7}},"79":{"start":{"line":222,"column":8},"end":{"line":222,"column":47}},"80":{"start":{"line":224,"column":6},"end":{"line":226,"column":7}},"81":{"start":{"line":225,"column":8},"end":{"line":225,"column":50}},"82":{"start":{"line":227,"column":6},"end":{"line":229,"column":7}},"83":{"start":{"line":228,"column":8},"end":{"line":228,"column":45}},"84":{"start":{"line":230,"column":6},"end":{"line":232,"column":7}},"85":{"start":{"line":231,"column":8},"end":{"line":231,"column":46}},"86":{"start":{"line":234,"column":23},"end":{"line":234,"column":56}},"87":{"start":{"line":236,"column":31},"end":{"line":241,"column":8}},"88":{"start":{"line":243,"column":25},"end":{"line":249,"column":8}},"89":{"start":{"line":244,"column":8},"end":{"line":248,"column":10}},"90":{"start":{"line":251,"column":6},"end":{"line":256,"column":9}},"91":{"start":{"line":258,"column":34},"end":{"line":258,"column":92}},"92":{"start":{"line":259,"column":6},"end":{"line":259,"column":17}},"93":{"start":{"line":260,"column":6},"end":{"line":260,"column":78}},"94":{"start":{"line":262,"column":6},"end":{"line":262,"column":19}},"95":{"start":{"line":263,"column":6},"end":{"line":263,"column":18}},"96":{"start":{"line":268,"column":14},"end":{"line":268,"column":43}},"97":{"start":{"line":270,"column":4},"end":{"line":290,"column":5}},"98":{"start":{"line":271,"column":21},"end":{"line":271,"column":31}},"99":{"start":{"line":272,"column":29},"end":{"line":277,"column":8}},"100":{"start":{"line":279,"column":32},"end":{"line":284,"column":8}},"101":{"start":{"line":285,"column":6},"end":{"line":285,"column":17}},"102":{"start":{"line":286,"column":6},"end":{"line":286,"column":78}},"103":{"start":{"line":288,"column":6},"end":{"line":288,"column":19}},"104":{"start":{"line":289,"column":6},"end":{"line":289,"column":18}},"105":{"start":{"line":294,"column":14},"end":{"line":294,"column":43}},"106":{"start":{"line":296,"column":4},"end":{"line":326,"column":5}},"107":{"start":{"line":297,"column":45},"end":{"line":297,"column":53}},"108":{"start":{"line":299,"column":6},"end":{"line":301,"column":7}},"109":{"start":{"line":300,"column":8},"end":{"line":300,"column":43}},"110":{"start":{"line":302,"column":6},"end":{"line":304,"column":7}},"111":{"start":{"line":303,"column":8},"end":{"line":303,"column":46}},"112":{"start":{"line":305,"column":6},"end":{"line":307,"column":7}},"113":{"start":{"line":306,"column":8},"end":{"line":306,"column":50}},"114":{"start":{"line":309,"column":32},"end":{"line":309,"column":49}},"115":{"start":{"line":311,"column":25},"end":{"line":311,"column":64}},"116":{"start":{"line":313,"column":29},"end":{"line":316,"column":7}},"117":{"start":{"line":318,"column":22},"end":{"line":318,"column":73}},"118":{"start":{"line":319,"column":6},"end":{"line":319,"column":17}},"119":{"start":{"line":321,"column":6},"end":{"line":321,"column":76}},"120":{"start":{"line":323,"column":6},"end":{"line":323,"column":19}},"121":{"start":{"line":325,"column":6},"end":{"line":325,"column":18}},"122":{"start":{"line":330,"column":14},"end":{"line":330,"column":43}},"123":{"start":{"line":332,"column":4},"end":{"line":370,"column":5}},"124":{"start":{"line":333,"column":21},"end":{"line":333,"column":31}},"125":{"start":{"line":334,"column":45},"end":{"line":334,"column":53}},"126":{"start":{"line":336,"column":6},"end":{"line":338,"column":7}},"127":{"start":{"line":337,"column":8},"end":{"line":337,"column":43}},"128":{"start":{"line":339,"column":6},"end":{"line":341,"column":7}},"129":{"start":{"line":340,"column":8},"end":{"line":340,"column":46}},"130":{"start":{"line":342,"column":6},"end":{"line":344,"column":7}},"131":{"start":{"line":343,"column":8},"end":{"line":343,"column":50}},"132":{"start":{"line":346,"column":30},"end":{"line":346,"column":47}},"133":{"start":{"line":348,"column":28},"end":{"line":353,"column":8}},"134":{"start":{"line":355,"column":25},"end":{"line":363,"column":7}},"135":{"start":{"line":364,"column":6},"end":{"line":364,"column":17}},"136":{"start":{"line":366,"column":6},"end":{"line":366,"column":70}},"137":{"start":{"line":368,"column":6},"end":{"line":368,"column":19}},"138":{"start":{"line":369,"column":6},"end":{"line":369,"column":18}},"139":{"start":{"line":374,"column":14},"end":{"line":374,"column":43}},"140":{"start":{"line":376,"column":4},"end":{"line":402,"column":5}},"141":{"start":{"line":377,"column":21},"end":{"line":377,"column":31}},"142":{"start":{"line":379,"column":28},"end":{"line":384,"column":8}},"143":{"start":{"line":386,"column":6},"end":{"line":388,"column":7}},"144":{"start":{"line":387,"column":8},"end":{"line":387,"column":49}},"145":{"start":{"line":390,"column":25},"end":{"line":395,"column":8}},"146":{"start":{"line":396,"column":6},"end":{"line":396,"column":17}},"147":{"start":{"line":398,"column":6},"end":{"line":398,"column":72}},"148":{"start":{"line":400,"column":6},"end":{"line":400,"column":19}},"149":{"start":{"line":401,"column":6},"end":{"line":401,"column":18}},"150":{"start":{"line":406,"column":14},"end":{"line":406,"column":43}},"151":{"start":{"line":408,"column":4},"end":{"line":431,"column":5}},"152":{"start":{"line":409,"column":35},"end":{"line":409,"column":43}},"153":{"start":{"line":410,"column":6},"end":{"line":412,"column":7}},"154":{"start":{"line":411,"column":8},"end":{"line":411,"column":54}},"155":{"start":{"line":413,"column":6},"end":{"line":415,"column":7}},"156":{"start":{"line":414,"column":8},"end":{"line":414,"column":60}},"157":{"start":{"line":417,"column":28},"end":{"line":417,"column":79}},"158":{"start":{"line":419,"column":30},"end":{"line":422,"column":7}},"159":{"start":{"line":424,"column":23},"end":{"line":424,"column":76}},"160":{"start":{"line":425,"column":6},"end":{"line":425,"column":17}},"161":{"start":{"line":426,"column":6},"end":{"line":426,"column":80}},"162":{"start":{"line":428,"column":6},"end":{"line":428,"column":19}},"163":{"start":{"line":430,"column":6},"end":{"line":430,"column":18}},"164":{"start":{"line":435,"column":14},"end":{"line":435,"column":43}},"165":{"start":{"line":437,"column":4},"end":{"line":476,"column":5}},"166":{"start":{"line":438,"column":21},"end":{"line":438,"column":31}},"167":{"start":{"line":439,"column":35},"end":{"line":439,"column":43}},"168":{"start":{"line":440,"column":6},"end":{"line":442,"column":7}},"169":{"start":{"line":441,"column":8},"end":{"line":441,"column":54}},"170":{"start":{"line":443,"column":6},"end":{"line":445,"column":7}},"171":{"start":{"line":444,"column":8},"end":{"line":444,"column":60}},"172":{"start":{"line":447,"column":23},"end":{"line":455,"column":7}},"173":{"start":{"line":457,"column":6},"end":{"line":459,"column":7}},"174":{"start":{"line":458,"column":8},"end":{"line":458,"column":47}},"175":{"start":{"line":461,"column":24},"end":{"line":469,"column":7}},"176":{"start":{"line":470,"column":6},"end":{"line":470,"column":17}},"177":{"start":{"line":471,"column":6},"end":{"line":471,"column":76}},"178":{"start":{"line":473,"column":6},"end":{"line":473,"column":19}},"179":{"start":{"line":475,"column":6},"end":{"line":475,"column":18}},"180":{"start":{"line":480,"column":14},"end":{"line":480,"column":43}},"181":{"start":{"line":482,"column":4},"end":{"line":508,"column":5}},"182":{"start":{"line":483,"column":21},"end":{"line":483,"column":31}},"183":{"start":{"line":485,"column":25},"end":{"line":490,"column":8}},"184":{"start":{"line":492,"column":6},"end":{"line":494,"column":7}},"185":{"start":{"line":493,"column":8},"end":{"line":493,"column":47}},"186":{"start":{"line":496,"column":24},"end":{"line":501,"column":8}},"187":{"start":{"line":502,"column":6},"end":{"line":502,"column":17}},"188":{"start":{"line":503,"column":6},"end":{"line":503,"column":76}},"189":{"start":{"line":505,"column":6},"end":{"line":505,"column":19}},"190":{"start":{"line":507,"column":6},"end":{"line":507,"column":18}},"191":{"start":{"line":512,"column":0},"end":{"line":514,"column":2}}},"fnMap":{"0":{"name":"(anonymous_0)","decl":{"start":{"line":24,"column":2},"end":{"line":24,"column":3}},"loc":{"start":{"line":24,"column":40},"end":{"line":53,"column":3}},"line":24},"1":{"name":"(anonymous_1)","decl":{"start":{"line":55,"column":2},"end":{"line":55,"column":3}},"loc":{"start":{"line":55,"column":37},"end":{"line":94,"column":3}},"line":55},"2":{"name":"(anonymous_2)","decl":{"start":{"line":96,"column":2},"end":{"line":96,"column":3}},"loc":{"start":{"line":96,"column":52},"end":{"line":137,"column":3}},"line":96},"3":{"name":"(anonymous_3)","decl":{"start":{"line":121,"column":42},"end":{"line":121,"column":43}},"loc":{"start":{"line":121,"column":53},"end":{"line":127,"column":7}},"line":121},"4":{"name":"(anonymous_4)","decl":{"start":{"line":139,"column":2},"end":{"line":139,"column":3}},"loc":{"start":{"line":139,"column":53},"end":{"line":210,"column":3}},"line":139},"5":{"name":"(anonymous_5)","decl":{"start":{"line":212,"column":2},"end":{"line":212,"column":3}},"loc":{"start":{"line":212,"column":52},"end":{"line":265,"column":3}},"line":212},"6":{"name":"(anonymous_6)","decl":{"start":{"line":243,"column":42},"end":{"line":243,"column":43}},"loc":{"start":{"line":243,"column":53},"end":{"line":249,"column":7}},"line":243},"7":{"name":"(anonymous_7)","decl":{"start":{"line":267,"column":2},"end":{"line":267,"column":3}},"loc":{"start":{"line":267,"column":52},"end":{"line":291,"column":3}},"line":267},"8":{"name":"(anonymous_8)","decl":{"start":{"line":293,"column":2},"end":{"line":293,"column":3}},"loc":{"start":{"line":293,"column":51},"end":{"line":327,"column":3}},"line":293},"9":{"name":"(anonymous_9)","decl":{"start":{"line":329,"column":2},"end":{"line":329,"column":3}},"loc":{"start":{"line":329,"column":51},"end":{"line":371,"column":3}},"line":329},"10":{"name":"(anonymous_10)","decl":{"start":{"line":373,"column":2},"end":{"line":373,"column":3}},"loc":{"start":{"line":373,"column":51},"end":{"line":403,"column":3}},"line":373},"11":{"name":"(anonymous_11)","decl":{"start":{"line":405,"column":2},"end":{"line":405,"column":3}},"loc":{"start":{"line":405,"column":48},"end":{"line":432,"column":3}},"line":405},"12":{"name":"(anonymous_12)","decl":{"start":{"line":434,"column":2},"end":{"line":434,"column":3}},"loc":{"start":{"line":434,"column":48},"end":{"line":477,"column":3}},"line":434},"13":{"name":"(anonymous_13)","decl":{"start":{"line":479,"column":2},"end":{"line":479,"column":3}},"loc":{"start":{"line":479,"column":48},"end":{"line":509,"column":3}},"line":479}},"branchMap":{"0":{"loc":{"start":{"line":30,"column":6},"end":{"line":32,"column":7}},"type":"if","locations":[{"start":{"line":30,"column":6},"end":{"line":32,"column":7}},{"start":{},"end":{}}],"line":30},"1":{"loc":{"start":{"line":34,"column":6},"end":{"line":36,"column":7}},"type":"if","locations":[{"start":{"line":34,"column":6},"end":{"line":36,"column":7}},{"start":{},"end":{}}],"line":34},"2":{"loc":{"start":{"line":38,"column":6},"end":{"line":40,"column":7}},"type":"if","locations":[{"start":{"line":38,"column":6},"end":{"line":40,"column":7}},{"start":{},"end":{}}],"line":38},"3":{"loc":{"start":{"line":58,"column":6},"end":{"line":60,"column":7}},"type":"if","locations":[{"start":{"line":58,"column":6},"end":{"line":60,"column":7}},{"start":{},"end":{}}],"line":58},"4":{"loc":{"start":{"line":62,"column":6},"end":{"line":64,"column":7}},"type":"if","locations":[{"start":{"line":62,"column":6},"end":{"line":64,"column":7}},{"start":{},"end":{}}],"line":62},"5":{"loc":{"start":{"line":72,"column":6},"end":{"line":74,"column":7}},"type":"if","locations":[{"start":{"line":72,"column":6},"end":{"line":74,"column":7}},{"start":{},"end":{}}],"line":72},"6":{"loc":{"start":{"line":78,"column":6},"end":{"line":80,"column":7}},"type":"if","locations":[{"start":{"line":78,"column":6},"end":{"line":80,"column":7}},{"start":{},"end":{}}],"line":78},"7":{"loc":{"start":{"line":101,"column":6},"end":{"line":103,"column":7}},"type":"if","locations":[{"start":{"line":101,"column":6},"end":{"line":103,"column":7}},{"start":{},"end":{}}],"line":101},"8":{"loc":{"start":{"line":104,"column":6},"end":{"line":106,"column":7}},"type":"if","locations":[{"start":{"line":104,"column":6},"end":{"line":106,"column":7}},{"start":{},"end":{}}],"line":104},"9":{"loc":{"start":{"line":107,"column":6},"end":{"line":109,"column":7}},"type":"if","locations":[{"start":{"line":107,"column":6},"end":{"line":109,"column":7}},{"start":{},"end":{}}],"line":107},"10":{"loc":{"start":{"line":110,"column":6},"end":{"line":112,"column":7}},"type":"if","locations":[{"start":{"line":110,"column":6},"end":{"line":112,"column":7}},{"start":{},"end":{}}],"line":110},"11":{"loc":{"start":{"line":113,"column":6},"end":{"line":115,"column":7}},"type":"if","locations":[{"start":{"line":113,"column":6},"end":{"line":115,"column":7}},{"start":{},"end":{}}],"line":113},"12":{"loc":{"start":{"line":143,"column":6},"end":{"line":145,"column":7}},"type":"if","locations":[{"start":{"line":143,"column":6},"end":{"line":145,"column":7}},{"start":{},"end":{}}],"line":143},"13":{"loc":{"start":{"line":218,"column":6},"end":{"line":220,"column":7}},"type":"if","locations":[{"start":{"line":218,"column":6},"end":{"line":220,"column":7}},{"start":{},"end":{}}],"line":218},"14":{"loc":{"start":{"line":221,"column":6},"end":{"line":223,"column":7}},"type":"if","locations":[{"start":{"line":221,"column":6},"end":{"line":223,"column":7}},{"start":{},"end":{}}],"line":221},"15":{"loc":{"start":{"line":224,"column":6},"end":{"line":226,"column":7}},"type":"if","locations":[{"start":{"line":224,"column":6},"end":{"line":226,"column":7}},{"start":{},"end":{}}],"line":224},"16":{"loc":{"start":{"line":227,"column":6},"end":{"line":229,"column":7}},"type":"if","locations":[{"start":{"line":227,"column":6},"end":{"line":229,"column":7}},{"start":{},"end":{}}],"line":227},"17":{"loc":{"start":{"line":230,"column":6},"end":{"line":232,"column":7}},"type":"if","locations":[{"start":{"line":230,"column":6},"end":{"line":232,"column":7}},{"start":{},"end":{}}],"line":230},"18":{"loc":{"start":{"line":299,"column":6},"end":{"line":301,"column":7}},"type":"if","locations":[{"start":{"line":299,"column":6},"end":{"line":301,"column":7}},{"start":{},"end":{}}],"line":299},"19":{"loc":{"start":{"line":302,"column":6},"end":{"line":304,"column":7}},"type":"if","locations":[{"start":{"line":302,"column":6},"end":{"line":304,"column":7}},{"start":{},"end":{}}],"line":302},"20":{"loc":{"start":{"line":305,"column":6},"end":{"line":307,"column":7}},"type":"if","locations":[{"start":{"line":305,"column":6},"end":{"line":307,"column":7}},{"start":{},"end":{}}],"line":305},"21":{"loc":{"start":{"line":336,"column":6},"end":{"line":338,"column":7}},"type":"if","locations":[{"start":{"line":336,"column":6},"end":{"line":338,"column":7}},{"start":{},"end":{}}],"line":336},"22":{"loc":{"start":{"line":339,"column":6},"end":{"line":341,"column":7}},"type":"if","locations":[{"start":{"line":339,"column":6},"end":{"line":341,"column":7}},{"start":{},"end":{}}],"line":339},"23":{"loc":{"start":{"line":342,"column":6},"end":{"line":344,"column":7}},"type":"if","locations":[{"start":{"line":342,"column":6},"end":{"line":344,"column":7}},{"start":{},"end":{}}],"line":342},"24":{"loc":{"start":{"line":386,"column":6},"end":{"line":388,"column":7}},"type":"if","locations":[{"start":{"line":386,"column":6},"end":{"line":388,"column":7}},{"start":{},"end":{}}],"line":386},"25":{"loc":{"start":{"line":410,"column":6},"end":{"line":412,"column":7}},"type":"if","locations":[{"start":{"line":410,"column":6},"end":{"line":412,"column":7}},{"start":{},"end":{}}],"line":410},"26":{"loc":{"start":{"line":413,"column":6},"end":{"line":415,"column":7}},"type":"if","locations":[{"start":{"line":413,"column":6},"end":{"line":415,"column":7}},{"start":{},"end":{}}],"line":413},"27":{"loc":{"start":{"line":440,"column":6},"end":{"line":442,"column":7}},"type":"if","locations":[{"start":{"line":440,"column":6},"end":{"line":442,"column":7}},{"start":{},"end":{}}],"line":440},"28":{"loc":{"start":{"line":443,"column":6},"end":{"line":445,"column":7}},"type":"if","locations":[{"start":{"line":443,"column":6},"end":{"line":445,"column":7}},{"start":{},"end":{}}],"line":443},"29":{"loc":{"start":{"line":457,"column":6},"end":{"line":459,"column":7}},"type":"if","locations":[{"start":{"line":457,"column":6},"end":{"line":459,"column":7}},{"start":{},"end":{}}],"line":457},"30":{"loc":{"start":{"line":492,"column":6},"end":{"line":494,"column":7}},"type":"if","locations":[{"start":{"line":492,"column":6},"end":{"line":494,"column":7}},{"start":{},"end":{}}],"line":492}},"s":{"0":5,"1":5,"2":5,"3":5,"4":0,"5":0,"6":0,"7":0,"8":0,"9":0,"10":0,"11":0,"12":0,"13":0,"14":0,"15":0,"16":0,"17":0,"18":0,"19":0,"20":0,"21":0,"22":0,"23":0,"24":0,"25":0,"26":0,"27":0,"28":0,"29":0,"30":0,"31":0,"32":0,"33":0,"34":0,"35":0,"36":0,"37":0,"38":0,"39":0,"40":0,"41":0,"42":0,"43":0,"44":0,"45":0,"46":0,"47":0,"48":0,"49":0,"50":0,"51":0,"52":0,"53":0,"54":0,"55":0,"56":0,"57":0,"58":0,"59":0,"60":0,"61":0,"62":0,"63":0,"64":0,"65":0,"66":0,"67":0,"68":0,"69":0,"70":0,"71":0,"72":0,"73":0,"74":0,"75":0,"76":0,"77":0,"78":0,"79":0,"80":0,"81":0,"82":0,"83":0,"84":0,"85":0,"86":0,"87":0,"88":0,"89":0,"90":0,"91":0,"92":0,"93":0,"94":0,"95":0,"96":0,"97":0,"98":0,"99":0,"100":0,"101":0,"102":0,"103":0,"104":0,"105":0,"106":0,"107":0,"108":0,"109":0,"110":0,"111":0,"112":0,"113":0,"114":0,"115":0,"116":0,"117":0,"118":0,"119":0,"120":0,"121":0,"122":0,"123":0,"124":0,"125":0,"126":0,"127":0,"128":0,"129":0,"130":0,"131":0,"132":0,"133":0,"134":0,"135":0,"136":0,"137":0,"138":0,"139":0,"140":0,"141":0,"142":0,"143":0,"144":0,"145":0,"146":0,"147":0,"148":0,"149":0,"150":0,"151":0,"152":0,"153":0,"154":0,"155":0,"156":0,"157":0,"158":0,"159":0,"160":0,"161":0,"162":0,"163":0,"164":0,"165":0,"166":0,"167":0,"168":0,"169":0,"170":0,"171":0,"172":0,"173":0,"174":0,"175":0,"176":0,"177":0,"178":0,"179":0,"180":0,"181":0,"182":0,"183":0,"184":0,"185":0,"186":0,"187":0,"188":0,"189":0,"190":0,"191":5},"f":{"0":0,"1":0,"2":0,"3":0,"4":0,"5":0,"6":0,"7":0,"8":0,"9":0,"10":0,"11":0,"12":0,"13":0},"b":{"0":[0,0],"1":[0,0],"2":[0,0],"3":[0,0],"4":[0,0],"5":[0,0],"6":[0,0],"7":[0,0],"8":[0,0],"9":[0,0],"10":[0,0],"11":[0,0],"12":[0,0],"13":[0,0],"14":[0,0],"15":[0,0],"16":[0,0],"17":[0,0],"18":[0,0],"19":[0,0],"20":[0,0],"21":[0,0],"22":[0,0],"23":[0,0],"24":[0,0],"25":[0,0],"26":[0,0],"27":[0,0],"28":[0,0],"29":[0,0],"30":[0,0]},"_coverageSchema":"1a1c01bbd47fc00a2c39e90264f33305004495a9","hash":"8fcd5879d3d27336246764a61745d337ccac0d0c"}
,"C:\\Hactive8\\WARSAW-FOX\\fase-3\\finalProject\\server\\h8-kulioh-client-server\\helpers\\jwt&bcrypt.js": {"path":"C:\\Hactive8\\WARSAW-FOX\\fase-3\\finalProject\\server\\h8-kulioh-client-server\\helpers\\jwt&bcrypt.js","statementMap":{"0":{"start":{"line":1,"column":15},"end":{"line":1,"column":34}},"1":{"start":{"line":2,"column":12},"end":{"line":2,"column":35}},"2":{"start":{"line":3,"column":12},"end":{"line":3,"column":27}},"3":{"start":{"line":6,"column":4},"end":{"line":6,"column":35}},"4":{"start":{"line":10,"column":4},"end":{"line":10,"column":43}},"5":{"start":{"line":14,"column":4},"end":{"line":14,"column":33}},"6":{"start":{"line":18,"column":4},"end":{"line":18,"column":33}},"7":{"start":{"line":21,"column":0},"end":{"line":26,"column":1}}},"fnMap":{"0":{"name":"hashPass","decl":{"start":{"line":5,"column":9},"end":{"line":5,"column":17}},"loc":{"start":{"line":5,"column":23},"end":{"line":7,"column":1}},"line":5},"1":{"name":"verifiedPass","decl":{"start":{"line":9,"column":9},"end":{"line":9,"column":21}},"loc":{"start":{"line":9,"column":35},"end":{"line":11,"column":1}},"line":9},"2":{"name":"createToken","decl":{"start":{"line":13,"column":9},"end":{"line":13,"column":20}},"loc":{"start":{"line":13,"column":29},"end":{"line":15,"column":1}},"line":13},"3":{"name":"verifiedToken","decl":{"start":{"line":17,"column":9},"end":{"line":17,"column":22}},"loc":{"start":{"line":17,"column":29},"end":{"line":19,"column":1}},"line":17}},"branchMap":{},"s":{"0":5,"1":5,"2":5,"3":6,"4":1,"5":6,"6":8,"7":5},"f":{"0":6,"1":1,"2":6,"3":8},"b":{},"_coverageSchema":"1a1c01bbd47fc00a2c39e90264f33305004495a9","hash":"efb5086a72fbde8e773c044281e9ba49cee5d67c"}
,"C:\\Hactive8\\WARSAW-FOX\\fase-3\\finalProject\\server\\h8-kulioh-client-server\\middleware\\authentif.js": {"path":"C:\\Hactive8\\WARSAW-FOX\\fase-3\\finalProject\\server\\h8-kulioh-client-server\\middleware\\authentif.js","statementMap":{"0":{"start":{"line":1,"column":26},"end":{"line":1,"column":61}},"1":{"start":{"line":2,"column":17},"end":{"line":2,"column":46}},"2":{"start":{"line":4,"column":18},"end":{"line":35,"column":1}},"3":{"start":{"line":5,"column":2},"end":{"line":34,"column":3}},"4":{"start":{"line":6,"column":29},"end":{"line":6,"column":40}},"5":{"start":{"line":7,"column":4},"end":{"line":9,"column":5}},"6":{"start":{"line":8,"column":6},"end":{"line":8,"column":41}},"7":{"start":{"line":11,"column":20},"end":{"line":11,"column":47}},"8":{"start":{"line":13,"column":23},"end":{"line":18,"column":6}},"9":{"start":{"line":20,"column":4},"end":{"line":22,"column":5}},"10":{"start":{"line":21,"column":6},"end":{"line":21,"column":42}},"11":{"start":{"line":24,"column":4},"end":{"line":30,"column":6}},"12":{"start":{"line":31,"column":4},"end":{"line":31,"column":11}},"13":{"start":{"line":33,"column":4},"end":{"line":33,"column":16}},"14":{"start":{"line":37,"column":0},"end":{"line":39,"column":2}}},"fnMap":{"0":{"name":"(anonymous_0)","decl":{"start":{"line":4,"column":18},"end":{"line":4,"column":19}},"loc":{"start":{"line":4,"column":44},"end":{"line":35,"column":1}},"line":4}},"branchMap":{"0":{"loc":{"start":{"line":7,"column":4},"end":{"line":9,"column":5}},"type":"if","locations":[{"start":{"line":7,"column":4},"end":{"line":9,"column":5}},{"start":{},"end":{}}],"line":7},"1":{"loc":{"start":{"line":20,"column":4},"end":{"line":22,"column":5}},"type":"if","locations":[{"start":{"line":20,"column":4},"end":{"line":22,"column":5}},{"start":{},"end":{}}],"line":20}},"s":{"0":5,"1":5,"2":5,"3":7,"4":7,"5":7,"6":0,"7":7,"8":7,"9":7,"10":0,"11":7,"12":7,"13":0,"14":5},"f":{"0":7},"b":{"0":[0,7],"1":[0,7]},"_coverageSchema":"1a1c01bbd47fc00a2c39e90264f33305004495a9","hash":"35a4917e3579b5f36ac9f34b84048dadd1bc8940"}
,"C:\\Hactive8\\WARSAW-FOX\\fase-3\\finalProject\\server\\h8-kulioh-client-server\\middleware\\authorization.js": {"path":"C:\\Hactive8\\WARSAW-FOX\\fase-3\\finalProject\\server\\h8-kulioh-client-server\\middleware\\authorization.js","statementMap":{"0":{"start":{"line":1,"column":26},"end":{"line":1,"column":58}},"1":{"start":{"line":3,"column":16},"end":{"line":14,"column":1}},"2":{"start":{"line":4,"column":2},"end":{"line":13,"column":3}},"3":{"start":{"line":5,"column":29},"end":{"line":5,"column":40}},"4":{"start":{"line":6,"column":21},"end":{"line":6,"column":53}},"5":{"start":{"line":7,"column":4},"end":{"line":9,"column":5}},"6":{"start":{"line":8,"column":6},"end":{"line":8,"column":46}},"7":{"start":{"line":10,"column":4},"end":{"line":10,"column":11}},"8":{"start":{"line":12,"column":4},"end":{"line":12,"column":23}},"9":{"start":{"line":16,"column":0},"end":{"line":18,"column":2}}},"fnMap":{"0":{"name":"(anonymous_0)","decl":{"start":{"line":3,"column":16},"end":{"line":3,"column":17}},"loc":{"start":{"line":3,"column":42},"end":{"line":14,"column":1}},"line":3}},"branchMap":{"0":{"loc":{"start":{"line":7,"column":4},"end":{"line":9,"column":5}},"type":"if","locations":[{"start":{"line":7,"column":4},"end":{"line":9,"column":5}},{"start":{},"end":{}}],"line":7}},"s":{"0":5,"1":5,"2":0,"3":0,"4":0,"5":0,"6":0,"7":0,"8":0,"9":5},"f":{"0":0},"b":{"0":[0,0]},"_coverageSchema":"1a1c01bbd47fc00a2c39e90264f33305004495a9","hash":"a96615d58b7388602c6e3ad0e49e1b283d5010a1"}
,"C:\\Hactive8\\WARSAW-FOX\\fase-3\\finalProject\\server\\h8-kulioh-client-server\\middleware\\errorHandler.js": {"path":"C:\\Hactive8\\WARSAW-FOX\\fase-3\\finalProject\\server\\h8-kulioh-client-server\\middleware\\errorHandler.js","statementMap":{"0":{"start":{"line":1,"column":21},"end":{"line":22,"column":1}},"1":{"start":{"line":2,"column":4},"end":{"line":2,"column":27}},"2":{"start":{"line":3,"column":15},"end":{"line":3,"column":18}},"3":{"start":{"line":4,"column":18},"end":{"line":4,"column":41}},"4":{"start":{"line":6,"column":4},"end":{"line":9,"column":5}},"5":{"start":{"line":7,"column":8},"end":{"line":7,"column":18}},"6":{"start":{"line":8,"column":8},"end":{"line":8,"column":26}},"7":{"start":{"line":11,"column":4},"end":{"line":14,"column":5}},"8":{"start":{"line":12,"column":8},"end":{"line":12,"column":18}},"9":{"start":{"line":13,"column":8},"end":{"line":13,"column":26}},"10":{"start":{"line":16,"column":4},"end":{"line":19,"column":5}},"11":{"start":{"line":17,"column":8},"end":{"line":17,"column":18}},"12":{"start":{"line":18,"column":8},"end":{"line":18,"column":33}},"13":{"start":{"line":21,"column":4},"end":{"line":21,"column":36}},"14":{"start":{"line":24,"column":0},"end":{"line":24,"column":29}}},"fnMap":{"0":{"name":"(anonymous_0)","decl":{"start":{"line":1,"column":21},"end":{"line":1,"column":22}},"loc":{"start":{"line":1,"column":44},"end":{"line":22,"column":1}},"line":1}},"branchMap":{"0":{"loc":{"start":{"line":6,"column":4},"end":{"line":9,"column":5}},"type":"if","locations":[{"start":{"line":6,"column":4},"end":{"line":9,"column":5}},{"start":{},"end":{}}],"line":6},"1":{"loc":{"start":{"line":11,"column":4},"end":{"line":14,"column":5}},"type":"if","locations":[{"start":{"line":11,"column":4},"end":{"line":14,"column":5}},{"start":{},"end":{}}],"line":11},"2":{"loc":{"start":{"line":11,"column":7},"end":{"line":11,"column":103}},"type":"binary-expr","locations":[{"start":{"line":11,"column":7},"end":{"line":11,"column":37}},{"start":{"line":11,"column":39},"end":{"line":11,"column":72}},{"start":{"line":11,"column":74},"end":{"line":11,"column":103}}],"line":11},"3":{"loc":{"start":{"line":16,"column":4},"end":{"line":19,"column":5}},"type":"if","locations":[{"start":{"line":16,"column":4},"end":{"line":19,"column":5}},{"start":{},"end":{}}],"line":16}},"s":{"0":5,"1":6,"2":6,"3":6,"4":6,"5":1,"6":1,"7":6,"8":5,"9":5,"10":6,"11":0,"12":0,"13":6,"14":5},"f":{"0":6},"b":{"0":[1,5],"1":[5,1],"2":[6,3,2],"3":[0,6]},"_coverageSchema":"1a1c01bbd47fc00a2c39e90264f33305004495a9","hash":"09f400f3de49986a4ccf9de0b7869fb56d7ff217"}
,"C:\\Hactive8\\WARSAW-FOX\\fase-3\\finalProject\\server\\h8-kulioh-client-server\\models\\answer.js": {"path":"C:\\Hactive8\\WARSAW-FOX\\fase-3\\finalProject\\server\\h8-kulioh-client-server\\models\\answer.js","statementMap":{"0":{"start":{"line":4,"column":4},"end":{"line":4,"column":24}},"1":{"start":{"line":5,"column":0},"end":{"line":34,"column":2}},"2":{"start":{"line":14,"column":6},"end":{"line":16,"column":8}},"3":{"start":{"line":18,"column":6},"end":{"line":20,"column":8}},"4":{"start":{"line":22,"column":6},"end":{"line":22,"column":70}},"5":{"start":{"line":25,"column":2},"end":{"line":32,"column":5}},"6":{"start":{"line":33,"column":2},"end":{"line":33,"column":16}}},"fnMap":{"0":{"name":"(anonymous_0)","decl":{"start":{"line":5,"column":17},"end":{"line":5,"column":18}},"loc":{"start":{"line":5,"column":43},"end":{"line":34,"column":1}},"line":5},"1":{"name":"(anonymous_1)","decl":{"start":{"line":12,"column":4},"end":{"line":12,"column":5}},"loc":{"start":{"line":12,"column":29},"end":{"line":23,"column":5}},"line":12}},"branchMap":{},"s":{"0":5,"1":5,"2":5,"3":5,"4":5,"5":5,"6":5},"f":{"0":5,"1":5},"b":{},"_coverageSchema":"1a1c01bbd47fc00a2c39e90264f33305004495a9","hash":"0f25cdea652510b763d2b1ea865eca67ea37c02d"}
,"C:\\Hactive8\\WARSAW-FOX\\fase-3\\finalProject\\server\\h8-kulioh-client-server\\models\\answerweeklytest.js": {"path":"C:\\Hactive8\\WARSAW-FOX\\fase-3\\finalProject\\server\\h8-kulioh-client-server\\models\\answerweeklytest.js","statementMap":{"0":{"start":{"line":4,"column":4},"end":{"line":4,"column":24}},"1":{"start":{"line":5,"column":0},"end":{"line":32,"column":2}},"2":{"start":{"line":14,"column":6},"end":{"line":16,"column":8}},"3":{"start":{"line":18,"column":6},"end":{"line":20,"column":8}},"4":{"start":{"line":23,"column":2},"end":{"line":30,"column":5}},"5":{"start":{"line":31,"column":2},"end":{"line":31,"column":26}}},"fnMap":{"0":{"name":"(anonymous_0)","decl":{"start":{"line":5,"column":17},"end":{"line":5,"column":18}},"loc":{"start":{"line":5,"column":43},"end":{"line":32,"column":1}},"line":5},"1":{"name":"(anonymous_1)","decl":{"start":{"line":12,"column":4},"end":{"line":12,"column":5}},"loc":{"start":{"line":12,"column":29},"end":{"line":21,"column":5}},"line":12}},"branchMap":{},"s":{"0":5,"1":5,"2":5,"3":5,"4":5,"5":5},"f":{"0":5,"1":5},"b":{},"_coverageSchema":"1a1c01bbd47fc00a2c39e90264f33305004495a9","hash":"3432b48afd6e581de3a2cb3f15de6567c72d13b9"}
,"C:\\Hactive8\\WARSAW-FOX\\fase-3\\finalProject\\server\\h8-kulioh-client-server\\models\\chapter.js": {"path":"C:\\Hactive8\\WARSAW-FOX\\fase-3\\finalProject\\server\\h8-kulioh-client-server\\models\\chapter.js","statementMap":{"0":{"start":{"line":4,"column":4},"end":{"line":4,"column":24}},"1":{"start":{"line":5,"column":0},"end":{"line":26,"column":2}},"2":{"start":{"line":13,"column":6},"end":{"line":15,"column":8}},"3":{"start":{"line":18,"column":2},"end":{"line":24,"column":5}},"4":{"start":{"line":25,"column":2},"end":{"line":25,"column":17}}},"fnMap":{"0":{"name":"(anonymous_0)","decl":{"start":{"line":5,"column":17},"end":{"line":5,"column":18}},"loc":{"start":{"line":5,"column":43},"end":{"line":26,"column":1}},"line":5},"1":{"name":"(anonymous_1)","decl":{"start":{"line":12,"column":4},"end":{"line":12,"column":5}},"loc":{"start":{"line":12,"column":29},"end":{"line":16,"column":5}},"line":12}},"branchMap":{},"s":{"0":5,"1":5,"2":5,"3":5,"4":5},"f":{"0":5,"1":5},"b":{},"_coverageSchema":"1a1c01bbd47fc00a2c39e90264f33305004495a9","hash":"a38c87514e812982f7054dfd373d05bed4b9f0bb"}
,"C:\\Hactive8\\WARSAW-FOX\\fase-3\\finalProject\\server\\h8-kulioh-client-server\\models\\index.js": {"path":"C:\\Hactive8\\WARSAW-FOX\\fase-3\\finalProject\\server\\h8-kulioh-client-server\\models\\index.js","statementMap":{"0":{"start":{"line":3,"column":11},"end":{"line":3,"column":24}},"1":{"start":{"line":4,"column":13},"end":{"line":4,"column":28}},"2":{"start":{"line":5,"column":18},"end":{"line":5,"column":38}},"3":{"start":{"line":6,"column":17},"end":{"line":6,"column":42}},"4":{"start":{"line":7,"column":12},"end":{"line":7,"column":49}},"5":{"start":{"line":8,"column":15},"end":{"line":8,"column":65}},"6":{"start":{"line":9,"column":11},"end":{"line":9,"column":13}},"7":{"start":{"line":12,"column":0},"end":{"line":16,"column":1}},"8":{"start":{"line":13,"column":2},"end":{"line":13,"column":74}},"9":{"start":{"line":15,"column":2},"end":{"line":15,"column":87}},"10":{"start":{"line":18,"column":0},"end":{"line":26,"column":5}},"11":{"start":{"line":21,"column":4},"end":{"line":21,"column":90}},"12":{"start":{"line":24,"column":18},"end":{"line":24,"column":85}},"13":{"start":{"line":25,"column":4},"end":{"line":25,"column":27}},"14":{"start":{"line":28,"column":0},"end":{"line":32,"column":3}},"15":{"start":{"line":29,"column":2},"end":{"line":31,"column":3}},"16":{"start":{"line":30,"column":4},"end":{"line":30,"column":32}},"17":{"start":{"line":34,"column":0},"end":{"line":34,"column":25}},"18":{"start":{"line":35,"column":0},"end":{"line":35,"column":25}},"19":{"start":{"line":37,"column":0},"end":{"line":37,"column":20}}},"fnMap":{"0":{"name":"(anonymous_0)","decl":{"start":{"line":20,"column":10},"end":{"line":20,"column":11}},"loc":{"start":{"line":20,"column":18},"end":{"line":22,"column":3}},"line":20},"1":{"name":"(anonymous_1)","decl":{"start":{"line":23,"column":11},"end":{"line":23,"column":12}},"loc":{"start":{"line":23,"column":19},"end":{"line":26,"column":3}},"line":23},"2":{"name":"(anonymous_2)","decl":{"start":{"line":28,"column":24},"end":{"line":28,"column":25}},"loc":{"start":{"line":28,"column":37},"end":{"line":32,"column":1}},"line":28}},"branchMap":{"0":{"loc":{"start":{"line":7,"column":12},"end":{"line":7,"column":49}},"type":"binary-expr","locations":[{"start":{"line":7,"column":12},"end":{"line":7,"column":32}},{"start":{"line":7,"column":36},"end":{"line":7,"column":49}}],"line":7},"1":{"loc":{"start":{"line":12,"column":0},"end":{"line":16,"column":1}},"type":"if","locations":[{"start":{"line":12,"column":0},"end":{"line":16,"column":1}},{"start":{"line":14,"column":7},"end":{"line":16,"column":1}}],"line":12},"2":{"loc":{"start":{"line":21,"column":11},"end":{"line":21,"column":89}},"type":"binary-expr","locations":[{"start":{"line":21,"column":12},"end":{"line":21,"column":35}},{"start":{"line":21,"column":41},"end":{"line":21,"column":58}},{"start":{"line":21,"column":64},"end":{"line":21,"column":88}}],"line":21},"3":{"loc":{"start":{"line":29,"column":2},"end":{"line":31,"column":3}},"type":"if","locations":[{"start":{"line":29,"column":2},"end":{"line":31,"column":3}},{"start":{},"end":{}}],"line":29}},"s":{"0":5,"1":5,"2":5,"3":5,"4":5,"5":5,"6":5,"7":5,"8":0,"9":5,"10":5,"11":75,"12":70,"13":70,"14":5,"15":70,"16":70,"17":5,"18":5,"19":5},"f":{"0":75,"1":70,"2":70},"b":{"0":[5,0],"1":[0,5],"2":[75,75,70],"3":[70,0]},"_coverageSchema":"1a1c01bbd47fc00a2c39e90264f33305004495a9","hash":"3b82da678bc929180a56ae9fd5e1f46c7f0b9404"}
[...]
,"C:\\Hactive8\\WARSAW-FOX\\fase-3\\finalProject\\server\\h8-kulioh-client-server\\models\\todo.js": {"path":"C:\\Hactive8\\WARSAW-FOX\\fase-3\\finalProject\\server\\h8-kulioh-client-server\\models\\todo.js","statementMap":{"0":{"start":{"line":4,"column":4},"end":{"line":4,"column":24}},"1":{"start":{"line":5,"column":0},"end":{"line":31,"column":2}},"2":{"start":{"line":13,"column":6},"end":{"line":15,"column":8}},"3":{"start":{"line":17,"column":6},"end":{"line":19,"column":8}},"4":{"start":{"line":22,"column":2},"end":{"line":29,"column":5}},"5":{"start":{"line":30,"column":2},"end":{"line":30,"column":14}}},"fnMap":{"0":{"name":"(anonymous_0)","decl":{"start":{"line":5,"column":17},"end":{"line":5,"column":18}},"loc":{"start":{"line":5,"column":43},"end":{"line":31,"column":1}},"line":5},"1":{"name":"(anonymous_1)","decl":{"start":{"line":12,"column":4},"end":{"line":12,"column":5}},"loc":{"start":{"line":12,"column":29},"end":{"line":20,"column":5}},"line":12}},"branchMap":{},"s":{"0":5,"1":5,"2":5,"3":5,"4":5,"5":5},"f":{"0":5,"1":5},"b":{},"_coverageSchema":"1a1c01bbd47fc00a2c39e90264f33305004495a9","hash":"2ab21e4e3b7a857838b812d002bcd0a26039cae4"}
,"C:\\Hactive8\\WARSAW-FOX\\fase-3\\finalProject\\server\\h8-kulioh-client-server\\models\\university.js": {"path":"C:\\Hactive8\\WARSAW-FOX\\fase-3\\finalProject\\server\\h8-kulioh-client-server\\models\\university.js","statementMap":{"0":{"start":{"line":4,"column":4},"end":{"line":4,"column":24}},"1":{"start":{"line":5,"column":0},"end":{"line":26,"column":2}},"2":{"start":{"line":14,"column":6},"end":{"line":16,"column":8}},"3":{"start":{"line":19,"column":2},"end":{"line":24,"column":5}},"4":{"start":{"line":25,"column":2},"end":{"line":25,"column":20}}},"fnMap":{"0":{"name":"(anonymous_0)","decl":{"start":{"line":5,"column":17},"end":{"line":5,"column":18}},"loc":{"start":{"line":5,"column":43},"end":{"line":26,"column":1}},"line":5},"1":{"name":"(anonymous_1)","decl":{"start":{"line":12,"column":4},"end":{"line":12,"column":5}},"loc":{"start":{"line":12,"column":29},"end":{"line":17,"column":5}},"line":12}},"branchMap":{},"s":{"0":5,"1":5,"2":5,"3":5,"4":5},"f":{"0":5,"1":5},"b":{},"_coverageSchema":"1a1c01bbd47fc00a2c39e90264f33305004495a9","hash":"ade57b14d8e75de7fb8af05334c8464921c4145d"}
,"C:\\Hactive8\\WARSAW-FOX\\fase-3\\finalProject\\server\\h8-kulioh-client-server\\models\\user.js": {"path":"C:\\Hactive8\\WARSAW-FOX\\fase-3\\finalProject\\server\\h8-kulioh-client-server\\models\\user.js","statementMap":{"0":{"start":{"line":2,"column":18},"end":{"line":2,"column":38}},"1":{"start":{"line":3,"column":21},"end":{"line":3,"column":53}},"2":{"start":{"line":4,"column":0},"end":{"line":49,"column":2}},"3":{"start":{"line":13,"column":6},"end":{"line":13,"column":63}},"4":{"start":{"line":14,"column":6},"end":{"line":16,"column":8}},"5":{"start":{"line":18,"column":6},"end":{"line":20,"column":8}},"6":{"start":{"line":22,"column":6},"end":{"line":24,"column":8}},"7":{"start":{"line":26,"column":6},"end":{"line":28,"column":8}},"8":{"start":{"line":31,"column":2},"end":{"line":47,"column":4}},"9":{"start":{"line":43,"column":10},"end":{"line":43,"column":58}},"10":{"start":{"line":48,"column":2},"end":{"line":48,"column":14}}},"fnMap":{"0":{"name":"(anonymous_0)","decl":{"start":{"line":4,"column":17},"end":{"line":4,"column":18}},"loc":{"start":{"line":4,"column":43},"end":{"line":49,"column":1}},"line":4},"1":{"name":"(anonymous_1)","decl":{"start":{"line":11,"column":4},"end":{"line":11,"column":5}},"loc":{"start":{"line":11,"column":29},"end":{"line":29,"column":5}},"line":11},"2":{"name":"(anonymous_2)","decl":{"start":{"line":42,"column":8},"end":{"line":42,"column":9}},"loc":{"start":{"line":42,"column":40},"end":{"line":44,"column":9}},"line":42}},"branchMap":{},"s":{"0":5,"1":5,"2":5,"3":5,"4":5,"5":5,"6":5,"7":5,"8":5,"9":6,"10":5},"f":{"0":5,"1":5,"2":6},"b":{},"_coverageSchema":"1a1c01bbd47fc00a2c39e90264f33305004495a9","hash":"7b8b50c6b7d49a95fb14e831c3cca83b2f878311"}
,"C:\\Hactive8\\WARSAW-FOX\\fase-3\\finalProject\\server\\h8-kulioh-client-server\\models\\usermajor.js": {"path":"C:\\Hactive8\\WARSAW-FOX\\fase-3\\finalProject\\server\\h8-kulioh-client-server\\models\\usermajor.js","statementMap":{"0":{"start":{"line":4,"column":4},"end":{"line":4,"column":24}},"1":{"start":{"line":5,"column":0},"end":{"line":25,"column":2}},"2":{"start":{"line":14,"column":6},"end":{"line":14,"column":64}},"3":{"start":{"line":17,"column":2},"end":{"line":23,"column":5}},"4":{"start":{"line":24,"column":2},"end":{"line":24,"column":19}}},"fnMap":{"0":{"name":"(anonymous_0)","decl":{"start":{"line":5,"column":17},"end":{"line":5,"column":18}},"loc":{"start":{"line":5,"column":43},"end":{"line":25,"column":1}},"line":5},"1":{"name":"(anonymous_1)","decl":{"start":{"line":12,"column":4},"end":{"line":12,"column":5}},"loc":{"start":{"line":12,"column":29},"end":{"line":15,"column":5}},"line":12}},"branchMap":{},"s":{"0":5,"1":5,"2":5,"3":5,"4":5},"f":{"0":5,"1":5},"b":{},"_coverageSchema":"1a1c01bbd47fc00a2c39e90264f33305004495a9","hash":"824f1696e7a5739ab6bb2f9ca17a8d7236b8d49e"}
,"C:\\Hactive8\\WARSAW-FOX\\fase-3\\finalProject\\server\\h8-kulioh-client-server\\models\\videopremium.js": {"path":"C:\\Hactive8\\WARSAW-FOX\\fase-3\\finalProject\\server\\h8-kulioh-client-server\\models\\videopremium.js","statementMap":{"0":{"start":{"line":4,"column":4},"end":{"line":4,"column":24}},"1":{"start":{"line":5,"column":0},"end":{"line":24,"column":2}},"2":{"start":{"line":16,"column":2},"end":{"line":22,"column":5}},"3":{"start":{"line":23,"column":2},"end":{"line":23,"column":22}}},"fnMap":{"0":{"name":"(anonymous_0)","decl":{"start":{"line":5,"column":17},"end":{"line":5,"column":18}},"loc":{"start":{"line":5,"column":43},"end":{"line":24,"column":1}},"line":5},"1":{"name":"(anonymous_1)","decl":{"start":{"line":12,"column":4},"end":{"line":12,"column":5}},"loc":{"start":{"line":12,"column":29},"end":{"line":14,"column":5}},"line":12}},"branchMap":{},"s":{"0":5,"1":5,"2":5,"3":5},"f":{"0":5,"1":5},"b":{},"_coverageSchema":"1a1c01bbd47fc00a2c39e90264f33305004495a9","hash":"b2909c577f51e697bc057691f07e376a4b13e895"}
,"C:\\Hactive8\\WARSAW-FOX\\fase-3\\finalProject\\server\\h8-kulioh-client-server\\routers\\chapterRoute.js": {"path":"C:\\Hactive8\\WARSAW-FOX\\fase-3\\finalProject\\server\\h8-kulioh-client-server\\routers\\chapterRoute.js","statementMap":{"0":{"start":{"line":1,"column":16},"end":{"line":1,"column":34}},"1":{"start":{"line":2,"column":15},"end":{"line":2,"column":31}},"2":{"start":{"line":3,"column":30},"end":{"line":3,"column":64}},"3":{"start":{"line":4,"column":22},"end":{"line":4,"column":56}},"4":{"start":{"line":5,"column":21},"end":{"line":5,"column":58}},"5":{"start":{"line":7,"column":0},"end":{"line":7,"column":21}},"6":{"start":{"line":9,"column":0},"end":{"line":9,"column":55}},"7":{"start":{"line":11,"column":0},"end":{"line":11,"column":24}},"8":{"start":{"line":13,"column":0},"end":{"line":13,"column":24}}},"fnMap":{},"branchMap":{},"s":{"0":5,"1":5,"2":5,"3":5,"4":5,"5":5,"6":5,"7":5,"8":5},"f":{},"b":{},"_coverageSchema":"1a1c01bbd47fc00a2c39e90264f33305004495a9","hash":"69e2e74caab636631d0208d781fdba31e96c85e6"}
,"C:\\Hactive8\\WARSAW-FOX\\fase-3\\finalProject\\server\\h8-kulioh-client-server\\routers\\index.js": {"path":"C:\\Hactive8\\WARSAW-FOX\\fase-3\\finalProject\\server\\h8-kulioh-client-server\\routers\\index.js","statementMap":{"0":{"start":{"line":1,"column":16},"end":{"line":1,"column":34}},"1":{"start":{"line":2,"column":15},"end":{"line":2,"column":31}},"2":{"start":{"line":4,"column":14},"end":{"line":4,"column":37}},"3":{"start":{"line":5,"column":18},"end":{"line":5,"column":45}},"4":{"start":{"line":6,"column":24},"end":{"line":6,"column":56}},"5":{"start":{"line":7,"column":15},"end":{"line":7,"column":39}},"6":{"start":{"line":8,"column":21},"end":{"line":8,"column":50}},"7":{"start":{"line":9,"column":17},"end":{"line":9,"column":42}},"8":{"start":{"line":10,"column":14},"end":{"line":10,"column":37}},"9":{"start":{"line":11,"column":14},"end":{"line":11,"column":37}},"10":{"start":{"line":12,"column":18},"end":{"line":12,"column":45}},"11":{"start":{"line":13,"column":21},"end":{"line":13,"column":58}},"12":{"start":{"line":15,"column":0},"end":{"line":15,"column":35}},"13":{"start":{"line":16,"column":0},"end":{"line":16,"column":45}},"14":{"start":{"line":17,"column":0},"end":{"line":17,"column":28}},"15":{"start":{"line":18,"column":0},"end":{"line":18,"column":38}},"16":{"start":{"line":19,"column":0},"end":{"line":19,"column":32}},"17":{"start":{"line":20,"column":0},"end":{"line":20,"column":39}},"18":{"start":{"line":21,"column":0},"end":{"line":21,"column":33}},"19":{"start":{"line":22,"column":0},"end":{"line":22,"column":36}},"20":{"start":{"line":23,"column":0},"end":{"line":23,"column":49}},"21":{"start":{"line":27,"column":0},"end":{"line":27,"column":24}},"22":{"start":{"line":29,"column":0},"end":{"line":29,"column":24}}},"fnMap":{},"branchMap":{},"s":{"0":5,"1":5,"2":5,"3":5,"4":5,"5":5,"6":5,"7":5,"8":5,"9":5,"10":5,"11":5,"12":5,"13":5,"14":5,"15":5,"16":5,"17":5,"18":5,"19":5,"20":5,"21":5,"22":5},"f":{},"b":{},"_coverageSchema":"1a1c01bbd47fc00a2c39e90264f33305004495a9","hash":"293902f7b393b9f29a09fe62b7f1354b07d03af6"}
,"C:\\Hactive8\\WARSAW-FOX\\fase-3\\finalProject\\server\\h8-kulioh-client-server\\routers\\majorRoutes.js": {"path":"C:\\Hactive8\\WARSAW-FOX\\fase-3\\finalProject\\server\\h8-kulioh-client-server\\routers\\majorRoutes.js","statementMap":{"0":{"start":{"line":1,"column":16},"end":{"line":1,"column":34}},"1":{"start":{"line":2,"column":15},"end":{"line":2,"column":31}},"2":{"start":{"line":3,"column":28},"end":{"line":3,"column":60}},"3":{"start":{"line":4,"column":21},"end":{"line":4,"column":58}},"4":{"start":{"line":6,"column":0},"end":{"line":6,"column":47}},"5":{"start":{"line":8,"column":0},"end":{"line":8,"column":24}},"6":{"start":{"line":10,"column":0},"end":{"line":10,"column":24}}},"fnMap":{},"branchMap":{},"s":{"0":5,"1":5,"2":5,"3":5,"4":5,"5":5,"6":5},"f":{},"b":{},"_coverageSchema":"1a1c01bbd47fc00a2c39e90264f33305004495a9","hash":"48ebfe3861002f5ce2da661fa7b97c5f707838a7"}
,"C:\\Hactive8\\WARSAW-FOX\\fase-3\\finalProject\\server\\h8-kulioh-client-server\\routers\\questionRoutes.js": {"path":"C:\\Hactive8\\WARSAW-FOX\\fase-3\\finalProject\\server\\h8-kulioh-client-server\\routers\\questionRoutes.js","statementMap":{"0":{"start":{"line":1,"column":16},"end":{"line":1,"column":34}},"1":{"start":{"line":2,"column":15},"end":{"line":2,"column":31}},"2":{"start":{"line":3,"column":31},"end":{"line":3,"column":65}},"3":{"start":{"line":4,"column":22},"end":{"line":4,"column":56}},"4":{"start":{"line":5,"column":21},"end":{"line":5,"column":58}},"5":{"start":{"line":7,"column":0},"end":{"line":7,"column":22}},"6":{"start":{"line":9,"column":0},"end":{"line":9,"column":58}},"7":{"start":{"line":10,"column":0},"end":{"line":10,"column":67}},"8":{"start":{"line":11,"column":0},"end":{"line":11,"column":81}},"9":{"start":{"line":13,"column":0},"end":{"line":13,"column":24}},"10":{"start":{"line":15,"column":0},"end":{"line":15,"column":24}}},"fnMap":{},"branchMap":{},"s":{"0":5,"1":5,"2":5,"3":5,"4":5,"5":5,"6":5,"7":5,"8":5,"9":5,"10":5},"f":{},"b":{},"_coverageSchema":"1a1c01bbd47fc00a2c39e90264f33305004495a9","hash":"ed759f0c1aec25f500343a2afbd941a628a92272"}
,"C:\\Hactive8\\WARSAW-FOX\\fase-3\\finalProject\\server\\h8-kulioh-client-server\\routers\\questionWeeklyRoute.js": {"path":"C:\\Hactive8\\WARSAW-FOX\\fase-3\\finalProject\\server\\h8-kulioh-client-server\\routers\\questionWeeklyRoute.js","statementMap":{"0":{"start":{"line":1,"column":16},"end":{"line":1,"column":34}},"1":{"start":{"line":2,"column":15},"end":{"line":2,"column":31}},"2":{"start":{"line":3,"column":37},"end":{"line":3,"column":77}},"3":{"start":{"line":4,"column":22},"end":{"line":4,"column":56}},"4":{"start":{"line":6,"column":0},"end":{"line":6,"column":22}},"5":{"start":{"line":7,"column":0},"end":{"line":7,"column":76}},"6":{"start":{"line":8,"column":0},"end":{"line":8,"column":72}},"7":{"start":{"line":9,"column":0},"end":{"line":9,"column":70}},"8":{"start":{"line":14,"column":0},"end":{"line":14,"column":24}}},"fnMap":{},"branchMap":{},"s":{"0":5,"1":5,"2":5,"3":5,"4":5,"5":5,"6":5,"7":5,"8":5},"f":{},"b":{},"_coverageSchema":"1a1c01bbd47fc00a2c39e90264f33305004495a9","hash":"94a0668c8b339476bc4bc98bd1f8dfa9da0cb708"}
,"C:\\Hactive8\\WARSAW-FOX\\fase-3\\finalProject\\server\\h8-kulioh-client-server\\routers\\tasksRoute.js": {"path":"C:\\Hactive8\\WARSAW-FOX\\fase-3\\finalProject\\server\\h8-kulioh-client-server\\routers\\tasksRoute.js","statementMap":{"0":{"start":{"line":1,"column":16},"end":{"line":1,"column":34}},"1":{"start":{"line":2,"column":15},"end":{"line":2,"column":31}},"2":{"start":{"line":3,"column":27},"end":{"line":3,"column":58}},"3":{"start":{"line":4,"column":22},"end":{"line":4,"column":56}},"4":{"start":{"line":5,"column":21},"end":{"line":5,"column":58}},"5":{"start":{"line":7,"column":0},"end":{"line":7,"column":22}},"6":{"start":{"line":9,"column":0},"end":{"line":9,"column":46}},"7":{"start":{"line":11,"column":0},"end":{"line":11,"column":24}},"8":{"start":{"line":13,"column":0},"end":{"line":13,"column":24}}},"fnMap":{},"branchMap":{},"s":{"0":5,"1":5,"2":5,"3":5,"4":5,"5":5,"6":5,"7":5,"8":5},"f":{},"b":{},"_coverageSchema":"1a1c01bbd47fc00a2c39e90264f33305004495a9","hash":"92c129039d0c4307cf19b3283a85497196f0c929"}
,"C:\\Hactive8\\WARSAW-FOX\\fase-3\\finalProject\\server\\h8-kulioh-client-server\\routers\\todoRouter.js": {"path":"C:\\Hactive8\\WARSAW-FOX\\fase-3\\finalProject\\server\\h8-kulioh-client-server\\routers\\todoRouter.js","statementMap":{"0":{"start":{"line":1,"column":16},"end":{"line":1,"column":34}},"1":{"start":{"line":2,"column":15},"end":{"line":2,"column":31}},"2":{"start":{"line":3,"column":27},"end":{"line":3,"column":58}},"3":{"start":{"line":4,"column":22},"end":{"line":4,"column":56}},"4":{"start":{"line":5,"column":21},"end":{"line":5,"column":58}},"5":{"start":{"line":7,"column":0},"end":{"line":7,"column":21}},"6":{"start":{"line":8,"column":0},"end":{"line":8,"column":46}},"7":{"start":{"line":9,"column":0},"end":{"line":9,"column":54}},"8":{"start":{"line":11,"column":0},"end":{"line":11,"column":24}},"9":{"start":{"line":13,"column":0},"end":{"line":13,"column":24}}},"fnMap":{},"branchMap":{},"s":{"0":5,"1":5,"2":5,"3":5,"4":5,"5":5,"6":5,"7":5,"8":5,"9":5},"f":{},"b":{},"_coverageSchema":"1a1c01bbd47fc00a2c39e90264f33305004495a9","hash":"93b1ca66367525b1fd08b6371c5a485992b792f8"}
,"C:\\Hactive8\\WARSAW-FOX\\fase-3\\finalProject\\server\\h8-kulioh-client-server\\routers\\universityRoutes.js": {"path":"C:\\Hactive8\\WARSAW-FOX\\fase-3\\finalProject\\server\\h8-kulioh-client-server\\routers\\universityRoutes.js","statementMap":{"0":{"start":{"line":1,"column":16},"end":{"line":1,"column":34}},"1":{"start":{"line":2,"column":15},"end":{"line":2,"column":31}},"2":{"start":{"line":3,"column":33},"end":{"line":3,"column":71}},"3":{"start":{"line":4,"column":21},"end":{"line":4,"column":58}},"4":{"start":{"line":6,"column":0},"end":{"line":6,"column":62}},"5":{"start":{"line":7,"column":0},"end":{"line":7,"column":70}},"6":{"start":{"line":9,"column":0},"end":{"line":9,"column":24}},"7":{"start":{"line":11,"column":0},"end":{"line":11,"column":24}}},"fnMap":{},"branchMap":{},"s":{"0":5,"1":5,"2":5,"3":5,"4":5,"5":5,"6":5,"7":5},"f":{},"b":{},"_coverageSchema":"1a1c01bbd47fc00a2c39e90264f33305004495a9","hash":"e77ba29bea3841f6dfada3f12bfe6eeb4bd943c2"}
,"C:\\Hactive8\\WARSAW-FOX\\fase-3\\finalProject\\server\\h8-kulioh-client-server\\routers\\userAdminRoute.js": {"path":"C:\\Hactive8\\WARSAW-FOX\\fase-3\\finalProject\\server\\h8-kulioh-client-server\\routers\\userAdminRoute.js","statementMap":{"0":{"start":{"line":1,"column":16},"end":{"line":1,"column":34}},"1":{"start":{"line":2,"column":15},"end":{"line":2,"column":31}},"2":{"start":{"line":3,"column":32},"end":{"line":3,"column":67}},"3":{"start":{"line":4,"column":22},"end":{"line":4,"column":56}},"4":{"start":{"line":5,"column":20},"end":{"line":5,"column":58}},"5":{"start":{"line":6,"column":21},"end":{"line":6,"column":58}},"6":{"start":{"line":9,"column":0},"end":{"line":9,"column":55}},"7":{"start":{"line":10,"column":0},"end":{"line":10,"column":49}},"8":{"start":{"line":12,"column":0},"end":{"line":12,"column":21}},"9":{"start":{"line":14,"column":0},"end":{"line":14,"column":83}},"10":{"start":{"line":15,"column":0},"end":{"line":15,"column":86}},"11":{"start":{"line":16,"column":0},"end":{"line":16,"column":89}},"12":{"start":{"line":18,"column":0},"end":{"line":18,"column":79}},"13":{"start":{"line":19,"column":0},"end":{"line":19,"column":83}},"14":{"start":{"line":20,"column":0},"end":{"line":20,"column":85}},"15":{"start":{"line":22,"column":0},"end":{"line":22,"column":80}},"16":{"start":{"line":23,"column":0},"end":{"line":23,"column":83}},"17":{"start":{"line":24,"column":0},"end":{"line":24,"column":86}},"18":{"start":{"line":26,"column":0},"end":{"line":26,"column":85}},"19":{"start":{"line":32,"column":0},"end":{"line":32,"column":24}},"20":{"start":{"line":39,"column":0},"end":{"line":39,"column":24}}},"fnMap":{},"branchMap":{},"s":{"0":5,"1":5,"2":5,"3":5,"4":5,"5":5,"6":5,"7":5,"8":5,"9":5,"10":5,"11":5,"12":5,"13":5,"14":5,"15":5,"16":5,"17":5,"18":5,"19":5,"20":5},"f":{},"b":{},"_coverageSchema":"1a1c01bbd47fc00a2c39e90264f33305004495a9","hash":"e085a8f187fbb6ea6c6fb98c6deaf3448c39e9ef"}
,"C:\\Hactive8\\WARSAW-FOX\\fase-3\\finalProject\\server\\h8-kulioh-client-server\\routers\\userRoutes.js": {"path":"C:\\Hactive8\\WARSAW-FOX\\fase-3\\finalProject\\server\\h8-kulioh-client-server\\routers\\userRoutes.js","statementMap":{"0":{"start":{"line":1,"column":16},"end":{"line":1,"column":34}},"1":{"start":{"line":2,"column":15},"end":{"line":2,"column":31}},"2":{"start":{"line":3,"column":25},"end":{"line":3,"column":55}},"3":{"start":{"line":4,"column":22},"end":{"line":4,"column":56}},"4":{"start":{"line":5,"column":21},"end":{"line":5,"column":58}},"5":{"start":{"line":8,"column":0},"end":{"line":8,"column":49}},"6":{"start":{"line":9,"column":0},"end":{"line":9,"column":43}},"7":{"start":{"line":11,"column":0},"end":{"line":11,"column":21}},"8":{"start":{"line":13,"column":0},"end":{"line":13,"column":49}},"9":{"start":{"line":14,"column":0},"end":{"line":14,"column":49}},"10":{"start":{"line":16,"column":0},"end":{"line":16,"column":43}},"11":{"start":{"line":17,"column":0},"end":{"line":17,"column":51}},"12":{"start":{"line":18,"column":0},"end":{"line":18,"column":61}},"13":{"start":{"line":20,"column":0},"end":{"line":20,"column":59}},"14":{"start":{"line":21,"column":0},"end":{"line":21,"column":51}},"15":{"start":{"line":24,"column":0},"end":{"line":24,"column":24}},"16":{"start":{"line":30,"column":0},"end":{"line":30,"column":23}}},"fnMap":{},"branchMap":{},"s":{"0":5,"1":5,"2":5,"3":5,"4":5,"5":5,"6":5,"7":5,"8":5,"9":5,"10":5,"11":5,"12":5,"13":5,"14":5,"15":5,"16":5},"f":{},"b":{},"_coverageSchema":"1a1c01bbd47fc00a2c39e90264f33305004495a9","hash":"099c26d9963fb1170754fb147993fd577d0fe12f"}
}
