TN:
SF:app.js
FNF:0
FNH:0
DA:1,2
DA:2,2
DA:3,2
DA:4,2
DA:5,2
DA:6,2
DA:8,2
DA:9,2
DA:10,2
DA:12,2
DA:14,2
LF:11
LH:11
BRDA:5,0,0,2
BRDA:5,0,1,2
BRF:2
BRH:2
end_of_record
TN:
SF:controllers\chapters.js
FN:4,(anonymous_0)
FNF:1
FNH:0
FNDA:0,(anonymous_0)
DA:1,2
DA:5,0
DA:6,0
DA:8,0
DA:10,0
DA:15,2
LF:6
LH:2
BRF:0
BRH:0
end_of_record
TN:
SF:controllers\majors.js
FN:4,(anonymous_0)
FNF:1
FNH:0
FNDA:0,(anonymous_0)
DA:1,2
DA:5,0
DA:6,0
DA:8,0
DA:13,0
DA:14,0
DA:19,0
DA:21,0
DA:22,0
DA:25,0
DA:27,0
DA:32,2
LF:12
LH:2
BRDA:13,0,0,0
BRDA:13,0,1,0
BRDA:21,1,0,0
BRDA:21,1,1,0
BRF:4
BRH:0
end_of_record
TN:
SF:controllers\question.js
FN:4,(anonymous_0)
FN:21,(anonymous_1)
FN:25,(anonymous_2)
FN:42,(anonymous_3)
FN:53,changeDate
FN:63,(anonymous_5)
FNF:6
FNH:0
FNDA:0,(anonymous_0)
FNDA:0,(anonymous_1)
FNDA:0,(anonymous_2)
FNDA:0,(anonymous_3)
FNDA:0,changeDate
FNDA:0,(anonymous_5)
DA:1,2
DA:5,0
DA:6,0
DA:15,0
DA:17,0
DA:22,0
DA:23,0
DA:25,0
DA:26,0
DA:33,0
DA:34,0
DA:37,0
DA:38,0
DA:43,0
DA:44,0
DA:45,0
DA:46,0
DA:54,0
DA:55,0
DA:62,0
DA:63,0
DA:66,0
DA:67,0
DA:69,0
DA:71,0
DA:76,2
LF:26
LH:2
BRDA:66,0,0,0
BRDA:66,0,1,0
BRF:2
BRH:0
end_of_record
TN:
SF:controllers\questionWeekly.js
FN:10,(anonymous_0)
FN:17,changeDate
FN:26,(anonymous_2)
FN:35,(anonymous_3)
FN:39,(anonymous_4)
FN:55,(anonymous_5)
FNF:6
FNH:0
FNDA:0,(anonymous_0)
FNDA:0,changeDate
FNDA:0,(anonymous_2)
FNDA:0,(anonymous_3)
FNDA:0,(anonymous_4)
FNDA:0,(anonymous_5)
DA:7,2
DA:11,0
DA:12,0
DA:13,0
DA:18,0
DA:25,0
DA:26,0
DA:29,0
DA:31,0
DA:36,0
DA:37,0
DA:39,0
DA:40,0
DA:47,0
DA:48,0
DA:50,0
DA:51,0
DA:56,0
DA:57,0
DA:59,0
DA:67,0
DA:69,0
DA:70,0
DA:75,2
LF:24
LH:2
BRF:0
BRH:0
end_of_record
TN:
SF:controllers\tasks.js
FN:4,(anonymous_0)
FNF:1
FNH:0
FNDA:0,(anonymous_0)
DA:1,2
DA:5,0
DA:6,0
DA:10,0
DA:12,0
DA:17,2
LF:6
LH:2
BRF:0
BRH:0
end_of_record
TN:
SF:controllers\todos.js
FN:4,(anonymous_0)
FN:28,(anonymous_1)
FNF:2
FNH:0
FNDA:0,(anonymous_0)
FNDA:0,(anonymous_1)
DA:1,2
DA:5,0
DA:6,0
DA:7,0
DA:22,0
DA:24,0
DA:29,0
DA:30,0
DA:31,0
DA:33,0
DA:35,0
DA:47,0
DA:48,0
DA:50,0
DA:53,0
DA:58,2
LF:16
LH:2
BRDA:47,0,0,0
BRDA:47,0,1,0
BRF:2
BRH:0
end_of_record
TN:
SF:controllers\universities.js
FN:4,(anonymous_0)
FN:29,(anonymous_1)
FNF:2
FNH:0
FNDA:0,(anonymous_0)
FNDA:0,(anonymous_1)
DA:1,2
DA:5,0
DA:6,0
DA:8,0
DA:12,0
DA:13,0
DA:17,0
DA:19,0
DA:20,0
DA:23,0
DA:25,0
DA:30,0
DA:31,0
DA:33,0
DA:35,0
DA:36,0
DA:39,0
DA:41,0
DA:46,2
LF:19
LH:2
BRDA:12,0,0,0
BRDA:12,0,1,0
BRDA:19,1,0,0
BRDA:19,1,1,0
BRDA:35,2,0,0
BRDA:35,2,1,0
BRF:6
BRH:0
end_of_record
TN:
SF:controllers\user.js
FN:22,(anonymous_0)
FN:42,(anonymous_1)
FN:51,(anonymous_2)
FN:73,(anonymous_3)
FN:119,(anonymous_4)
FN:136,(anonymous_5)
FN:168,(anonymous_6)
FN:228,(anonymous_7)
FN:252,(anonymous_8)
FN:318,(anonymous_9)
FN:349,(anonymous_10)
FNF:11
FNH:3
FNDA:4,(anonymous_0)
FNDA:2,(anonymous_1)
FNDA:0,(anonymous_2)
FNDA:4,(anonymous_3)
FNDA:0,(anonymous_4)
FNDA:0,(anonymous_5)
FNDA:0,(anonymous_6)
FNDA:0,(anonymous_7)
FNDA:0,(anonymous_8)
FNDA:0,(anonymous_9)
FNDA:0,(anonymous_10)
DA:5,2
DA:17,2
DA:18,2
DA:19,2
DA:23,4
DA:24,4
DA:25,4
DA:26,4
DA:27,4
DA:29,4
DA:30,1
DA:33,3
DA:34,1
DA:37,2
DA:38,1
DA:41,1
DA:42,1
DA:43,2
DA:48,1
DA:50,1
DA:51,1
DA:52,0
DA:58,1
DA:60,1
DA:65,1
DA:66,1
DA:68,3
DA:69,3
DA:74,4
DA:75,4
DA:76,4
DA:77,2
DA:80,2
DA:81,0
DA:84,2
DA:91,2
DA:92,1
DA:95,1
DA:97,1
DA:98,0
DA:101,1
DA:107,1
DA:109,1
DA:115,3
DA:120,0
DA:121,0
DA:122,0
DA:130,0
DA:132,0
DA:137,0
DA:138,0
DA:139,0
DA:141,0
DA:142,0
DA:145,0
DA:146,0
DA:149,0
DA:150,0
DA:153,0
DA:154,0
DA:156,0
DA:162,0
DA:164,0
DA:169,0
DA:170,0
DA:171,0
DA:172,0
DA:175,0
DA:177,0
DA:178,0
DA:180,0
DA:181,0
DA:184,0
DA:185,0
DA:188,0
DA:189,0
DA:192,0
DA:193,0
DA:196,0
DA:202,0
DA:204,0
DA:216,0
DA:218,0
DA:219,0
DA:222,0
DA:224,0
DA:229,0
DA:230,0
DA:231,0
DA:233,0
DA:242,0
DA:243,0
DA:245,0
DA:248,0
DA:253,0
DA:254,0
DA:259,0
DA:260,0
DA:261,0
DA:262,0
DA:263,0
DA:264,0
DA:265,0
DA:266,0
DA:267,0
DA:268,0
DA:269,0
DA:270,0
DA:271,0
DA:272,0
DA:274,0
DA:275,0
DA:276,0
DA:277,0
DA:279,0
DA:281,0
DA:282,0
DA:283,0
DA:284,0
DA:286,0
DA:288,0
DA:289,0
DA:290,0
DA:291,0
DA:293,0
DA:295,0
DA:296,0
DA:297,0
DA:298,0
DA:300,0
DA:304,0
DA:314,0
DA:319,0
DA:320,0
DA:321,0
DA:329,0
DA:330,0
DA:341,0
DA:342,0
DA:344,0
DA:345,0
DA:352,2
LF:142
LH:42
BRDA:29,0,0,1
BRDA:29,0,1,3
BRDA:33,1,0,1
BRDA:33,1,1,2
BRDA:37,2,0,1
BRDA:37,2,1,1
BRDA:76,3,0,2
BRDA:76,3,1,2
BRDA:80,4,0,0
BRDA:80,4,1,2
BRDA:91,5,0,1
BRDA:91,5,1,1
BRDA:97,6,0,0
BRDA:97,6,1,1
BRDA:141,7,0,0
BRDA:141,7,1,0
BRDA:145,8,0,0
BRDA:145,8,1,0
BRDA:149,9,0,0
BRDA:149,9,1,0
BRDA:171,10,0,0
BRDA:171,10,1,0
BRDA:180,11,0,0
BRDA:180,11,1,0
BRDA:184,12,0,0
BRDA:184,12,1,0
BRDA:188,13,0,0
BRDA:188,13,1,0
BRDA:192,14,0,0
BRDA:192,14,1,0
BRDA:218,15,0,0
BRDA:218,15,1,0
BRDA:242,16,0,0
BRDA:242,16,1,0
BRDA:269,17,0,0
BRDA:269,17,1,0
BRDA:272,18,0,0
BRDA:272,18,1,0
BRDA:272,18,2,0
BRDA:272,18,3,0
BRDA:275,19,0,0
BRDA:275,19,1,0
BRDA:282,20,0,0
BRDA:282,20,1,0
BRDA:289,21,0,0
BRDA:289,21,1,0
BRDA:296,22,0,0
BRDA:296,22,1,0
BRF:48
BRH:12
end_of_record
TN:
SF:controllers\userAdmin.js
FN:24,(anonymous_0)
FN:55,(anonymous_1)
FN:96,(anonymous_2)
FN:121,(anonymous_3)
FN:139,(anonymous_4)
FN:212,(anonymous_5)
FN:243,(anonymous_6)
FN:267,(anonymous_7)
FN:293,(anonymous_8)
FN:329,(anonymous_9)
FN:373,(anonymous_10)
FN:405,(anonymous_11)
FN:434,(anonymous_12)
FN:479,(anonymous_13)
FNF:14
FNH:0
FNDA:0,(anonymous_0)
FNDA:0,(anonymous_1)
FNDA:0,(anonymous_2)
FNDA:0,(anonymous_3)
FNDA:0,(anonymous_4)
FNDA:0,(anonymous_5)
FNDA:0,(anonymous_6)
FNDA:0,(anonymous_7)
FNDA:0,(anonymous_8)
FNDA:0,(anonymous_9)
FNDA:0,(anonymous_10)
FNDA:0,(anonymous_11)
FNDA:0,(anonymous_12)
FNDA:0,(anonymous_13)
DA:5,2
DA:19,2
DA:20,2
DA:21,2
DA:25,0
DA:26,0
DA:27,0
DA:28,0
DA:30,0
DA:31,0
DA:34,0
DA:35,0
DA:38,0
DA:39,0
DA:42,0
DA:44,0
DA:49,0
DA:51,0
DA:56,0
DA:57,0
DA:58,0
DA:59,0
DA:62,0
DA:63,0
DA:66,0
DA:72,0
DA:73,0
DA:76,0
DA:78,0
DA:79,0
DA:82,0
DA:88,0
DA:90,0
DA:92,0
DA:97,0
DA:99,0
DA:100,0
DA:101,0
DA:102,0
DA:104,0
DA:105,0
DA:107,0
DA:108,0
DA:110,0
DA:111,0
DA:113,0
DA:114,0
DA:117,0
DA:119,0
DA:121,0
DA:122,0
DA:129,0
DA:130,0
DA:131,0
DA:133,0
DA:135,0
DA:140,0
DA:141,0
DA:142,0
DA:143,0
DA:144,0
DA:147,0
DA:148,0
DA:157,0
DA:166,0
DA:175,0
DA:184,0
DA:193,0
DA:203,0
DA:204,0
DA:206,0
DA:208,0
DA:213,0
DA:215,0
DA:216,0
DA:217,0
DA:218,0
DA:219,0
DA:221,0
DA:222,0
DA:224,0
DA:225,0
DA:227,0
DA:228,0
DA:230,0
DA:231,0
DA:234,0
DA:236,0
DA:243,0
DA:244,0
DA:251,0
DA:258,0
DA:259,0
DA:260,0
DA:262,0
DA:263,0
DA:268,0
DA:270,0
DA:271,0
DA:272,0
DA:279,0
DA:285,0
DA:286,0
DA:288,0
DA:289,0
DA:294,0
DA:296,0
DA:297,0
DA:299,0
DA:300,0
DA:302,0
DA:303,0
DA:305,0
DA:306,0
DA:309,0
DA:311,0
DA:313,0
DA:318,0
DA:319,0
DA:321,0
DA:323,0
DA:325,0
DA:330,0
DA:332,0
DA:333,0
DA:334,0
DA:336,0
DA:337,0
DA:339,0
DA:340,0
DA:342,0
DA:343,0
DA:346,0
DA:348,0
DA:355,0
DA:364,0
DA:366,0
DA:368,0
DA:369,0
DA:374,0
DA:376,0
DA:377,0
DA:379,0
DA:386,0
DA:387,0
DA:390,0
DA:396,0
DA:398,0
DA:400,0
DA:401,0
DA:406,0
DA:408,0
DA:409,0
DA:410,0
DA:411,0
DA:413,0
DA:414,0
DA:417,0
DA:419,0
DA:424,0
DA:425,0
DA:426,0
DA:428,0
DA:430,0
DA:435,0
DA:437,0
DA:438,0
DA:439,0
DA:440,0
DA:441,0
DA:443,0
DA:444,0
DA:447,0
DA:457,0
DA:458,0
DA:461,0
DA:470,0
DA:471,0
DA:473,0
DA:475,0
DA:480,0
DA:482,0
DA:483,0
DA:485,0
DA:492,0
DA:493,0
DA:496,0
DA:502,0
DA:503,0
DA:505,0
DA:507,0
DA:512,2
LF:192
LH:5
BRDA:30,0,0,0
BRDA:30,0,1,0
BRDA:34,1,0,0
BRDA:34,1,1,0
BRDA:38,2,0,0
BRDA:38,2,1,0
BRDA:58,3,0,0
BRDA:58,3,1,0
BRDA:62,4,0,0
BRDA:62,4,1,0
BRDA:72,5,0,0
BRDA:72,5,1,0
BRDA:78,6,0,0
BRDA:78,6,1,0
BRDA:101,7,0,0
BRDA:101,7,1,0
BRDA:104,8,0,0
BRDA:104,8,1,0
BRDA:107,9,0,0
BRDA:107,9,1,0
BRDA:110,10,0,0
BRDA:110,10,1,0
BRDA:113,11,0,0
BRDA:113,11,1,0
BRDA:143,12,0,0
BRDA:143,12,1,0
BRDA:218,13,0,0
BRDA:218,13,1,0
BRDA:221,14,0,0
BRDA:221,14,1,0
BRDA:224,15,0,0
BRDA:224,15,1,0
BRDA:227,16,0,0
BRDA:227,16,1,0
BRDA:230,17,0,0
BRDA:230,17,1,0
BRDA:299,18,0,0
BRDA:299,18,1,0
BRDA:302,19,0,0
BRDA:302,19,1,0
BRDA:305,20,0,0
BRDA:305,20,1,0
BRDA:336,21,0,0
BRDA:336,21,1,0
BRDA:339,22,0,0
BRDA:339,22,1,0
BRDA:342,23,0,0
BRDA:342,23,1,0
BRDA:386,24,0,0
BRDA:386,24,1,0
BRDA:410,25,0,0
BRDA:410,25,1,0
BRDA:413,26,0,0
BRDA:413,26,1,0
BRDA:440,27,0,0
BRDA:440,27,1,0
BRDA:443,28,0,0
BRDA:443,28,1,0
BRDA:457,29,0,0
BRDA:457,29,1,0
BRDA:492,30,0,0
BRDA:492,30,1,0
BRF:62
BRH:0
end_of_record
TN:
SF:helpers\jwt&bcrypt.js
FN:5,hashPass
FN:9,verifiedPass
FN:13,createToken
FN:17,verifiedToken
FNF:4
FNH:3
FNDA:3,hashPass
FNDA:1,verifiedPass
FNDA:3,createToken
FNDA:0,verifiedToken
DA:1,2
DA:2,2
DA:3,2
DA:6,3
DA:10,1
DA:14,3
DA:18,0
DA:21,2
LF:8
LH:7
BRF:0
BRH:0
end_of_record
TN:
SF:middleware\authentif.js
FN:4,(anonymous_0)
FNF:1
FNH:0
FNDA:0,(anonymous_0)
DA:1,2
DA:2,2
DA:4,2
DA:5,0
DA:6,0
DA:7,0
DA:8,0
DA:11,0
DA:13,0
DA:20,0
DA:21,0
DA:24,0
DA:31,0
DA:33,0
DA:37,2
LF:15
LH:4
BRDA:7,0,0,0
BRDA:7,0,1,0
BRDA:20,1,0,0
BRDA:20,1,1,0
BRF:4
BRH:0
end_of_record
TN:
SF:middleware\authorization.js
FN:3,(anonymous_0)
FNF:1
FNH:0
FNDA:0,(anonymous_0)
DA:1,2
DA:3,2
DA:4,0
DA:5,0
DA:6,0
DA:7,0
DA:8,0
DA:10,0
DA:12,0
DA:16,2
LF:10
LH:3
BRDA:7,0,0,0
BRDA:7,0,1,0
BRF:2
BRH:0
end_of_record
TN:
SF:middleware\errorHandler.js
FN:1,(anonymous_0)
FNF:1
FNH:1
FNDA:6,(anonymous_0)
DA:1,2
DA:2,6
DA:3,6
DA:4,6
DA:6,6
DA:7,1
DA:8,1
DA:11,6
DA:12,5
DA:13,5
DA:16,6
DA:17,0
DA:18,0
DA:21,6
DA:24,2
LF:15
LH:13
BRDA:6,0,0,1
BRDA:6,0,1,5
BRDA:11,1,0,5
BRDA:11,1,1,1
BRDA:11,2,0,6
BRDA:11,2,1,3
BRDA:11,2,2,2
BRDA:16,3,0,0
BRDA:16,3,1,6
BRF:9
BRH:8
end_of_record
TN:
SF:models\answer.js
FN:5,(anonymous_0)
FN:12,(anonymous_1)
FNF:2
FNH:2
FNDA:2,(anonymous_0)
FNDA:2,(anonymous_1)
DA:4,2
DA:5,2
DA:14,2
DA:18,2
DA:24,2
DA:32,2
LF:6
LH:6
BRF:0
BRH:0
end_of_record
TN:
SF:models\answerweeklytest.js
FN:5,(anonymous_0)
FN:12,(anonymous_1)
FNF:2
FNH:2
FNDA:2,(anonymous_0)
FNDA:2,(anonymous_1)
DA:4,2
DA:5,2
DA:14,2
DA:18,2
DA:23,2
DA:31,2
LF:6
LH:6
BRF:0
BRH:0
end_of_record
TN:
SF:models\chapter.js
FN:5,(anonymous_0)
FN:12,(anonymous_1)
FNF:2
FNH:2
FNDA:2,(anonymous_0)
FNDA:2,(anonymous_1)
DA:4,2
DA:5,2
DA:13,2
DA:18,2
DA:25,2
LF:5
LH:5
BRF:0
BRH:0
end_of_record
TN:
SF:models\index.js
FN:20,(anonymous_0)
FN:23,(anonymous_1)
FN:28,(anonymous_2)
FNF:3
FNH:3
FNDA:30,(anonymous_0)
FNDA:28,(anonymous_1)
FNDA:28,(anonymous_2)
DA:3,2
DA:4,2
DA:5,2
DA:6,2
DA:7,2
DA:8,2
DA:9,2
DA:12,2
DA:13,0
DA:15,2
DA:18,2
DA:21,30
DA:24,28
DA:25,28
DA:28,2
DA:29,28
DA:30,28
DA:34,2
DA:35,2
DA:37,2
LF:20
LH:19
BRDA:7,0,0,2
BRDA:7,0,1,0
BRDA:12,1,0,0
BRDA:12,1,1,2
BRDA:21,2,0,30
BRDA:21,2,1,30
BRDA:21,2,2,28
BRDA:29,3,0,28
BRDA:29,3,1,0
BRF:9
BRH:6
end_of_record
TN:
SF:models\major.js
FN:5,(anonymous_0)
FN:12,(anonymous_1)
FNF:2
FNH:2
FNDA:2,(anonymous_0)
FNDA:2,(anonymous_1)
DA:4,2
DA:5,2
DA:14,2
DA:19,2
DA:25,2
LF:5
LH:5
BRF:0
BRH:0
end_of_record
TN:
SF:models\question.js
FN:5,(anonymous_0)
FN:12,(anonymous_1)
FNF:2
FNH:2
FNDA:2,(anonymous_0)
FNDA:2,(anonymous_1)
DA:4,2
DA:5,2
DA:14,2
DA:15,2
DA:20,2
DA:28,2
LF:6
LH:6
BRF:0
BRH:0
end_of_record
TN:
SF:models\questionkey.js
FN:5,(anonymous_0)
FN:12,(anonymous_1)
FNF:2
FNH:2
FNDA:2,(anonymous_0)
FNDA:2,(anonymous_1)
DA:4,2
DA:5,2
DA:16,2
DA:24,2
LF:4
LH:4
BRF:0
BRH:0
end_of_record
TN:
SF:models\questionkeyweeklytest.js
FN:5,(anonymous_0)
FN:12,(anonymous_1)
FNF:2
FNH:2
FNDA:2,(anonymous_0)
FNDA:2,(anonymous_1)
DA:4,2
DA:5,2
DA:14,2
DA:19,2
DA:27,2
LF:5
LH:5
BRF:0
BRH:0
end_of_record
TN:
SF:models\questionweeklytest.js
FN:5,(anonymous_0)
FN:12,(anonymous_1)
FNF:2
FNH:2
FNDA:2,(anonymous_0)
FNDA:2,(anonymous_1)
DA:4,2
DA:5,2
DA:14,2
DA:18,2
DA:23,2
DA:31,2
LF:6
LH:6
BRF:0
BRH:0
end_of_record
TN:
SF:models\task.js
FN:5,(anonymous_0)
FN:12,(anonymous_1)
FNF:2
FNH:2
FNDA:2,(anonymous_0)
FNDA:2,(anonymous_1)
DA:4,2
DA:5,2
DA:13,2
DA:17,2
DA:22,2
DA:29,2
LF:6
LH:6
BRF:0
BRH:0
end_of_record
TN:
SF:models\todo.js
FN:5,(anonymous_0)
FN:12,(anonymous_1)
FNF:2
FNH:2
FNDA:2,(anonymous_0)
FNDA:2,(anonymous_1)
DA:4,2
DA:5,2
DA:13,2
DA:17,2
DA:22,2
DA:30,2
LF:6
LH:6
BRF:0
BRH:0
end_of_record
TN:
SF:models\university.js
FN:5,(anonymous_0)
FN:12,(anonymous_1)
FNF:2
FNH:2
FNDA:2,(anonymous_0)
FNDA:2,(anonymous_1)
DA:4,2
DA:5,2
DA:14,2
DA:19,2
DA:25,2
LF:5
LH:5
BRF:0
BRH:0
end_of_record
TN:
SF:models\user.js
FN:4,(anonymous_0)
FN:11,(anonymous_1)
FN:42,(anonymous_2)
FNF:3
FNH:3
FNDA:2,(anonymous_0)
FNDA:2,(anonymous_1)
FNDA:3,(anonymous_2)
DA:2,2
DA:3,2
DA:4,2
DA:13,2
DA:14,2
DA:18,2
DA:22,2
DA:26,2
DA:31,2
DA:43,3
DA:48,2
LF:11
LH:11
BRF:0
BRH:0
end_of_record
TN:
SF:models\usermajor.js
FN:5,(anonymous_0)
FN:12,(anonymous_1)
FNF:2
FNH:2
FNDA:2,(anonymous_0)
FNDA:2,(anonymous_1)
DA:4,2
DA:5,2
DA:14,2
DA:17,2
DA:24,2
LF:5
LH:5
BRF:0
BRH:0
end_of_record
TN:
SF:models\videopremium.js
FN:5,(anonymous_0)
FN:12,(anonymous_1)
FNF:2
FNH:2
FNDA:2,(anonymous_0)
FNDA:2,(anonymous_1)
DA:4,2
DA:5,2
DA:16,2
DA:23,2
LF:4
LH:4
BRF:0
BRH:0
end_of_record
TN:
SF:routers\chapterRoute.js
FNF:0
FNH:0
DA:1,2
DA:2,2
DA:3,2
DA:4,2
DA:5,2
DA:7,2
DA:9,2
DA:11,2
DA:13,2
LF:9
LH:9
BRF:0
BRH:0
end_of_record
TN:
SF:routers\index.js
FNF:0
FNH:0
DA:1,2
DA:2,2
DA:4,2
DA:5,2
DA:6,2
DA:7,2
DA:8,2
DA:9,2
DA:10,2
DA:11,2
DA:12,2
DA:13,2
DA:15,2
DA:16,2
DA:17,2
DA:18,2
DA:19,2
DA:20,2
DA:21,2
DA:22,2
DA:23,2
DA:27,2
DA:29,2
LF:23
LH:23
BRF:0
BRH:0
end_of_record
TN:
SF:routers\majorRoutes.js
FNF:0
FNH:0
DA:1,2
DA:2,2
DA:3,2
DA:4,2
DA:6,2
DA:8,2
DA:10,2
LF:7
LH:7
BRF:0
BRH:0
end_of_record
TN:
SF:routers\questionRoutes.js
FNF:0
FNH:0
DA:1,2
DA:2,2
DA:3,2
DA:4,2
DA:5,2
DA:7,2
DA:9,2
DA:10,2
DA:11,2
DA:13,2
DA:15,2
LF:11
LH:11
BRF:0
BRH:0
end_of_record
TN:
SF:routers\questionWeeklyRoute.js
FNF:0
FNH:0
DA:1,2
DA:2,2
DA:3,2
DA:4,2
DA:6,2
DA:7,2
DA:8,2
DA:9,2
DA:14,2
LF:9
LH:9
BRF:0
BRH:0
end_of_record
TN:
SF:routers\tasksRoute.js
FNF:0
FNH:0
DA:1,2
DA:2,2
DA:3,2
DA:4,2
DA:5,2
DA:7,2
DA:9,2
DA:11,2
DA:13,2
LF:9
LH:9
BRF:0
BRH:0
end_of_record
TN:
SF:routers\todoRouter.js
FNF:0
FNH:0
DA:1,2
DA:2,2
DA:3,2
DA:4,2
DA:5,2
DA:7,2
DA:8,2
DA:9,2
DA:11,2
DA:13,2
LF:10
LH:10
BRF:0
BRH:0
end_of_record
TN:
SF:routers\universityRoutes.js
FNF:0
FNH:0
DA:1,2
DA:2,2
DA:3,2
DA:4,2
DA:6,2
DA:7,2
DA:9,2
DA:11,2
LF:8
LH:8
BRF:0
BRH:0
end_of_record
TN:
SF:routers\userAdminRoute.js
FNF:0
FNH:0
DA:1,2
DA:2,2
DA:3,2
DA:4,2
DA:5,2
DA:6,2
DA:9,2
DA:10,2
DA:12,2
DA:14,2
DA:15,2
DA:16,2
DA:18,2
DA:19,2
DA:20,2
DA:22,2
DA:23,2
DA:24,2
DA:26,2
DA:32,2
DA:39,2
LF:21
LH:21
BRF:0
BRH:0
end_of_record
TN:
SF:routers\userRoutes.js
FNF:0
FNH:0
DA:1,2
DA:2,2
DA:3,2
DA:4,2
DA:5,2
DA:8,2
DA:9,2
DA:11,2
DA:13,2
DA:14,2
DA:16,2
DA:17,2
DA:19,2
DA:20,2
DA:23,2
DA:29,2
LF:16
LH:16
BRF:0
BRH:0
end_of_record
